<?xml version="1.0" encoding="UTF-8"?>
<coverage generated="1771753138333" clover="3.2.0">
  <project timestamp="1771753138333" name="All files">
    <metrics statements="539" coveredstatements="482" conditionals="295" coveredconditionals="202" methods="73" coveredmethods="64" elements="907" coveredelements="748" complexity="0" loc="539" ncloc="539" packages="3" files="12" classes="12"/>
    <package name="Anima">
      <metrics statements="20" coveredstatements="20" conditionals="8" coveredconditionals="6" methods="2" coveredmethods="2"/>
      <file name="reset.js" path="/home/heather/Documents/Code/Anima/reset.js">
        <metrics statements="20" coveredstatements="20" conditionals="8" coveredconditionals="6" methods="2" coveredmethods="2"/>
        <line num="1" count="1" type="stmt"/>
        <line num="2" count="1" type="stmt"/>
        <line num="4" count="1" type="stmt"/>
        <line num="6" count="1" type="stmt"/>
        <line num="7" count="1" type="stmt"/>
        <line num="10" count="1" type="stmt"/>
        <line num="17" count="1" type="stmt"/>
        <line num="18" count="4" type="cond" truecount="1" falsecount="1"/>
        <line num="19" count="4" type="stmt"/>
        <line num="20" count="4" type="stmt"/>
        <line num="25" count="1" type="cond" truecount="1" falsecount="1"/>
        <line num="26" count="1" type="stmt"/>
        <line num="27" count="1" type="stmt"/>
        <line num="28" count="2" type="cond" truecount="4" falsecount="0"/>
        <line num="29" count="1" type="stmt"/>
        <line num="30" count="1" type="stmt"/>
        <line num="36" count="1" type="stmt"/>
        <line num="70" count="1" type="stmt"/>
        <line num="71" count="1" type="stmt"/>
        <line num="73" count="1" type="stmt"/>
      </file>
    </package>
    <package name="Anima.Plugins">
      <metrics statements="165" coveredstatements="136" conditionals="106" coveredconditionals="60" methods="26" coveredmethods="18"/>
      <file name="Anthropic.js" path="/home/heather/Documents/Code/Anima/Plugins/Anthropic.js">
        <metrics statements="32" coveredstatements="25" conditionals="20" coveredconditionals="10" methods="9" coveredmethods="5"/>
        <line num="1" count="1" type="stmt"/>
        <line num="2" count="1" type="stmt"/>
        <line num="3" count="1" type="stmt"/>
        <line num="5" count="1" type="stmt"/>
        <line num="6" count="1" type="stmt"/>
        <line num="7" count="1" type="cond" truecount="1" falsecount="1"/>
        <line num="8" count="0" type="stmt"/>
        <line num="12" count="1" type="stmt"/>
        <line num="15" count="1" type="cond" truecount="1" falsecount="0"/>
        <line num="16" count="1" type="stmt"/>
        <line num="18" count="1" type="stmt"/>
        <line num="26" count="1" type="stmt"/>
        <line num="27" count="1" type="stmt"/>
        <line num="28" count="0" type="stmt"/>
        <line num="32" count="0" type="stmt"/>
        <line num="38" count="1" type="stmt"/>
        <line num="44" count="1" type="cond" truecount="1" falsecount="1"/>
        <line num="45" count="0" type="stmt"/>
        <line num="48" count="1" type="cond" truecount="1" falsecount="1"/>
        <line num="49" count="0" type="stmt"/>
        <line num="56" count="1" type="cond" truecount="2" falsecount="0"/>
        <line num="62" count="1" type="cond" truecount="1" falsecount="1"/>
        <line num="63" count="0" type="stmt"/>
        <line num="64" count="0" type="stmt"/>
        <line num="69" count="1" type="stmt"/>
        <line num="72" count="1" type="stmt"/>
        <line num="74" count="1" type="cond" truecount="1" falsecount="1"/>
        <line num="77" count="2" type="stmt"/>
        <line num="78" count="1" type="cond" truecount="1" falsecount="1"/>
        <line num="79" count="1" type="stmt"/>
        <line num="89" count="1" type="stmt"/>
        <line num="94" count="1" type="stmt"/>
      </file>
      <file name="DeepSeek.js" path="/home/heather/Documents/Code/Anima/Plugins/DeepSeek.js">
        <metrics statements="22" coveredstatements="17" conditionals="16" coveredconditionals="9" methods="2" coveredmethods="2"/>
        <line num="1" count="1" type="stmt"/>
        <line num="2" count="1" type="stmt"/>
        <line num="3" count="1" type="stmt"/>
        <line num="5" count="1" type="stmt"/>
        <line num="6" count="1" type="stmt"/>
        <line num="7" count="1" type="cond" truecount="1" falsecount="1"/>
        <line num="8" count="0" type="stmt"/>
        <line num="12" count="1" type="stmt"/>
        <line num="15" count="1" type="cond" truecount="1" falsecount="0"/>
        <line num="16" count="1" type="stmt"/>
        <line num="18" count="1" type="stmt"/>
        <line num="23" count="1" type="stmt"/>
        <line num="28" count="1" type="cond" truecount="1" falsecount="1"/>
        <line num="29" count="0" type="stmt"/>
        <line num="32" count="1" type="stmt"/>
        <line num="41" count="1" type="cond" truecount="3" falsecount="1"/>
        <line num="42" count="0" type="stmt"/>
        <line num="47" count="1" type="cond" truecount="1" falsecount="1"/>
        <line num="48" count="0" type="stmt"/>
        <line num="49" count="0" type="stmt"/>
        <line num="54" count="1" type="stmt"/>
        <line num="57" count="1" type="stmt"/>
      </file>
      <file name="Gemini.js" path="/home/heather/Documents/Code/Anima/Plugins/Gemini.js">
        <metrics statements="36" coveredstatements="26" conditionals="22" coveredconditionals="10" methods="8" coveredmethods="4"/>
        <line num="1" count="1" type="stmt"/>
        <line num="2" count="1" type="stmt"/>
        <line num="3" count="1" type="stmt"/>
        <line num="5" count="1" type="stmt"/>
        <line num="6" count="1" type="stmt"/>
        <line num="7" count="1" type="cond" truecount="1" falsecount="1"/>
        <line num="8" count="0" type="stmt"/>
        <line num="12" count="1" type="stmt"/>
        <line num="15" count="1" type="cond" truecount="1" falsecount="0"/>
        <line num="16" count="1" type="stmt"/>
        <line num="18" count="1" type="stmt"/>
        <line num="19" count="1" type="cond" truecount="1" falsecount="2"/>
        <line num="21" count="1" type="stmt"/>
        <line num="24" count="1" type="stmt"/>
        <line num="25" count="0" type="stmt"/>
        <line num="27" count="0" type="stmt"/>
        <line num="28" count="0" type="cond" truecount="0" falsecount="2"/>
        <line num="29" count="0" type="stmt"/>
        <line num="35" count="1" type="stmt"/>
        <line num="37" count="1" type="stmt"/>
        <line num="41" count="1" type="cond" truecount="1" falsecount="1"/>
        <line num="42" count="0" type="stmt"/>
        <line num="47" count="1" type="cond" truecount="1" falsecount="1"/>
        <line num="48" count="0" type="stmt"/>
        <line num="50" count="0" type="stmt"/>
        <line num="59" count="1" type="stmt"/>
        <line num="65" count="1" type="cond" truecount="1" falsecount="1"/>
        <line num="66" count="0" type="stmt"/>
        <line num="67" count="0" type="stmt"/>
        <line num="72" count="1" type="stmt"/>
        <line num="75" count="1" type="stmt"/>
        <line num="80" count="2" type="stmt"/>
        <line num="81" count="1" type="cond" truecount="3" falsecount="1"/>
        <line num="82" count="1" type="stmt"/>
        <line num="92" count="1" type="stmt"/>
        <line num="97" count="1" type="stmt"/>
      </file>
      <file name="Ollama.js" path="/home/heather/Documents/Code/Anima/Plugins/Ollama.js">
        <metrics statements="31" coveredstatements="30" conditionals="18" coveredconditionals="11" methods="3" coveredmethods="3"/>
        <line num="1" count="1" type="stmt"/>
        <line num="2" count="1" type="stmt"/>
        <line num="3" count="1" type="stmt"/>
        <line num="5" count="1" type="stmt"/>
        <line num="6" count="3" type="stmt"/>
        <line num="7" count="3" type="cond" truecount="2" falsecount="0"/>
        <line num="9" count="2" type="stmt"/>
        <line num="14" count="1" type="stmt"/>
        <line num="17" count="1" type="cond" truecount="1" falsecount="0"/>
        <line num="18" count="3" type="stmt"/>
        <line num="20" count="3" type="stmt"/>
        <line num="21" count="3" type="stmt"/>
        <line num="22" count="3" type="cond" truecount="1" falsecount="1"/>
        <line num="23" count="3" type="stmt"/>
        <line num="24" count="2" type="cond" truecount="1" falsecount="1"/>
        <line num="26" count="1" type="stmt"/>
        <line num="31" count="2" type="stmt"/>
        <line num="37" count="2" type="cond" truecount="1" falsecount="1"/>
        <line num="38" count="0" type="stmt"/>
        <line num="41" count="2" type="stmt"/>
        <line num="49" count="2" type="cond" truecount="2" falsecount="0"/>
        <line num="50" count="1" type="stmt"/>
        <line num="51" count="1" type="stmt"/>
        <line num="56" count="1" type="stmt"/>
        <line num="59" count="1" type="stmt"/>
        <line num="62" count="1" type="cond" truecount="1" falsecount="1"/>
        <line num="63" count="1" type="stmt"/>
        <line num="64" count="1" type="cond" truecount="1" falsecount="1"/>
        <line num="65" count="1" type="stmt"/>
        <line num="70" count="1" type="stmt"/>
        <line num="75" count="1" type="stmt"/>
      </file>
      <file name="OpenAI.js" path="/home/heather/Documents/Code/Anima/Plugins/OpenAI.js">
        <metrics statements="22" coveredstatements="17" conditionals="16" coveredconditionals="9" methods="2" coveredmethods="2"/>
        <line num="1" count="1" type="stmt"/>
        <line num="2" count="1" type="stmt"/>
        <line num="3" count="1" type="stmt"/>
        <line num="5" count="1" type="stmt"/>
        <line num="6" count="1" type="stmt"/>
        <line num="7" count="1" type="cond" truecount="1" falsecount="1"/>
        <line num="8" count="0" type="stmt"/>
        <line num="12" count="1" type="stmt"/>
        <line num="15" count="1" type="cond" truecount="1" falsecount="0"/>
        <line num="16" count="1" type="stmt"/>
        <line num="18" count="1" type="stmt"/>
        <line num="23" count="1" type="stmt"/>
        <line num="28" count="1" type="cond" truecount="1" falsecount="1"/>
        <line num="29" count="0" type="stmt"/>
        <line num="32" count="1" type="stmt"/>
        <line num="41" count="1" type="cond" truecount="3" falsecount="1"/>
        <line num="42" count="0" type="stmt"/>
        <line num="47" count="1" type="cond" truecount="1" falsecount="1"/>
        <line num="48" count="0" type="stmt"/>
        <line num="49" count="0" type="stmt"/>
        <line num="54" count="1" type="stmt"/>
        <line num="57" count="1" type="stmt"/>
      </file>
      <file name="OpenRouter.js" path="/home/heather/Documents/Code/Anima/Plugins/OpenRouter.js">
        <metrics statements="22" coveredstatements="21" conditionals="14" coveredconditionals="11" methods="2" coveredmethods="2"/>
        <line num="1" count="1" type="stmt"/>
        <line num="2" count="1" type="stmt"/>
        <line num="3" count="1" type="stmt"/>
        <line num="5" count="1" type="stmt"/>
        <line num="6" count="4" type="stmt"/>
        <line num="7" count="4" type="cond" truecount="2" falsecount="0"/>
        <line num="8" count="1" type="stmt"/>
        <line num="12" count="3" type="stmt"/>
        <line num="15" count="1" type="cond" truecount="1" falsecount="0"/>
        <line num="16" count="4" type="stmt"/>
        <line num="18" count="3" type="stmt"/>
        <line num="26" count="3" type="stmt"/>
        <line num="31" count="3" type="cond" truecount="1" falsecount="1"/>
        <line num="32" count="0" type="stmt"/>
        <line num="35" count="3" type="stmt"/>
        <line num="41" count="3" type="cond" truecount="4" falsecount="0"/>
        <line num="42" count="1" type="stmt"/>
        <line num="47" count="2" type="cond" truecount="2" falsecount="0"/>
        <line num="48" count="1" type="stmt"/>
        <line num="49" count="1" type="stmt"/>
        <line num="52" count="1" type="stmt"/>
        <line num="55" count="1" type="stmt"/>
      </file>
    </package>
    <package name="Anima.app">
      <metrics statements="354" coveredstatements="326" conditionals="181" coveredconditionals="136" methods="45" coveredmethods="44"/>
      <file name="Config.js" path="/home/heather/Documents/Code/Anima/app/Config.js">
        <metrics statements="34" coveredstatements="34" conditionals="14" coveredconditionals="14" methods="7" coveredmethods="7"/>
        <line num="1" count="6" type="stmt"/>
        <line num="4" count="6" type="stmt"/>
        <line num="9" count="6" type="stmt"/>
        <line num="12" count="16" type="cond" truecount="2" falsecount="0"/>
        <line num="15" count="8" type="stmt"/>
        <line num="18" count="8" type="stmt"/>
        <line num="21" count="5" type="stmt"/>
        <line num="25" count="3" type="stmt"/>
        <line num="27" count="3" type="cond" truecount="2" falsecount="0"/>
        <line num="28" count="1" type="stmt"/>
        <line num="29" count="1" type="stmt"/>
        <line num="30" count="1" type="stmt"/>
        <line num="32" count="1" type="stmt"/>
        <line num="35" count="3" type="stmt"/>
        <line num="36" count="3" type="stmt"/>
        <line num="39" count="6" type="stmt"/>
        <line num="43" count="5" type="stmt"/>
        <line num="44" count="5" type="cond" truecount="2" falsecount="0"/>
        <line num="45" count="3" type="stmt"/>
        <line num="48" count="2" type="stmt"/>
        <line num="49" count="2" type="cond" truecount="2" falsecount="0"/>
        <line num="50" count="1" type="stmt"/>
        <line num="51" count="1" type="stmt"/>
        <line num="53" count="1" type="stmt"/>
        <line num="54" count="1" type="stmt"/>
        <line num="57" count="3" type="stmt"/>
        <line num="58" count="3" type="cond" truecount="2" falsecount="0"/>
        <line num="59" count="2" type="stmt"/>
        <line num="62" count="2" type="stmt"/>
        <line num="63" count="2" type="cond" truecount="2" falsecount="0"/>
        <line num="64" count="1" type="stmt"/>
        <line num="67" count="4" type="stmt"/>
        <line num="68" count="4" type="cond" truecount="2" falsecount="0"/>
        <line num="69" count="3" type="stmt"/>
      </file>
      <file name="ConversationService.js" path="/home/heather/Documents/Code/Anima/app/ConversationService.js">
        <metrics statements="51" coveredstatements="50" conditionals="17" coveredconditionals="15" methods="4" coveredmethods="4"/>
        <line num="1" count="1" type="stmt"/>
        <line num="2" count="1" type="stmt"/>
        <line num="3" count="1" type="stmt"/>
        <line num="7" count="8" type="stmt"/>
        <line num="8" count="8" type="stmt"/>
        <line num="9" count="8" type="stmt"/>
        <line num="10" count="8" type="stmt"/>
        <line num="11" count="8" type="stmt"/>
        <line num="22" count="8" type="stmt"/>
        <line num="23" count="8" type="stmt"/>
        <line num="25" count="8" type="stmt"/>
        <line num="26" count="8" type="stmt"/>
        <line num="28" count="8" type="stmt"/>
        <line num="30" count="12" type="stmt"/>
        <line num="31" count="12" type="stmt"/>
        <line num="33" count="12" type="stmt"/>
        <line num="34" count="16" type="stmt"/>
        <line num="35" count="16" type="stmt"/>
        <line num="36" count="16" type="stmt"/>
        <line num="37" count="12" type="cond" truecount="2" falsecount="0"/>
        <line num="38" count="3" type="stmt"/>
        <line num="40" count="9" type="stmt"/>
        <line num="42" count="7" type="cond" truecount="2" falsecount="0"/>
        <line num="47" count="3" type="stmt"/>
        <line num="49" count="4" type="stmt"/>
        <line num="53" count="9" type="stmt"/>
        <line num="55" count="9" type="cond" truecount="2" falsecount="0"/>
        <line num="56" count="4" type="stmt"/>
        <line num="58" count="4" type="stmt"/>
        <line num="59" count="4" type="stmt"/>
        <line num="60" count="4" type="stmt"/>
        <line num="61" count="4" type="stmt"/>
        <line num="64" count="4" type="cond" truecount="2" falsecount="0"/>
        <line num="65" count="2" type="stmt"/>
        <line num="66" count="2" type="cond" truecount="2" falsecount="0"/>
        <line num="67" count="1" type="stmt"/>
        <line num="71" count="1" type="cond" truecount="1" falsecount="1"/>
        <line num="72" count="0" type="stmt"/>
        <line num="74" count="1" type="stmt"/>
        <line num="77" count="2" type="stmt"/>
        <line num="83" count="3" type="stmt"/>
        <line num="90" count="1" type="stmt"/>
        <line num="99" count="5" type="cond" truecount="1" falsecount="1"/>
        <line num="100" count="5" type="stmt"/>
        <line num="101" count="5" type="stmt"/>
        <line num="102" count="5" type="stmt"/>
        <line num="103" count="5" type="stmt"/>
        <line num="106" count="5" type="stmt"/>
        <line num="110" count="13" type="stmt"/>
        <line num="111" count="13" type="stmt"/>
        <line num="118" count="1" type="stmt"/>
      </file>
      <file name="ParturitionService.js" path="/home/heather/Documents/Code/Anima/app/ParturitionService.js">
        <metrics statements="57" coveredstatements="55" conditionals="12" coveredconditionals="10" methods="7" coveredmethods="7"/>
        <line num="1" count="1" type="stmt"/>
        <line num="2" count="1" type="stmt"/>
        <line num="3" count="1" type="stmt"/>
        <line num="7" count="9" type="stmt"/>
        <line num="15" count="4" type="stmt"/>
        <line num="16" count="4" type="stmt"/>
        <line num="17" count="4" type="stmt"/>
        <line num="19" count="4" type="stmt"/>
        <line num="20" count="4" type="stmt"/>
        <line num="22" count="3" type="stmt"/>
        <line num="23" count="3" type="stmt"/>
        <line num="24" count="2" type="stmt"/>
        <line num="25" count="1" type="stmt"/>
        <line num="27" count="2" type="stmt"/>
        <line num="30" count="1" type="stmt"/>
        <line num="39" count="2" type="stmt"/>
        <line num="41" count="2" type="stmt"/>
        <line num="43" count="2" type="stmt"/>
        <line num="48" count="2" type="stmt"/>
        <line num="49" count="2" type="stmt"/>
        <line num="52" count="2" type="stmt"/>
        <line num="54" count="2" type="cond" truecount="1" falsecount="1"/>
        <line num="56" count="2" type="stmt"/>
        <line num="57" count="2" type="stmt"/>
        <line num="59" count="2" type="stmt"/>
        <line num="60" count="2" type="cond" truecount="2" falsecount="0"/>
        <line num="61" count="1" type="stmt"/>
        <line num="64" count="2" type="stmt"/>
        <line num="65" count="2" type="stmt"/>
        <line num="68" count="2" type="stmt"/>
        <line num="69" count="2" type="stmt"/>
        <line num="71" count="1" type="stmt"/>
        <line num="72" count="1" type="stmt"/>
        <line num="75" count="1" type="stmt"/>
        <line num="76" count="1" type="stmt"/>
        <line num="78" count="1" type="cond" truecount="3" falsecount="1"/>
        <line num="79" count="1" type="stmt"/>
        <line num="80" count="1" type="stmt"/>
        <line num="81" count="1" type="stmt"/>
        <line num="83" count="1" type="stmt"/>
        <line num="84" count="1" type="stmt"/>
        <line num="86" count="1" type="stmt"/>
        <line num="88" count="0" type="stmt"/>
        <line num="89" count="0" type="stmt"/>
        <line num="94" count="3" type="stmt"/>
        <line num="95" count="3" type="stmt"/>
        <line num="96" count="3" type="stmt"/>
        <line num="97" count="2" type="stmt"/>
        <line num="98" count="2" type="cond" truecount="2" falsecount="0"/>
        <line num="100" count="1" type="stmt"/>
        <line num="105" count="2" type="stmt"/>
        <line num="135" count="4" type="stmt"/>
        <line num="136" count="4" type="stmt"/>
        <line num="137" count="4" type="stmt"/>
        <line num="138" count="4" type="stmt"/>
        <line num="139" count="4" type="cond" truecount="2" falsecount="0"/>
        <line num="143" count="1" type="stmt"/>
      </file>
      <file name="Tools.js" path="/home/heather/Documents/Code/Anima/app/Tools.js">
        <metrics statements="186" coveredstatements="161" conditionals="125" coveredconditionals="86" methods="25" coveredmethods="24"/>
        <line num="1" count="3" type="stmt"/>
        <line num="2" count="3" type="stmt"/>
        <line num="3" count="3" type="stmt"/>
        <line num="5" count="3" type="cond" truecount="2" falsecount="0"/>
        <line num="6" count="51" type="stmt"/>
        <line num="7" count="51" type="stmt"/>
        <line num="8" count="51" type="stmt"/>
        <line num="11" count="51" type="cond" truecount="2" falsecount="0"/>
        <line num="12" count="2" type="stmt"/>
        <line num="15" count="49" type="stmt"/>
        <line num="16" count="49" type="stmt"/>
        <line num="17" count="49" type="stmt"/>
        <line num="31" count="49" type="cond" truecount="2" falsecount="0"/>
        <line num="33" count="436" type="cond" truecount="2" falsecount="0"/>
        <line num="36" count="10" type="stmt"/>
        <line num="40" count="39" type="cond" truecount="4" falsecount="0"/>
        <line num="41" count="18" type="stmt"/>
        <line num="42" count="18" type="cond" truecount="1" falsecount="1"/>
        <line num="43" count="18" type="cond" truecount="2" falsecount="0"/>
        <line num="45" count="16" type="stmt"/>
        <line num="46" count="18" type="stmt"/>
        <line num="49" count="18" type="cond" truecount="2" falsecount="0"/>
        <line num="54" count="15" type="cond" truecount="4" falsecount="0"/>
        <line num="58" count="15" type="cond" truecount="2" falsecount="0"/>
        <line num="59" count="14" type="stmt"/>
        <line num="61" count="1" type="stmt"/>
        <line num="66" count="21" type="stmt"/>
        <line num="68" count="0" type="stmt"/>
        <line num="72" count="3" type="stmt"/>
        <line num="250" count="3" type="stmt"/>
        <line num="252" count="4" type="stmt"/>
        <line num="253" count="4" type="cond" truecount="2" falsecount="0"/>
        <line num="254" count="1" type="stmt"/>
        <line num="255" count="3" type="stmt"/>
        <line num="256" count="3" type="stmt"/>
        <line num="257" count="2" type="stmt"/>
        <line num="258" count="2" type="stmt"/>
        <line num="260" count="1" type="stmt"/>
        <line num="264" count="4" type="stmt"/>
        <line num="265" count="4" type="cond" truecount="2" falsecount="0"/>
        <line num="266" count="1" type="stmt"/>
        <line num="267" count="3" type="stmt"/>
        <line num="268" count="3" type="cond" truecount="2" falsecount="0"/>
        <line num="269" count="2" type="stmt"/>
        <line num="271" count="0" type="stmt"/>
        <line num="275" count="2" type="stmt"/>
        <line num="276" count="2" type="stmt"/>
        <line num="277" count="2" type="cond" truecount="2" falsecount="0"/>
        <line num="278" count="1" type="stmt"/>
        <line num="280" count="1" type="cond" truecount="1" falsecount="2"/>
        <line num="286" count="2" type="stmt"/>
        <line num="287" count="2" type="cond" truecount="1" falsecount="1"/>
        <line num="288" count="0" type="stmt"/>
        <line num="289" count="2" type="stmt"/>
        <line num="290" count="2" type="cond" truecount="1" falsecount="1"/>
        <line num="292" count="2" type="stmt"/>
        <line num="293" count="2" type="stmt"/>
        <line num="294" count="4" type="stmt"/>
        <line num="295" count="4" type="cond" truecount="2" falsecount="0"/>
        <line num="297" count="2" type="cond" truecount="1" falsecount="1"/>
        <line num="299" count="0" type="stmt"/>
        <line num="303" count="5" type="stmt"/>
        <line num="304" count="5" type="cond" truecount="2" falsecount="0"/>
        <line num="305" count="1" type="stmt"/>
        <line num="306" count="4" type="stmt"/>
        <line num="307" count="4" type="cond" truecount="1" falsecount="1"/>
        <line num="309" count="4" type="stmt"/>
        <line num="311" count="4" type="stmt"/>
        <line num="312" count="4" type="stmt"/>
        <line num="314" count="1" type="stmt"/>
        <line num="317" count="3" type="stmt"/>
        <line num="318" count="3" type="cond" truecount="1" falsecount="1"/>
        <line num="319" count="3" type="stmt"/>
        <line num="320" count="3" type="stmt"/>
        <line num="321" count="3" type="cond" truecount="1" falsecount="1"/>
        <line num="323" count="3" type="stmt"/>
        <line num="324" count="3" type="stmt"/>
        <line num="325" count="5" type="cond" truecount="2" falsecount="0"/>
        <line num="326" count="2" type="stmt"/>
        <line num="327" count="2" type="stmt"/>
        <line num="335" count="3" type="stmt"/>
        <line num="336" count="0" type="stmt"/>
        <line num="337" count="0" type="stmt"/>
        <line num="338" count="0" type="stmt"/>
        <line num="339" count="0" type="cond" truecount="0" falsecount="2"/>
        <line num="340" count="0" type="cond" truecount="0" falsecount="4"/>
        <line num="341" count="0" type="stmt"/>
        <line num="342" count="0" type="cond" truecount="0" falsecount="2"/>
        <line num="343" count="0" type="stmt"/>
        <line num="348" count="3" type="stmt"/>
        <line num="349" count="3" type="cond" truecount="1" falsecount="1"/>
        <line num="350" count="3" type="stmt"/>
        <line num="351" count="0" type="cond" truecount="0" falsecount="2"/>
        <line num="352" count="0" type="stmt"/>
        <line num="355" count="3" type="cond" truecount="2" falsecount="0"/>
        <line num="357" count="0" type="stmt"/>
        <line num="361" count="5" type="stmt"/>
        <line num="362" count="5" type="stmt"/>
        <line num="363" count="5" type="stmt"/>
        <line num="366" count="5" type="cond" truecount="8" falsecount="0"/>
        <line num="370" count="1" type="stmt"/>
        <line num="371" count="1" type="stmt"/>
        <line num="372" count="1" type="stmt"/>
        <line num="375" count="1" type="stmt"/>
        <line num="377" count="1" type="cond" truecount="1" falsecount="1"/>
        <line num="378" count="1" type="stmt"/>
        <line num="381" count="2" type="stmt"/>
        <line num="382" count="2" type="stmt"/>
        <line num="383" count="2" type="cond" truecount="1" falsecount="1"/>
        <line num="384" count="0" type="stmt"/>
        <line num="386" count="2" type="stmt"/>
        <line num="388" count="1" type="stmt"/>
        <line num="391" count="4" type="cond" truecount="2" falsecount="0"/>
        <line num="392" count="1" type="stmt"/>
        <line num="393" count="3" type="stmt"/>
        <line num="394" count="3" type="stmt"/>
        <line num="396" count="3" type="stmt"/>
        <line num="397" count="3" type="stmt"/>
        <line num="398" count="3" type="stmt"/>
        <line num="399" count="3" type="stmt"/>
        <line num="403" count="3" type="cond" truecount="2" falsecount="0"/>
        <line num="404" count="1" type="cond" truecount="1" falsecount="1"/>
        <line num="405" count="1" type="stmt"/>
        <line num="407" count="0" type="stmt"/>
        <line num="410" count="2" type="cond" truecount="1" falsecount="2"/>
        <line num="415" count="0" type="stmt"/>
        <line num="419" count="1" type="stmt"/>
        <line num="420" count="1" type="cond" truecount="1" falsecount="1"/>
        <line num="421" count="0" type="stmt"/>
        <line num="422" count="1" type="stmt"/>
        <line num="423" count="1" type="cond" truecount="1" falsecount="1"/>
        <line num="424" count="1" type="stmt"/>
        <line num="425" count="1" type="stmt"/>
        <line num="436" count="0" type="stmt"/>
        <line num="440" count="1" type="stmt"/>
        <line num="441" count="1" type="cond" truecount="1" falsecount="1"/>
        <line num="442" count="0" type="stmt"/>
        <line num="443" count="1" type="stmt"/>
        <line num="444" count="1" type="cond" truecount="1" falsecount="1"/>
        <line num="445" count="1" type="stmt"/>
        <line num="446" count="1" type="stmt"/>
        <line num="448" count="0" type="stmt"/>
        <line num="452" count="2" type="stmt"/>
        <line num="453" count="2" type="cond" truecount="1" falsecount="1"/>
        <line num="454" count="0" type="stmt"/>
        <line num="455" count="2" type="stmt"/>
        <line num="456" count="2" type="cond" truecount="1" falsecount="1"/>
        <line num="458" count="2" type="stmt"/>
        <line num="459" count="2" type="stmt"/>
        <line num="460" count="2" type="stmt"/>
        <line num="462" count="2" type="cond" truecount="2" falsecount="0"/>
        <line num="464" count="1" type="stmt"/>
        <line num="465" count="1" type="stmt"/>
        <line num="467" count="0" type="stmt"/>
        <line num="471" count="2" type="stmt"/>
        <line num="475" count="2" type="stmt"/>
        <line num="476" count="2" type="cond" truecount="1" falsecount="1"/>
        <line num="477" count="2" type="stmt"/>
        <line num="480" count="2" type="stmt"/>
        <line num="481" count="2" type="cond" truecount="1" falsecount="1"/>
        <line num="483" count="2" type="stmt"/>
        <line num="484" count="2" type="stmt"/>
        <line num="488" count="2" type="stmt"/>
        <line num="489" count="2" type="cond" truecount="1" falsecount="1"/>
        <line num="491" count="1" type="stmt"/>
        <line num="494" count="1" type="stmt"/>
        <line num="495" count="1" type="stmt"/>
        <line num="497" count="1" type="stmt"/>
        <line num="499" count="0" type="stmt"/>
        <line num="503" count="4" type="stmt"/>
        <line num="504" count="4" type="cond" truecount="1" falsecount="1"/>
        <line num="505" count="4" type="stmt"/>
        <line num="508" count="3" type="cond" truecount="2" falsecount="0"/>
        <line num="509" count="2" type="stmt"/>
        <line num="511" count="2" type="cond" truecount="5" falsecount="0"/>
        <line num="512" count="1" type="stmt"/>
        <line num="514" count="1" type="stmt"/>
        <line num="515" count="1" type="cond" truecount="1" falsecount="1"/>
        <line num="516" count="1" type="stmt"/>
        <line num="517" count="1" type="cond" truecount="1" falsecount="1"/>
        <line num="518" count="1" type="stmt"/>
        <line num="520" count="2" type="cond" truecount="2" falsecount="0"/>
        <line num="522" count="2" type="stmt"/>
        <line num="525" count="1" type="stmt"/>
        <line num="527" count="1" type="stmt"/>
        <line num="532" count="3" type="stmt"/>
      </file>
      <file name="Utils.js" path="/home/heather/Documents/Code/Anima/app/Utils.js">
        <metrics statements="26" coveredstatements="26" conditionals="13" coveredconditionals="11" methods="2" coveredmethods="2"/>
        <line num="1" count="2" type="stmt"/>
        <line num="2" count="2" type="stmt"/>
        <line num="3" count="2" type="stmt"/>
        <line num="5" count="2" type="cond" truecount="1" falsecount="0"/>
        <line num="6" count="3" type="cond" truecount="1" falsecount="1"/>
        <line num="10" count="3" type="stmt"/>
        <line num="11" count="3" type="stmt"/>
        <line num="13" count="3" type="cond" truecount="2" falsecount="0"/>
        <line num="15" count="2" type="stmt"/>
        <line num="16" count="2" type="stmt"/>
        <line num="18" count="2" type="cond" truecount="2" falsecount="0"/>
        <line num="19" count="1" type="stmt"/>
        <line num="25" count="2" type="stmt"/>
        <line num="26" count="2" type="stmt"/>
        <line num="29" count="2" type="stmt"/>
        <line num="30" count="3" type="cond" truecount="1" falsecount="1"/>
        <line num="31" count="3" type="stmt"/>
        <line num="33" count="3" type="stmt"/>
        <line num="34" count="3" type="stmt"/>
        <line num="36" count="3" type="cond" truecount="2" falsecount="0"/>
        <line num="38" count="2" type="stmt"/>
        <line num="39" count="2" type="stmt"/>
        <line num="42" count="3" type="cond" truecount="2" falsecount="0"/>
        <line num="43" count="2" type="stmt"/>
        <line num="48" count="1" type="stmt"/>
        <line num="51" count="2" type="stmt"/>
      </file>
    </package>
  </project>
</coverage>
