{"/home/heather/Documents/Code/Anima/reset.js": {"path":"/home/heather/Documents/Code/Anima/reset.js","statementMap":{"0":{"start":{"line":1,"column":11},"end":{"line":1,"column":29}},"1":{"start":{"line":2,"column":13},"end":{"line":2,"column":33}},"2":{"start":{"line":4,"column":0},"end":{"line":4,"column":46}},"3":{"start":{"line":6,"column":23},"end":{"line":6,"column":58}},"4":{"start":{"line":7,"column":18},"end":{"line":7,"column":48}},"5":{"start":{"line":8,"column":20},"end":{"line":8,"column":52}},"6":{"start":{"line":11,"column":22},"end":{"line":18,"column":1}},"7":{"start":{"line":20,"column":0},"end":{"line":25,"column":3}},"8":{"start":{"line":21,"column":2},"end":{"line":24,"column":3}},"9":{"start":{"line":22,"column":4},"end":{"line":22,"column":24}},"10":{"start":{"line":23,"column":4},"end":{"line":23,"column":36}},"11":{"start":{"line":28,"column":0},"end":{"line":39,"column":1}},"12":{"start":{"line":29,"column":16},"end":{"line":29,"column":43}},"13":{"start":{"line":30,"column":2},"end":{"line":38,"column":5}},"14":{"start":{"line":31,"column":4},"end":{"line":37,"column":5}},"15":{"start":{"line":32,"column":23},"end":{"line":32,"column":51}},"16":{"start":{"line":33,"column":6},"end":{"line":36,"column":7}},"17":{"start":{"line":34,"column":8},"end":{"line":34,"column":32}},"18":{"start":{"line":35,"column":8},"end":{"line":35,"column":47}},"19":{"start":{"line":42,"column":0},"end":{"line":50,"column":1}},"20":{"start":{"line":43,"column":16},"end":{"line":43,"column":41}},"21":{"start":{"line":44,"column":2},"end":{"line":49,"column":5}},"22":{"start":{"line":45,"column":4},"end":{"line":48,"column":5}},"23":{"start":{"line":46,"column":6},"end":{"line":46,"column":48}},"24":{"start":{"line":47,"column":6},"end":{"line":47,"column":38}},"25":{"start":{"line":53,"column":27},"end":{"line":85,"column":1}},"26":{"start":{"line":87,"column":0},"end":{"line":87,"column":82}},"27":{"start":{"line":88,"column":0},"end":{"line":88,"column":52}},"28":{"start":{"line":90,"column":0},"end":{"line":90,"column":58}}},"fnMap":{"0":{"name":"(anonymous_0)","decl":{"start":{"line":20,"column":22},"end":{"line":20,"column":23}},"loc":{"start":{"line":20,"column":32},"end":{"line":25,"column":1}},"line":20},"1":{"name":"(anonymous_1)","decl":{"start":{"line":30,"column":16},"end":{"line":30,"column":17}},"loc":{"start":{"line":30,"column":26},"end":{"line":38,"column":3}},"line":30},"2":{"name":"(anonymous_2)","decl":{"start":{"line":44,"column":16},"end":{"line":44,"column":17}},"loc":{"start":{"line":44,"column":26},"end":{"line":49,"column":3}},"line":44}},"branchMap":{"0":{"loc":{"start":{"line":21,"column":2},"end":{"line":24,"column":3}},"type":"if","locations":[{"start":{"line":21,"column":2},"end":{"line":24,"column":3}},{"start":{},"end":{}}],"line":21},"1":{"loc":{"start":{"line":28,"column":0},"end":{"line":39,"column":1}},"type":"if","locations":[{"start":{"line":28,"column":0},"end":{"line":39,"column":1}},{"start":{},"end":{}}],"line":28},"2":{"loc":{"start":{"line":31,"column":4},"end":{"line":37,"column":5}},"type":"if","locations":[{"start":{"line":31,"column":4},"end":{"line":37,"column":5}},{"start":{},"end":{}}],"line":31},"3":{"loc":{"start":{"line":31,"column":8},"end":{"line":31,"column":66}},"type":"binary-expr","locations":[{"start":{"line":31,"column":8},"end":{"line":31,"column":34}},{"start":{"line":31,"column":38},"end":{"line":31,"column":66}}],"line":31},"4":{"loc":{"start":{"line":33,"column":6},"end":{"line":36,"column":7}},"type":"if","locations":[{"start":{"line":33,"column":6},"end":{"line":36,"column":7}},{"start":{},"end":{}}],"line":33},"5":{"loc":{"start":{"line":42,"column":0},"end":{"line":50,"column":1}},"type":"if","locations":[{"start":{"line":42,"column":0},"end":{"line":50,"column":1}},{"start":{},"end":{}}],"line":42},"6":{"loc":{"start":{"line":45,"column":4},"end":{"line":48,"column":5}},"type":"if","locations":[{"start":{"line":45,"column":4},"end":{"line":48,"column":5}},{"start":{},"end":{}}],"line":45},"7":{"loc":{"start":{"line":45,"column":8},"end":{"line":45,"column":60}},"type":"binary-expr","locations":[{"start":{"line":45,"column":8},"end":{"line":45,"column":34}},{"start":{"line":45,"column":38},"end":{"line":45,"column":60}}],"line":45}},"s":{"0":1,"1":1,"2":1,"3":1,"4":1,"5":1,"6":1,"7":1,"8":6,"9":6,"10":6,"11":1,"12":1,"13":1,"14":3,"15":1,"16":1,"17":1,"18":1,"19":1,"20":1,"21":1,"22":2,"23":1,"24":1,"25":1,"26":1,"27":1,"28":1},"f":{"0":6,"1":3,"2":2},"b":{"0":[6,0],"1":[1,0],"2":[1,2],"3":[3,2],"4":[1,0],"5":[1,0],"6":[1,1],"7":[2,1]},"_coverageSchema":"1a1c01bbd47fc00a2c39e90264f33305004495a9","hash":"8e06f92a4b3c11530f527590629e7f3d5aa89306"}
,"/home/heather/Documents/Code/Anima/Plugins/Anthropic.js": {"path":"/home/heather/Documents/Code/Anima/Plugins/Anthropic.js","statementMap":{"0":{"start":{"line":1,"column":11},"end":{"line":1,"column":24}},"1":{"start":{"line":2,"column":13},"end":{"line":2,"column":28}},"2":{"start":{"line":3,"column":19},"end":{"line":3,"column":43}},"3":{"start":{"line":5,"column":27},"end":{"line":13,"column":1}},"4":{"start":{"line":6,"column":21},"end":{"line":6,"column":71}},"5":{"start":{"line":7,"column":2},"end":{"line":11,"column":3}},"6":{"start":{"line":8,"column":4},"end":{"line":10,"column":6}},"7":{"start":{"line":12,"column":2},"end":{"line":12,"column":57}},"8":{"start":{"line":15,"column":19},"end":{"line":92,"column":1}},"9":{"start":{"line":16,"column":25},"end":{"line":16,"column":45}},"10":{"start":{"line":18,"column":18},"end":{"line":22,"column":3}},"11":{"start":{"line":26,"column":24},"end":{"line":26,"column":65}},"12":{"start":{"line":26,"column":45},"end":{"line":26,"column":64}},"13":{"start":{"line":27,"column":24},"end":{"line":36,"column":6}},"14":{"start":{"line":28,"column":19},"end":{"line":28,"column":38}},"15":{"start":{"line":32,"column":6},"end":{"line":35,"column":8}},"16":{"start":{"line":38,"column":15},"end":{"line":42,"column":3}},"17":{"start":{"line":44,"column":2},"end":{"line":46,"column":3}},"18":{"start":{"line":45,"column":4},"end":{"line":45,"column":40}},"19":{"start":{"line":48,"column":2},"end":{"line":54,"column":3}},"20":{"start":{"line":49,"column":4},"end":{"line":53,"column":8}},"21":{"start":{"line":49,"column":35},"end":{"line":53,"column":5}},"22":{"start":{"line":56,"column":19},"end":{"line":60,"column":4}},"23":{"start":{"line":62,"column":2},"end":{"line":67,"column":3}},"24":{"start":{"line":63,"column":22},"end":{"line":63,"column":43}},"25":{"start":{"line":64,"column":4},"end":{"line":66,"column":6}},"26":{"start":{"line":69,"column":15},"end":{"line":69,"column":36}},"27":{"start":{"line":72,"column":18},"end":{"line":75,"column":3}},"28":{"start":{"line":74,"column":38},"end":{"line":74,"column":55}},"29":{"start":{"line":77,"column":20},"end":{"line":77,"column":69}},"30":{"start":{"line":77,"column":47},"end":{"line":77,"column":68}},"31":{"start":{"line":78,"column":2},"end":{"line":87,"column":3}},"32":{"start":{"line":79,"column":4},"end":{"line":86,"column":8}},"33":{"start":{"line":79,"column":48},"end":{"line":86,"column":5}},"34":{"start":{"line":89,"column":2},"end":{"line":91,"column":4}},"35":{"start":{"line":94,"column":0},"end":{"line":94,"column":32}}},"fnMap":{"0":{"name":"(anonymous_0)","decl":{"start":{"line":5,"column":27},"end":{"line":5,"column":28}},"loc":{"start":{"line":5,"column":33},"end":{"line":13,"column":1}},"line":5},"1":{"name":"(anonymous_1)","decl":{"start":{"line":15,"column":19},"end":{"line":15,"column":20}},"loc":{"start":{"line":15,"column":53},"end":{"line":92,"column":1}},"line":15},"2":{"name":"(anonymous_2)","decl":{"start":{"line":26,"column":38},"end":{"line":26,"column":39}},"loc":{"start":{"line":26,"column":45},"end":{"line":26,"column":64}},"line":26},"3":{"name":"(anonymous_3)","decl":{"start":{"line":28,"column":12},"end":{"line":28,"column":13}},"loc":{"start":{"line":28,"column":19},"end":{"line":28,"column":38}},"line":28},"4":{"name":"(anonymous_4)","decl":{"start":{"line":29,"column":9},"end":{"line":29,"column":10}},"loc":{"start":{"line":29,"column":16},"end":{"line":36,"column":5}},"line":29},"5":{"name":"(anonymous_5)","decl":{"start":{"line":49,"column":27},"end":{"line":49,"column":28}},"loc":{"start":{"line":49,"column":35},"end":{"line":53,"column":5}},"line":49},"6":{"name":"(anonymous_6)","decl":{"start":{"line":74,"column":31},"end":{"line":74,"column":32}},"loc":{"start":{"line":74,"column":38},"end":{"line":74,"column":55}},"line":74},"7":{"name":"(anonymous_7)","decl":{"start":{"line":77,"column":40},"end":{"line":77,"column":41}},"loc":{"start":{"line":77,"column":47},"end":{"line":77,"column":68}},"line":77},"8":{"name":"(anonymous_8)","decl":{"start":{"line":79,"column":39},"end":{"line":79,"column":40}},"loc":{"start":{"line":79,"column":48},"end":{"line":86,"column":5}},"line":79}},"branchMap":{"0":{"loc":{"start":{"line":7,"column":2},"end":{"line":11,"column":3}},"type":"if","locations":[{"start":{"line":7,"column":2},"end":{"line":11,"column":3}},{"start":{},"end":{}}],"line":7},"1":{"loc":{"start":{"line":15,"column":36},"end":{"line":15,"column":48}},"type":"default-arg","locations":[{"start":{"line":15,"column":44},"end":{"line":15,"column":48}}],"line":15},"2":{"loc":{"start":{"line":33,"column":14},"end":{"line":33,"column":59}},"type":"cond-expr","locations":[{"start":{"line":33,"column":39},"end":{"line":33,"column":50}},{"start":{"line":33,"column":53},"end":{"line":33,"column":59}}],"line":33},"3":{"loc":{"start":{"line":39,"column":11},"end":{"line":39,"column":79}},"type":"binary-expr","locations":[{"start":{"line":39,"column":11},"end":{"line":39,"column":27}},{"start":{"line":39,"column":31},"end":{"line":39,"column":51}},{"start":{"line":39,"column":55},"end":{"line":39,"column":79}}],"line":39},"4":{"loc":{"start":{"line":44,"column":2},"end":{"line":46,"column":3}},"type":"if","locations":[{"start":{"line":44,"column":2},"end":{"line":46,"column":3}},{"start":{},"end":{}}],"line":44},"5":{"loc":{"start":{"line":48,"column":2},"end":{"line":54,"column":3}},"type":"if","locations":[{"start":{"line":48,"column":2},"end":{"line":54,"column":3}},{"start":{},"end":{}}],"line":48},"6":{"loc":{"start":{"line":56,"column":31},"end":{"line":56,"column":97}},"type":"binary-expr","locations":[{"start":{"line":56,"column":31},"end":{"line":56,"column":54}},{"start":{"line":56,"column":58},"end":{"line":56,"column":97}}],"line":56},"7":{"loc":{"start":{"line":62,"column":2},"end":{"line":67,"column":3}},"type":"if","locations":[{"start":{"line":62,"column":2},"end":{"line":67,"column":3}},{"start":{},"end":{}}],"line":62},"8":{"loc":{"start":{"line":74,"column":13},"end":{"line":74,"column":68}},"type":"binary-expr","locations":[{"start":{"line":74,"column":13},"end":{"line":74,"column":62}},{"start":{"line":74,"column":66},"end":{"line":74,"column":68}}],"line":74},"9":{"loc":{"start":{"line":78,"column":2},"end":{"line":87,"column":3}},"type":"if","locations":[{"start":{"line":78,"column":2},"end":{"line":87,"column":3}},{"start":{},"end":{}}],"line":78}},"s":{"0":1,"1":1,"2":1,"3":1,"4":3,"5":3,"6":1,"7":2,"8":1,"9":3,"10":2,"11":2,"12":0,"13":2,"14":0,"15":0,"16":2,"17":2,"18":0,"19":2,"20":0,"21":0,"22":2,"23":2,"24":1,"25":1,"26":1,"27":1,"28":1,"29":1,"30":2,"31":1,"32":1,"33":1,"34":1,"35":1},"f":{"0":3,"1":3,"2":0,"3":0,"4":0,"5":0,"6":1,"7":2,"8":1},"b":{"0":[1,2],"1":[3],"2":[0,0],"3":[2,0,0],"4":[0,2],"5":[0,2],"6":[2,2],"7":[1,1],"8":[1,0],"9":[1,0]},"_coverageSchema":"1a1c01bbd47fc00a2c39e90264f33305004495a9","hash":"00bfadbfc4e90c7c6713062ef0b57a3fa3223f38"}
,"/home/heather/Documents/Code/Anima/Plugins/DeepSeek.js": {"path":"/home/heather/Documents/Code/Anima/Plugins/DeepSeek.js","statementMap":{"0":{"start":{"line":1,"column":11},"end":{"line":1,"column":24}},"1":{"start":{"line":2,"column":13},"end":{"line":2,"column":28}},"2":{"start":{"line":3,"column":19},"end":{"line":3,"column":43}},"3":{"start":{"line":5,"column":27},"end":{"line":13,"column":1}},"4":{"start":{"line":6,"column":21},"end":{"line":6,"column":70}},"5":{"start":{"line":7,"column":2},"end":{"line":11,"column":3}},"6":{"start":{"line":8,"column":4},"end":{"line":10,"column":6}},"7":{"start":{"line":12,"column":2},"end":{"line":12,"column":57}},"8":{"start":{"line":15,"column":19},"end":{"line":55,"column":1}},"9":{"start":{"line":16,"column":25},"end":{"line":16,"column":45}},"10":{"start":{"line":18,"column":18},"end":{"line":21,"column":3}},"11":{"start":{"line":23,"column":15},"end":{"line":26,"column":3}},"12":{"start":{"line":28,"column":2},"end":{"line":30,"column":3}},"13":{"start":{"line":29,"column":4},"end":{"line":29,"column":23}},"14":{"start":{"line":32,"column":19},"end":{"line":39,"column":3}},"15":{"start":{"line":41,"column":2},"end":{"line":45,"column":3}},"16":{"start":{"line":42,"column":4},"end":{"line":44,"column":6}},"17":{"start":{"line":47,"column":2},"end":{"line":52,"column":3}},"18":{"start":{"line":48,"column":22},"end":{"line":48,"column":43}},"19":{"start":{"line":49,"column":4},"end":{"line":51,"column":6}},"20":{"start":{"line":54,"column":2},"end":{"line":54,"column":31}},"21":{"start":{"line":57,"column":0},"end":{"line":57,"column":32}}},"fnMap":{"0":{"name":"(anonymous_0)","decl":{"start":{"line":5,"column":27},"end":{"line":5,"column":28}},"loc":{"start":{"line":5,"column":33},"end":{"line":13,"column":1}},"line":5},"1":{"name":"(anonymous_1)","decl":{"start":{"line":15,"column":19},"end":{"line":15,"column":20}},"loc":{"start":{"line":15,"column":53},"end":{"line":55,"column":1}},"line":15}},"branchMap":{"0":{"loc":{"start":{"line":7,"column":2},"end":{"line":11,"column":3}},"type":"if","locations":[{"start":{"line":7,"column":2},"end":{"line":11,"column":3}},{"start":{},"end":{}}],"line":7},"1":{"loc":{"start":{"line":15,"column":36},"end":{"line":15,"column":48}},"type":"default-arg","locations":[{"start":{"line":15,"column":44},"end":{"line":15,"column":48}}],"line":15},"2":{"loc":{"start":{"line":24,"column":11},"end":{"line":24,"column":70}},"type":"binary-expr","locations":[{"start":{"line":24,"column":11},"end":{"line":24,"column":27}},{"start":{"line":24,"column":31},"end":{"line":24,"column":51}},{"start":{"line":24,"column":55},"end":{"line":24,"column":70}}],"line":24},"3":{"loc":{"start":{"line":28,"column":2},"end":{"line":30,"column":3}},"type":"if","locations":[{"start":{"line":28,"column":2},"end":{"line":30,"column":3}},{"start":{},"end":{}}],"line":28},"4":{"loc":{"start":{"line":33,"column":4},"end":{"line":33,"column":74}},"type":"binary-expr","locations":[{"start":{"line":33,"column":4},"end":{"line":33,"column":27}},{"start":{"line":33,"column":31},"end":{"line":33,"column":74}}],"line":33},"5":{"loc":{"start":{"line":41,"column":2},"end":{"line":45,"column":3}},"type":"if","locations":[{"start":{"line":41,"column":2},"end":{"line":45,"column":3}},{"start":{},"end":{}}],"line":41},"6":{"loc":{"start":{"line":41,"column":6},"end":{"line":41,"column":56}},"type":"binary-expr","locations":[{"start":{"line":41,"column":6},"end":{"line":41,"column":29}},{"start":{"line":41,"column":33},"end":{"line":41,"column":56}}],"line":41},"7":{"loc":{"start":{"line":47,"column":2},"end":{"line":52,"column":3}},"type":"if","locations":[{"start":{"line":47,"column":2},"end":{"line":52,"column":3}},{"start":{},"end":{}}],"line":47}},"s":{"0":1,"1":1,"2":1,"3":1,"4":2,"5":2,"6":0,"7":2,"8":1,"9":2,"10":2,"11":2,"12":2,"13":0,"14":2,"15":2,"16":1,"17":1,"18":0,"19":0,"20":1,"21":1},"f":{"0":2,"1":2},"b":{"0":[0,2],"1":[2],"2":[2,0,0],"3":[0,2],"4":[2,1],"5":[1,1],"6":[2,1],"7":[0,1]},"_coverageSchema":"1a1c01bbd47fc00a2c39e90264f33305004495a9","hash":"2d8c9740dce05673df40f9893aed6d02e0a14a3a"}
,"/home/heather/Documents/Code/Anima/Plugins/Gemini.js": {"path":"/home/heather/Documents/Code/Anima/Plugins/Gemini.js","statementMap":{"0":{"start":{"line":1,"column":11},"end":{"line":1,"column":24}},"1":{"start":{"line":2,"column":13},"end":{"line":2,"column":28}},"2":{"start":{"line":3,"column":19},"end":{"line":3,"column":43}},"3":{"start":{"line":5,"column":27},"end":{"line":13,"column":1}},"4":{"start":{"line":6,"column":21},"end":{"line":6,"column":68}},"5":{"start":{"line":7,"column":2},"end":{"line":11,"column":3}},"6":{"start":{"line":8,"column":4},"end":{"line":10,"column":6}},"7":{"start":{"line":12,"column":2},"end":{"line":12,"column":57}},"8":{"start":{"line":15,"column":19},"end":{"line":101,"column":1}},"9":{"start":{"line":16,"column":25},"end":{"line":16,"column":45}},"10":{"start":{"line":18,"column":17},"end":{"line":18,"column":38}},"11":{"start":{"line":19,"column":16},"end":{"line":19,"column":83}},"12":{"start":{"line":21,"column":14},"end":{"line":21,"column":110}},"13":{"start":{"line":24,"column":25},"end":{"line":33,"column":6}},"14":{"start":{"line":25,"column":19},"end":{"line":25,"column":38}},"15":{"start":{"line":27,"column":17},"end":{"line":27,"column":23}},"16":{"start":{"line":28,"column":6},"end":{"line":28,"column":49}},"17":{"start":{"line":28,"column":34},"end":{"line":28,"column":49}},"18":{"start":{"line":29,"column":6},"end":{"line":32,"column":8}},"19":{"start":{"line":35,"column":24},"end":{"line":35,"column":65}},"20":{"start":{"line":35,"column":45},"end":{"line":35,"column":64}},"21":{"start":{"line":37,"column":15},"end":{"line":39,"column":3}},"22":{"start":{"line":41,"column":2},"end":{"line":45,"column":3}},"23":{"start":{"line":42,"column":4},"end":{"line":44,"column":6}},"24":{"start":{"line":47,"column":2},"end":{"line":57,"column":3}},"25":{"start":{"line":48,"column":4},"end":{"line":56,"column":6}},"26":{"start":{"line":50,"column":49},"end":{"line":54,"column":9}},"27":{"start":{"line":59,"column":19},"end":{"line":63,"column":4}},"28":{"start":{"line":65,"column":2},"end":{"line":69,"column":3}},"29":{"start":{"line":66,"column":4},"end":{"line":68,"column":6}},"30":{"start":{"line":71,"column":2},"end":{"line":76,"column":3}},"31":{"start":{"line":72,"column":22},"end":{"line":72,"column":43}},"32":{"start":{"line":73,"column":4},"end":{"line":75,"column":6}},"33":{"start":{"line":78,"column":15},"end":{"line":78,"column":36}},"34":{"start":{"line":81,"column":18},"end":{"line":84,"column":3}},"35":{"start":{"line":86,"column":20},"end":{"line":86,"column":87}},"36":{"start":{"line":86,"column":72},"end":{"line":86,"column":86}},"37":{"start":{"line":87,"column":2},"end":{"line":96,"column":3}},"38":{"start":{"line":88,"column":4},"end":{"line":95,"column":8}},"39":{"start":{"line":88,"column":55},"end":{"line":95,"column":5}},"40":{"start":{"line":98,"column":2},"end":{"line":100,"column":4}},"41":{"start":{"line":103,"column":0},"end":{"line":103,"column":32}}},"fnMap":{"0":{"name":"(anonymous_0)","decl":{"start":{"line":5,"column":27},"end":{"line":5,"column":28}},"loc":{"start":{"line":5,"column":33},"end":{"line":13,"column":1}},"line":5},"1":{"name":"(anonymous_1)","decl":{"start":{"line":15,"column":19},"end":{"line":15,"column":20}},"loc":{"start":{"line":15,"column":53},"end":{"line":101,"column":1}},"line":15},"2":{"name":"(anonymous_2)","decl":{"start":{"line":25,"column":12},"end":{"line":25,"column":13}},"loc":{"start":{"line":25,"column":19},"end":{"line":25,"column":38}},"line":25},"3":{"name":"(anonymous_3)","decl":{"start":{"line":26,"column":9},"end":{"line":26,"column":10}},"loc":{"start":{"line":26,"column":16},"end":{"line":33,"column":5}},"line":26},"4":{"name":"(anonymous_4)","decl":{"start":{"line":35,"column":38},"end":{"line":35,"column":39}},"loc":{"start":{"line":35,"column":45},"end":{"line":35,"column":64}},"line":35},"5":{"name":"(anonymous_5)","decl":{"start":{"line":50,"column":41},"end":{"line":50,"column":42}},"loc":{"start":{"line":50,"column":49},"end":{"line":54,"column":9}},"line":50},"6":{"name":"(anonymous_6)","decl":{"start":{"line":86,"column":65},"end":{"line":86,"column":66}},"loc":{"start":{"line":86,"column":72},"end":{"line":86,"column":86}},"line":86},"7":{"name":"(anonymous_7)","decl":{"start":{"line":88,"column":39},"end":{"line":88,"column":40}},"loc":{"start":{"line":88,"column":55},"end":{"line":95,"column":5}},"line":88}},"branchMap":{"0":{"loc":{"start":{"line":7,"column":2},"end":{"line":11,"column":3}},"type":"if","locations":[{"start":{"line":7,"column":2},"end":{"line":11,"column":3}},{"start":{},"end":{}}],"line":7},"1":{"loc":{"start":{"line":15,"column":36},"end":{"line":15,"column":48}},"type":"default-arg","locations":[{"start":{"line":15,"column":44},"end":{"line":15,"column":48}}],"line":15},"2":{"loc":{"start":{"line":19,"column":16},"end":{"line":19,"column":83}},"type":"binary-expr","locations":[{"start":{"line":19,"column":16},"end":{"line":19,"column":32}},{"start":{"line":19,"column":36},"end":{"line":19,"column":56}},{"start":{"line":19,"column":60},"end":{"line":19,"column":83}}],"line":19},"3":{"loc":{"start":{"line":28,"column":6},"end":{"line":28,"column":49}},"type":"if","locations":[{"start":{"line":28,"column":6},"end":{"line":28,"column":49}},{"start":{},"end":{}}],"line":28},"4":{"loc":{"start":{"line":31,"column":24},"end":{"line":31,"column":39}},"type":"binary-expr","locations":[{"start":{"line":31,"column":24},"end":{"line":31,"column":33}},{"start":{"line":31,"column":37},"end":{"line":31,"column":39}}],"line":31},"5":{"loc":{"start":{"line":41,"column":2},"end":{"line":45,"column":3}},"type":"if","locations":[{"start":{"line":41,"column":2},"end":{"line":45,"column":3}},{"start":{},"end":{}}],"line":41},"6":{"loc":{"start":{"line":47,"column":2},"end":{"line":57,"column":3}},"type":"if","locations":[{"start":{"line":47,"column":2},"end":{"line":57,"column":3}},{"start":{},"end":{}}],"line":47},"7":{"loc":{"start":{"line":65,"column":2},"end":{"line":69,"column":3}},"type":"if","locations":[{"start":{"line":65,"column":2},"end":{"line":69,"column":3}},{"start":{},"end":{}}],"line":65},"8":{"loc":{"start":{"line":65,"column":6},"end":{"line":65,"column":56}},"type":"binary-expr","locations":[{"start":{"line":65,"column":6},"end":{"line":65,"column":29}},{"start":{"line":65,"column":33},"end":{"line":65,"column":56}}],"line":65},"9":{"loc":{"start":{"line":71,"column":2},"end":{"line":76,"column":3}},"type":"if","locations":[{"start":{"line":71,"column":2},"end":{"line":76,"column":3}},{"start":{},"end":{}}],"line":71},"10":{"loc":{"start":{"line":83,"column":13},"end":{"line":83,"column":66}},"type":"binary-expr","locations":[{"start":{"line":83,"column":13},"end":{"line":83,"column":60}},{"start":{"line":83,"column":64},"end":{"line":83,"column":66}}],"line":83},"11":{"loc":{"start":{"line":87,"column":2},"end":{"line":96,"column":3}},"type":"if","locations":[{"start":{"line":87,"column":2},"end":{"line":96,"column":3}},{"start":{},"end":{}}],"line":87},"12":{"loc":{"start":{"line":87,"column":6},"end":{"line":87,"column":39}},"type":"binary-expr","locations":[{"start":{"line":87,"column":6},"end":{"line":87,"column":15}},{"start":{"line":87,"column":19},"end":{"line":87,"column":39}}],"line":87}},"s":{"0":1,"1":1,"2":1,"3":1,"4":4,"5":4,"6":1,"7":3,"8":1,"9":4,"10":3,"11":3,"12":3,"13":3,"14":0,"15":0,"16":0,"17":0,"18":0,"19":3,"20":0,"21":3,"22":3,"23":0,"24":3,"25":0,"26":0,"27":3,"28":3,"29":1,"30":2,"31":1,"32":1,"33":1,"34":1,"35":1,"36":2,"37":1,"38":1,"39":1,"40":1,"41":1},"f":{"0":4,"1":4,"2":0,"3":0,"4":0,"5":0,"6":2,"7":1},"b":{"0":[1,3],"1":[4],"2":[3,0,0],"3":[0,0],"4":[0,0],"5":[0,3],"6":[0,3],"7":[1,2],"8":[3,2],"9":[1,1],"10":[1,0],"11":[1,0],"12":[1,1]},"_coverageSchema":"1a1c01bbd47fc00a2c39e90264f33305004495a9","hash":"f0909903ca903a300400647e15d2506e311c933a"}
,"/home/heather/Documents/Code/Anima/Plugins/Ollama.js": {"path":"/home/heather/Documents/Code/Anima/Plugins/Ollama.js","statementMap":{"0":{"start":{"line":1,"column":11},"end":{"line":1,"column":24}},"1":{"start":{"line":2,"column":13},"end":{"line":2,"column":28}},"2":{"start":{"line":3,"column":19},"end":{"line":3,"column":43}},"3":{"start":{"line":5,"column":27},"end":{"line":15,"column":1}},"4":{"start":{"line":6,"column":21},"end":{"line":6,"column":68}},"5":{"start":{"line":7,"column":2},"end":{"line":13,"column":3}},"6":{"start":{"line":9,"column":4},"end":{"line":12,"column":6}},"7":{"start":{"line":14,"column":2},"end":{"line":14,"column":57}},"8":{"start":{"line":17,"column":19},"end":{"line":73,"column":1}},"9":{"start":{"line":18,"column":25},"end":{"line":18,"column":45}},"10":{"start":{"line":20,"column":2},"end":{"line":29,"column":3}},"11":{"start":{"line":21,"column":16},"end":{"line":21,"column":48}},"12":{"start":{"line":22,"column":20},"end":{"line":22,"column":87}},"13":{"start":{"line":23,"column":21},"end":{"line":23,"column":80}},"14":{"start":{"line":24,"column":4},"end":{"line":24,"column":61}},"15":{"start":{"line":24,"column":22},"end":{"line":24,"column":61}},"16":{"start":{"line":26,"column":4},"end":{"line":28,"column":6}},"17":{"start":{"line":31,"column":15},"end":{"line":35,"column":3}},"18":{"start":{"line":37,"column":2},"end":{"line":39,"column":3}},"19":{"start":{"line":38,"column":4},"end":{"line":38,"column":23}},"20":{"start":{"line":41,"column":19},"end":{"line":47,"column":4}},"21":{"start":{"line":49,"column":2},"end":{"line":54,"column":3}},"22":{"start":{"line":50,"column":22},"end":{"line":50,"column":43}},"23":{"start":{"line":51,"column":4},"end":{"line":53,"column":6}},"24":{"start":{"line":56,"column":15},"end":{"line":56,"column":36}},"25":{"start":{"line":59,"column":18},"end":{"line":59,"column":30}},"26":{"start":{"line":62,"column":2},"end":{"line":68,"column":3}},"27":{"start":{"line":63,"column":4},"end":{"line":67,"column":7}},"28":{"start":{"line":64,"column":6},"end":{"line":66,"column":7}},"29":{"start":{"line":65,"column":8},"end":{"line":65,"column":70}},"30":{"start":{"line":70,"column":2},"end":{"line":72,"column":4}},"31":{"start":{"line":75,"column":0},"end":{"line":75,"column":32}}},"fnMap":{"0":{"name":"(anonymous_0)","decl":{"start":{"line":5,"column":27},"end":{"line":5,"column":28}},"loc":{"start":{"line":5,"column":33},"end":{"line":15,"column":1}},"line":5},"1":{"name":"(anonymous_1)","decl":{"start":{"line":17,"column":19},"end":{"line":17,"column":20}},"loc":{"start":{"line":17,"column":53},"end":{"line":73,"column":1}},"line":17},"2":{"name":"(anonymous_2)","decl":{"start":{"line":63,"column":31},"end":{"line":63,"column":32}},"loc":{"start":{"line":63,"column":39},"end":{"line":67,"column":5}},"line":63}},"branchMap":{"0":{"loc":{"start":{"line":7,"column":2},"end":{"line":13,"column":3}},"type":"if","locations":[{"start":{"line":7,"column":2},"end":{"line":13,"column":3}},{"start":{},"end":{}}],"line":7},"1":{"loc":{"start":{"line":17,"column":36},"end":{"line":17,"column":48}},"type":"default-arg","locations":[{"start":{"line":17,"column":44},"end":{"line":17,"column":48}}],"line":17},"2":{"loc":{"start":{"line":22,"column":55},"end":{"line":22,"column":85}},"type":"cond-expr","locations":[{"start":{"line":22,"column":66},"end":{"line":22,"column":80}},{"start":{"line":22,"column":83},"end":{"line":22,"column":85}}],"line":22},"3":{"loc":{"start":{"line":24,"column":4},"end":{"line":24,"column":61}},"type":"if","locations":[{"start":{"line":24,"column":4},"end":{"line":24,"column":61}},{"start":{},"end":{}}],"line":24},"4":{"loc":{"start":{"line":32,"column":11},"end":{"line":32,"column":63}},"type":"binary-expr","locations":[{"start":{"line":32,"column":11},"end":{"line":32,"column":27}},{"start":{"line":32,"column":31},"end":{"line":32,"column":51}},{"start":{"line":32,"column":55},"end":{"line":32,"column":63}}],"line":32},"5":{"loc":{"start":{"line":37,"column":2},"end":{"line":39,"column":3}},"type":"if","locations":[{"start":{"line":37,"column":2},"end":{"line":39,"column":3}},{"start":{},"end":{}}],"line":37},"6":{"loc":{"start":{"line":49,"column":2},"end":{"line":54,"column":3}},"type":"if","locations":[{"start":{"line":49,"column":2},"end":{"line":54,"column":3}},{"start":{},"end":{}}],"line":49},"7":{"loc":{"start":{"line":62,"column":2},"end":{"line":68,"column":3}},"type":"if","locations":[{"start":{"line":62,"column":2},"end":{"line":68,"column":3}},{"start":{},"end":{}}],"line":62},"8":{"loc":{"start":{"line":64,"column":6},"end":{"line":66,"column":7}},"type":"if","locations":[{"start":{"line":64,"column":6},"end":{"line":66,"column":7}},{"start":{},"end":{}}],"line":64}},"s":{"0":1,"1":1,"2":1,"3":1,"4":3,"5":3,"6":2,"7":1,"8":1,"9":3,"10":3,"11":3,"12":3,"13":3,"14":2,"15":0,"16":1,"17":2,"18":2,"19":0,"20":2,"21":2,"22":1,"23":1,"24":1,"25":1,"26":1,"27":1,"28":1,"29":1,"30":1,"31":1},"f":{"0":3,"1":3,"2":1},"b":{"0":[2,1],"1":[3],"2":[3,0],"3":[0,2],"4":[2,0,0],"5":[0,2],"6":[1,1],"7":[1,0],"8":[1,0]},"_coverageSchema":"1a1c01bbd47fc00a2c39e90264f33305004495a9","hash":"37c5d20a9aa8e03319273742c670c7e6d06e06e9"}
,"/home/heather/Documents/Code/Anima/Plugins/OpenAI.js": {"path":"/home/heather/Documents/Code/Anima/Plugins/OpenAI.js","statementMap":{"0":{"start":{"line":1,"column":11},"end":{"line":1,"column":24}},"1":{"start":{"line":2,"column":13},"end":{"line":2,"column":28}},"2":{"start":{"line":3,"column":19},"end":{"line":3,"column":43}},"3":{"start":{"line":5,"column":27},"end":{"line":13,"column":1}},"4":{"start":{"line":6,"column":21},"end":{"line":6,"column":68}},"5":{"start":{"line":7,"column":2},"end":{"line":11,"column":3}},"6":{"start":{"line":8,"column":4},"end":{"line":10,"column":6}},"7":{"start":{"line":12,"column":2},"end":{"line":12,"column":57}},"8":{"start":{"line":15,"column":19},"end":{"line":55,"column":1}},"9":{"start":{"line":16,"column":25},"end":{"line":16,"column":45}},"10":{"start":{"line":18,"column":18},"end":{"line":21,"column":3}},"11":{"start":{"line":23,"column":15},"end":{"line":26,"column":3}},"12":{"start":{"line":28,"column":2},"end":{"line":30,"column":3}},"13":{"start":{"line":29,"column":4},"end":{"line":29,"column":23}},"14":{"start":{"line":32,"column":19},"end":{"line":39,"column":3}},"15":{"start":{"line":41,"column":2},"end":{"line":45,"column":3}},"16":{"start":{"line":42,"column":4},"end":{"line":44,"column":6}},"17":{"start":{"line":47,"column":2},"end":{"line":52,"column":3}},"18":{"start":{"line":48,"column":22},"end":{"line":48,"column":43}},"19":{"start":{"line":49,"column":4},"end":{"line":51,"column":6}},"20":{"start":{"line":54,"column":2},"end":{"line":54,"column":31}},"21":{"start":{"line":57,"column":0},"end":{"line":57,"column":32}}},"fnMap":{"0":{"name":"(anonymous_0)","decl":{"start":{"line":5,"column":27},"end":{"line":5,"column":28}},"loc":{"start":{"line":5,"column":33},"end":{"line":13,"column":1}},"line":5},"1":{"name":"(anonymous_1)","decl":{"start":{"line":15,"column":19},"end":{"line":15,"column":20}},"loc":{"start":{"line":15,"column":53},"end":{"line":55,"column":1}},"line":15}},"branchMap":{"0":{"loc":{"start":{"line":7,"column":2},"end":{"line":11,"column":3}},"type":"if","locations":[{"start":{"line":7,"column":2},"end":{"line":11,"column":3}},{"start":{},"end":{}}],"line":7},"1":{"loc":{"start":{"line":15,"column":36},"end":{"line":15,"column":48}},"type":"default-arg","locations":[{"start":{"line":15,"column":44},"end":{"line":15,"column":48}}],"line":15},"2":{"loc":{"start":{"line":24,"column":11},"end":{"line":24,"column":76}},"type":"binary-expr","locations":[{"start":{"line":24,"column":11},"end":{"line":24,"column":27}},{"start":{"line":24,"column":31},"end":{"line":24,"column":51}},{"start":{"line":24,"column":55},"end":{"line":24,"column":76}}],"line":24},"3":{"loc":{"start":{"line":28,"column":2},"end":{"line":30,"column":3}},"type":"if","locations":[{"start":{"line":28,"column":2},"end":{"line":30,"column":3}},{"start":{},"end":{}}],"line":28},"4":{"loc":{"start":{"line":33,"column":4},"end":{"line":33,"column":75}},"type":"binary-expr","locations":[{"start":{"line":33,"column":4},"end":{"line":33,"column":27}},{"start":{"line":33,"column":31},"end":{"line":33,"column":75}}],"line":33},"5":{"loc":{"start":{"line":41,"column":2},"end":{"line":45,"column":3}},"type":"if","locations":[{"start":{"line":41,"column":2},"end":{"line":45,"column":3}},{"start":{},"end":{}}],"line":41},"6":{"loc":{"start":{"line":41,"column":6},"end":{"line":41,"column":56}},"type":"binary-expr","locations":[{"start":{"line":41,"column":6},"end":{"line":41,"column":29}},{"start":{"line":41,"column":33},"end":{"line":41,"column":56}}],"line":41},"7":{"loc":{"start":{"line":47,"column":2},"end":{"line":52,"column":3}},"type":"if","locations":[{"start":{"line":47,"column":2},"end":{"line":52,"column":3}},{"start":{},"end":{}}],"line":47}},"s":{"0":1,"1":1,"2":1,"3":1,"4":3,"5":3,"6":0,"7":3,"8":1,"9":3,"10":3,"11":3,"12":3,"13":0,"14":3,"15":3,"16":1,"17":2,"18":1,"19":1,"20":1,"21":1},"f":{"0":3,"1":3},"b":{"0":[0,3],"1":[3],"2":[3,0,0],"3":[0,3],"4":[3,2],"5":[1,2],"6":[3,2],"7":[1,1]},"_coverageSchema":"1a1c01bbd47fc00a2c39e90264f33305004495a9","hash":"cbec4b36621f3526188915a39297fb7b19deb627"}
,"/home/heather/Documents/Code/Anima/Plugins/OpenClaw.js": {"path":"/home/heather/Documents/Code/Anima/Plugins/OpenClaw.js","statementMap":{"0":{"start":{"line":4,"column":11},"end":{"line":4,"column":24}},"1":{"start":{"line":5,"column":13},"end":{"line":5,"column":28}},"2":{"start":{"line":6,"column":19},"end":{"line":6,"column":43}},"3":{"start":{"line":8,"column":27},"end":{"line":19,"column":1}},"4":{"start":{"line":9,"column":21},"end":{"line":9,"column":70}},"5":{"start":{"line":10,"column":2},"end":{"line":17,"column":3}},"6":{"start":{"line":12,"column":4},"end":{"line":16,"column":6}},"7":{"start":{"line":18,"column":2},"end":{"line":18,"column":57}},"8":{"start":{"line":21,"column":19},"end":{"line":73,"column":1}},"9":{"start":{"line":22,"column":25},"end":{"line":22,"column":45}},"10":{"start":{"line":25,"column":2},"end":{"line":37,"column":3}},"11":{"start":{"line":26,"column":16},"end":{"line":26,"column":48}},"12":{"start":{"line":27,"column":20},"end":{"line":27,"column":87}},"13":{"start":{"line":28,"column":21},"end":{"line":28,"column":80}},"14":{"start":{"line":30,"column":4},"end":{"line":32,"column":5}},"15":{"start":{"line":34,"column":4},"end":{"line":36,"column":6}},"16":{"start":{"line":39,"column":18},"end":{"line":42,"column":3}},"17":{"start":{"line":44,"column":15},"end":{"line":47,"column":3}},"18":{"start":{"line":49,"column":2},"end":{"line":51,"column":3}},"19":{"start":{"line":50,"column":4},"end":{"line":50,"column":23}},"20":{"start":{"line":53,"column":19},"end":{"line":57,"column":4}},"21":{"start":{"line":59,"column":2},"end":{"line":63,"column":3}},"22":{"start":{"line":60,"column":4},"end":{"line":62,"column":6}},"23":{"start":{"line":65,"column":2},"end":{"line":70,"column":3}},"24":{"start":{"line":66,"column":22},"end":{"line":66,"column":43}},"25":{"start":{"line":67,"column":4},"end":{"line":69,"column":6}},"26":{"start":{"line":72,"column":2},"end":{"line":72,"column":31}},"27":{"start":{"line":75,"column":0},"end":{"line":75,"column":32}}},"fnMap":{"0":{"name":"(anonymous_0)","decl":{"start":{"line":8,"column":27},"end":{"line":8,"column":28}},"loc":{"start":{"line":8,"column":33},"end":{"line":19,"column":1}},"line":8},"1":{"name":"(anonymous_1)","decl":{"start":{"line":21,"column":19},"end":{"line":21,"column":20}},"loc":{"start":{"line":21,"column":53},"end":{"line":73,"column":1}},"line":21}},"branchMap":{"0":{"loc":{"start":{"line":10,"column":2},"end":{"line":17,"column":3}},"type":"if","locations":[{"start":{"line":10,"column":2},"end":{"line":17,"column":3}},{"start":{},"end":{}}],"line":10},"1":{"loc":{"start":{"line":21,"column":36},"end":{"line":21,"column":48}},"type":"default-arg","locations":[{"start":{"line":21,"column":44},"end":{"line":21,"column":48}}],"line":21},"2":{"loc":{"start":{"line":27,"column":55},"end":{"line":27,"column":85}},"type":"cond-expr","locations":[{"start":{"line":27,"column":66},"end":{"line":27,"column":80}},{"start":{"line":27,"column":83},"end":{"line":27,"column":85}}],"line":27},"3":{"loc":{"start":{"line":30,"column":4},"end":{"line":32,"column":5}},"type":"if","locations":[{"start":{"line":30,"column":4},"end":{"line":32,"column":5}},{"start":{},"end":{}}],"line":30},"4":{"loc":{"start":{"line":30,"column":8},"end":{"line":30,"column":74}},"type":"binary-expr","locations":[{"start":{"line":30,"column":8},"end":{"line":30,"column":20}},{"start":{"line":30,"column":24},"end":{"line":30,"column":47}},{"start":{"line":30,"column":51},"end":{"line":30,"column":74}}],"line":30},"5":{"loc":{"start":{"line":45,"column":11},"end":{"line":45,"column":70}},"type":"binary-expr","locations":[{"start":{"line":45,"column":11},"end":{"line":45,"column":27}},{"start":{"line":45,"column":31},"end":{"line":45,"column":51}},{"start":{"line":45,"column":55},"end":{"line":45,"column":70}}],"line":45},"6":{"loc":{"start":{"line":49,"column":2},"end":{"line":51,"column":3}},"type":"if","locations":[{"start":{"line":49,"column":2},"end":{"line":51,"column":3}},{"start":{},"end":{}}],"line":49},"7":{"loc":{"start":{"line":59,"column":2},"end":{"line":63,"column":3}},"type":"if","locations":[{"start":{"line":59,"column":2},"end":{"line":63,"column":3}},{"start":{},"end":{}}],"line":59},"8":{"loc":{"start":{"line":59,"column":6},"end":{"line":59,"column":56}},"type":"binary-expr","locations":[{"start":{"line":59,"column":6},"end":{"line":59,"column":29}},{"start":{"line":59,"column":33},"end":{"line":59,"column":56}}],"line":59},"9":{"loc":{"start":{"line":65,"column":2},"end":{"line":70,"column":3}},"type":"if","locations":[{"start":{"line":65,"column":2},"end":{"line":70,"column":3}},{"start":{},"end":{}}],"line":65}},"s":{"0":1,"1":1,"2":1,"3":1,"4":4,"5":4,"6":3,"7":1,"8":1,"9":4,"10":4,"11":4,"12":4,"13":4,"14":3,"15":1,"16":3,"17":3,"18":3,"19":0,"20":3,"21":3,"22":1,"23":2,"24":1,"25":1,"26":1,"27":1},"f":{"0":4,"1":4},"b":{"0":[3,1],"1":[4],"2":[4,0],"3":[0,3],"4":[3,0,0],"5":[3,0,0],"6":[0,3],"7":[1,2],"8":[3,2],"9":[1,1]},"_coverageSchema":"1a1c01bbd47fc00a2c39e90264f33305004495a9","hash":"70a8552729531b451f971a15eff58f6f042d0d2e"}
,"/home/heather/Documents/Code/Anima/Plugins/OpenRouter.js": {"path":"/home/heather/Documents/Code/Anima/Plugins/OpenRouter.js","statementMap":{"0":{"start":{"line":1,"column":11},"end":{"line":1,"column":24}},"1":{"start":{"line":2,"column":13},"end":{"line":2,"column":28}},"2":{"start":{"line":3,"column":19},"end":{"line":3,"column":43}},"3":{"start":{"line":5,"column":27},"end":{"line":13,"column":1}},"4":{"start":{"line":6,"column":21},"end":{"line":6,"column":72}},"5":{"start":{"line":7,"column":2},"end":{"line":11,"column":3}},"6":{"start":{"line":8,"column":4},"end":{"line":10,"column":6}},"7":{"start":{"line":12,"column":2},"end":{"line":12,"column":57}},"8":{"start":{"line":15,"column":19},"end":{"line":53,"column":1}},"9":{"start":{"line":16,"column":25},"end":{"line":16,"column":45}},"10":{"start":{"line":18,"column":18},"end":{"line":23,"column":3}},"11":{"start":{"line":26,"column":15},"end":{"line":29,"column":3}},"12":{"start":{"line":31,"column":2},"end":{"line":33,"column":3}},"13":{"start":{"line":32,"column":4},"end":{"line":32,"column":23}},"14":{"start":{"line":35,"column":19},"end":{"line":39,"column":4}},"15":{"start":{"line":41,"column":2},"end":{"line":45,"column":3}},"16":{"start":{"line":42,"column":4},"end":{"line":44,"column":6}},"17":{"start":{"line":47,"column":2},"end":{"line":50,"column":3}},"18":{"start":{"line":48,"column":22},"end":{"line":48,"column":43}},"19":{"start":{"line":49,"column":4},"end":{"line":49,"column":100}},"20":{"start":{"line":52,"column":2},"end":{"line":52,"column":31}},"21":{"start":{"line":55,"column":0},"end":{"line":55,"column":32}}},"fnMap":{"0":{"name":"(anonymous_0)","decl":{"start":{"line":5,"column":27},"end":{"line":5,"column":28}},"loc":{"start":{"line":5,"column":33},"end":{"line":13,"column":1}},"line":5},"1":{"name":"(anonymous_1)","decl":{"start":{"line":15,"column":19},"end":{"line":15,"column":20}},"loc":{"start":{"line":15,"column":53},"end":{"line":53,"column":1}},"line":15}},"branchMap":{"0":{"loc":{"start":{"line":7,"column":2},"end":{"line":11,"column":3}},"type":"if","locations":[{"start":{"line":7,"column":2},"end":{"line":11,"column":3}},{"start":{},"end":{}}],"line":7},"1":{"loc":{"start":{"line":15,"column":36},"end":{"line":15,"column":48}},"type":"default-arg","locations":[{"start":{"line":15,"column":44},"end":{"line":15,"column":48}}],"line":15},"2":{"loc":{"start":{"line":27,"column":11},"end":{"line":27,"column":70}},"type":"binary-expr","locations":[{"start":{"line":27,"column":11},"end":{"line":27,"column":27}},{"start":{"line":27,"column":31},"end":{"line":27,"column":51}},{"start":{"line":27,"column":55},"end":{"line":27,"column":70}}],"line":27},"3":{"loc":{"start":{"line":31,"column":2},"end":{"line":33,"column":3}},"type":"if","locations":[{"start":{"line":31,"column":2},"end":{"line":33,"column":3}},{"start":{},"end":{}}],"line":31},"4":{"loc":{"start":{"line":41,"column":2},"end":{"line":45,"column":3}},"type":"if","locations":[{"start":{"line":41,"column":2},"end":{"line":45,"column":3}},{"start":{},"end":{}}],"line":41},"5":{"loc":{"start":{"line":41,"column":6},"end":{"line":41,"column":56}},"type":"binary-expr","locations":[{"start":{"line":41,"column":6},"end":{"line":41,"column":29}},{"start":{"line":41,"column":33},"end":{"line":41,"column":56}}],"line":41},"6":{"loc":{"start":{"line":47,"column":2},"end":{"line":50,"column":3}},"type":"if","locations":[{"start":{"line":47,"column":2},"end":{"line":50,"column":3}},{"start":{},"end":{}}],"line":47}},"s":{"0":1,"1":1,"2":1,"3":1,"4":4,"5":4,"6":1,"7":3,"8":1,"9":4,"10":3,"11":3,"12":3,"13":0,"14":3,"15":3,"16":1,"17":2,"18":1,"19":1,"20":1,"21":1},"f":{"0":4,"1":4},"b":{"0":[1,3],"1":[4],"2":[3,0,0],"3":[0,3],"4":[1,2],"5":[3,2],"6":[1,1]},"_coverageSchema":"1a1c01bbd47fc00a2c39e90264f33305004495a9","hash":"b628552addcb7fb741873f1d838e30336657dfc5"}
,"/home/heather/Documents/Code/Anima/Skills/A2A.js": {"path":"/home/heather/Documents/Code/Anima/Skills/A2A.js","statementMap":{"0":{"start":{"line":1,"column":13},"end":{"line":1,"column":33}},"1":{"start":{"line":2,"column":11},"end":{"line":2,"column":29}},"2":{"start":{"line":3,"column":13},"end":{"line":3,"column":33}},"3":{"start":{"line":4,"column":11},"end":{"line":4,"column":29}},"4":{"start":{"line":5,"column":14},"end":{"line":5,"column":35}},"5":{"start":{"line":6,"column":15},"end":{"line":6,"column":37}},"6":{"start":{"line":7,"column":15},"end":{"line":7,"column":39}},"7":{"start":{"line":10,"column":21},"end":{"line":15,"column":1}},"8":{"start":{"line":11,"column":15},"end":{"line":11,"column":55}},"9":{"start":{"line":12,"column":22},"end":{"line":12,"column":49}},"10":{"start":{"line":13,"column":2},"end":{"line":13,"column":82}},"11":{"start":{"line":13,"column":35},"end":{"line":13,"column":82}},"12":{"start":{"line":14,"column":2},"end":{"line":14,"column":46}},"13":{"start":{"line":17,"column":17},"end":{"line":25,"column":1}},"14":{"start":{"line":18,"column":12},"end":{"line":18,"column":26}},"15":{"start":{"line":19,"column":2},"end":{"line":19,"column":61}},"16":{"start":{"line":19,"column":25},"end":{"line":19,"column":61}},"17":{"start":{"line":20,"column":2},"end":{"line":24,"column":3}},"18":{"start":{"line":21,"column":4},"end":{"line":21,"column":50}},"19":{"start":{"line":23,"column":4},"end":{"line":23,"column":40}},"20":{"start":{"line":27,"column":18},"end":{"line":29,"column":1}},"21":{"start":{"line":28,"column":2},"end":{"line":28,"column":67}},"22":{"start":{"line":34,"column":13},"end":{"line":34,"column":17}},"23":{"start":{"line":35,"column":16},"end":{"line":35,"column":20}},"24":{"start":{"line":36,"column":23},"end":{"line":36,"column":28}},"25":{"start":{"line":38,"column":20},"end":{"line":246,"column":1}},"26":{"start":{"line":39,"column":2},"end":{"line":39,"column":21}},"27":{"start":{"line":39,"column":14},"end":{"line":39,"column":21}},"28":{"start":{"line":41,"column":20},"end":{"line":41,"column":47}},"29":{"start":{"line":42,"column":13},"end":{"line":42,"column":14}},"30":{"start":{"line":43,"column":2},"end":{"line":46,"column":3}},"31":{"start":{"line":43,"column":15},"end":{"line":43,"column":16}},"32":{"start":{"line":44,"column":4},"end":{"line":44,"column":56}},"33":{"start":{"line":45,"column":4},"end":{"line":45,"column":14}},"34":{"start":{"line":47,"column":15},"end":{"line":47,"column":44}},"35":{"start":{"line":50,"column":2},"end":{"line":203,"column":5}},"36":{"start":{"line":52,"column":4},"end":{"line":82,"column":5}},"37":{"start":{"line":53,"column":17},"end":{"line":53,"column":19}},"38":{"start":{"line":54,"column":6},"end":{"line":56,"column":9}},"39":{"start":{"line":55,"column":8},"end":{"line":55,"column":22}},"40":{"start":{"line":57,"column":6},"end":{"line":80,"column":9}},"41":{"start":{"line":58,"column":8},"end":{"line":79,"column":9}},"42":{"start":{"line":59,"column":41},"end":{"line":59,"column":57}},"43":{"start":{"line":60,"column":24},"end":{"line":60,"column":34}},"44":{"start":{"line":61,"column":10},"end":{"line":64,"column":11}},"45":{"start":{"line":62,"column":12},"end":{"line":62,"column":71}},"46":{"start":{"line":63,"column":12},"end":{"line":63,"column":98}},"47":{"start":{"line":66,"column":10},"end":{"line":66,"column":85}},"48":{"start":{"line":67,"column":10},"end":{"line":67,"column":27}},"49":{"start":{"line":69,"column":10},"end":{"line":72,"column":12}},"50":{"start":{"line":74,"column":10},"end":{"line":74,"column":69}},"51":{"start":{"line":75,"column":10},"end":{"line":75,"column":57}},"52":{"start":{"line":77,"column":10},"end":{"line":77,"column":29}},"53":{"start":{"line":78,"column":10},"end":{"line":78,"column":20}},"54":{"start":{"line":81,"column":6},"end":{"line":81,"column":13}},"55":{"start":{"line":85,"column":4},"end":{"line":105,"column":5}},"56":{"start":{"line":86,"column":17},"end":{"line":86,"column":19}},"57":{"start":{"line":87,"column":6},"end":{"line":89,"column":9}},"58":{"start":{"line":88,"column":8},"end":{"line":88,"column":22}},"59":{"start":{"line":90,"column":6},"end":{"line":103,"column":9}},"60":{"start":{"line":91,"column":8},"end":{"line":102,"column":9}},"61":{"start":{"line":92,"column":23},"end":{"line":92,"column":39}},"62":{"start":{"line":93,"column":10},"end":{"line":96,"column":12}},"63":{"start":{"line":97,"column":10},"end":{"line":97,"column":29}},"64":{"start":{"line":98,"column":10},"end":{"line":98,"column":24}},"65":{"start":{"line":100,"column":10},"end":{"line":100,"column":29}},"66":{"start":{"line":101,"column":10},"end":{"line":101,"column":20}},"67":{"start":{"line":104,"column":6},"end":{"line":104,"column":13}},"68":{"start":{"line":108,"column":4},"end":{"line":202,"column":5}},"69":{"start":{"line":110,"column":19},"end":{"line":110,"column":47}},"70":{"start":{"line":111,"column":20},"end":{"line":111,"column":74}},"71":{"start":{"line":112,"column":20},"end":{"line":112,"column":30}},"72":{"start":{"line":113,"column":26},"end":{"line":113,"column":85}},"73":{"start":{"line":113,"column":67},"end":{"line":113,"column":84}},"74":{"start":{"line":115,"column":6},"end":{"line":118,"column":7}},"75":{"start":{"line":116,"column":8},"end":{"line":116,"column":67}},"76":{"start":{"line":117,"column":8},"end":{"line":117,"column":85}},"77":{"start":{"line":120,"column":17},"end":{"line":120,"column":19}},"78":{"start":{"line":121,"column":6},"end":{"line":123,"column":9}},"79":{"start":{"line":122,"column":8},"end":{"line":122,"column":22}},"80":{"start":{"line":124,"column":6},"end":{"line":198,"column":9}},"81":{"start":{"line":125,"column":8},"end":{"line":197,"column":9}},"82":{"start":{"line":126,"column":54},"end":{"line":126,"column":70}},"83":{"start":{"line":127,"column":26},"end":{"line":127,"column":63}},"84":{"start":{"line":128,"column":31},"end":{"line":128,"column":52}},"85":{"start":{"line":131,"column":10},"end":{"line":171,"column":11}},"86":{"start":{"line":137,"column":31},"end":{"line":137,"column":66}},"87":{"start":{"line":139,"column":12},"end":{"line":145,"column":13}},"88":{"start":{"line":140,"column":14},"end":{"line":140,"column":78}},"89":{"start":{"line":141,"column":14},"end":{"line":141,"column":70}},"90":{"start":{"line":143,"column":14},"end":{"line":143,"column":84}},"91":{"start":{"line":144,"column":14},"end":{"line":144,"column":76}},"92":{"start":{"line":147,"column":26},"end":{"line":147,"column":28}},"93":{"start":{"line":148,"column":12},"end":{"line":150,"column":13}},"94":{"start":{"line":149,"column":14},"end":{"line":149,"column":90}},"95":{"start":{"line":151,"column":12},"end":{"line":153,"column":13}},"96":{"start":{"line":152,"column":14},"end":{"line":152,"column":80}},"97":{"start":{"line":155,"column":12},"end":{"line":157,"column":13}},"98":{"start":{"line":156,"column":14},"end":{"line":156,"column":150}},"99":{"start":{"line":159,"column":29},"end":{"line":168,"column":13}},"100":{"start":{"line":169,"column":12},"end":{"line":169,"column":71}},"101":{"start":{"line":170,"column":12},"end":{"line":170,"column":53}},"102":{"start":{"line":174,"column":29},"end":{"line":174,"column":52}},"103":{"start":{"line":176,"column":33},"end":{"line":182,"column":11}},"104":{"start":{"line":184,"column":36},"end":{"line":184,"column":65}},"105":{"start":{"line":186,"column":10},"end":{"line":193,"column":11}},"106":{"start":{"line":187,"column":27},"end":{"line":187,"column":74}},"107":{"start":{"line":188,"column":12},"end":{"line":188,"column":71}},"108":{"start":{"line":189,"column":12},"end":{"line":189,"column":44}},"109":{"start":{"line":191,"column":12},"end":{"line":191,"column":71}},"110":{"start":{"line":192,"column":12},"end":{"line":192,"column":80}},"111":{"start":{"line":195,"column":10},"end":{"line":195,"column":29}},"112":{"start":{"line":196,"column":10},"end":{"line":196,"column":20}},"113":{"start":{"line":200,"column":6},"end":{"line":200,"column":25}},"114":{"start":{"line":201,"column":6},"end":{"line":201,"column":16}},"115":{"start":{"line":205,"column":2},"end":{"line":207,"column":5}},"116":{"start":{"line":206,"column":4},"end":{"line":206,"column":94}},"117":{"start":{"line":210,"column":2},"end":{"line":231,"column":3}},"118":{"start":{"line":211,"column":4},"end":{"line":211,"column":70}},"119":{"start":{"line":213,"column":4},"end":{"line":222,"column":7}},"120":{"start":{"line":214,"column":6},"end":{"line":221,"column":7}},"121":{"start":{"line":215,"column":25},"end":{"line":219,"column":10}},"122":{"start":{"line":220,"column":8},"end":{"line":220,"column":60}},"123":{"start":{"line":224,"column":4},"end":{"line":226,"column":7}},"124":{"start":{"line":225,"column":6},"end":{"line":225,"column":68}},"125":{"start":{"line":228,"column":4},"end":{"line":228,"column":35}},"126":{"start":{"line":230,"column":4},"end":{"line":230,"column":74}},"127":{"start":{"line":233,"column":18},"end":{"line":242,"column":3}},"128":{"start":{"line":234,"column":4},"end":{"line":234,"column":31}},"129":{"start":{"line":234,"column":16},"end":{"line":234,"column":31}},"130":{"start":{"line":235,"column":4},"end":{"line":241,"column":5}},"131":{"start":{"line":236,"column":6},"end":{"line":240,"column":7}},"132":{"start":{"line":237,"column":8},"end":{"line":237,"column":26}},"133":{"start":{"line":244,"column":2},"end":{"line":244,"column":32}},"134":{"start":{"line":245,"column":2},"end":{"line":245,"column":30}},"135":{"start":{"line":249,"column":0},"end":{"line":613,"column":2}},"136":{"start":{"line":253,"column":6},"end":{"line":315,"column":7}},"137":{"start":{"line":254,"column":20},"end":{"line":254,"column":26}},"138":{"start":{"line":255,"column":8},"end":{"line":259,"column":9}},"139":{"start":{"line":256,"column":24},"end":{"line":256,"column":34}},"140":{"start":{"line":257,"column":26},"end":{"line":257,"column":91}},"141":{"start":{"line":257,"column":67},"end":{"line":257,"column":90}},"142":{"start":{"line":258,"column":10},"end":{"line":258,"column":45}},"143":{"start":{"line":258,"column":23},"end":{"line":258,"column":45}},"144":{"start":{"line":261,"column":21},"end":{"line":269,"column":9}},"145":{"start":{"line":271,"column":24},"end":{"line":271,"column":62}},"146":{"start":{"line":272,"column":8},"end":{"line":272,"column":64}},"147":{"start":{"line":272,"column":19},"end":{"line":272,"column":64}},"148":{"start":{"line":274,"column":23},"end":{"line":279,"column":10}},"149":{"start":{"line":282,"column":8},"end":{"line":306,"column":9}},"150":{"start":{"line":283,"column":26},"end":{"line":283,"column":78}},"151":{"start":{"line":284,"column":26},"end":{"line":291,"column":12}},"152":{"start":{"line":292,"column":27},"end":{"line":292,"column":47}},"153":{"start":{"line":293,"column":10},"end":{"line":295,"column":11}},"154":{"start":{"line":294,"column":12},"end":{"line":294,"column":111}},"155":{"start":{"line":296,"column":10},"end":{"line":305,"column":11}},"156":{"start":{"line":298,"column":12},"end":{"line":298,"column":66}},"157":{"start":{"line":299,"column":12},"end":{"line":304,"column":15}},"158":{"start":{"line":308,"column":8},"end":{"line":308,"column":69}},"159":{"start":{"line":308,"column":26},"end":{"line":308,"column":69}},"160":{"start":{"line":309,"column":21},"end":{"line":309,"column":42}},"161":{"start":{"line":310,"column":24},"end":{"line":310,"column":55}},"162":{"start":{"line":312,"column":8},"end":{"line":312,"column":71}},"163":{"start":{"line":314,"column":8},"end":{"line":314,"column":53}},"164":{"start":{"line":318,"column":6},"end":{"line":386,"column":7}},"165":{"start":{"line":319,"column":20},"end":{"line":319,"column":26}},"166":{"start":{"line":320,"column":8},"end":{"line":324,"column":9}},"167":{"start":{"line":321,"column":24},"end":{"line":321,"column":34}},"168":{"start":{"line":322,"column":26},"end":{"line":322,"column":91}},"169":{"start":{"line":322,"column":67},"end":{"line":322,"column":90}},"170":{"start":{"line":323,"column":10},"end":{"line":323,"column":45}},"171":{"start":{"line":323,"column":23},"end":{"line":323,"column":45}},"172":{"start":{"line":326,"column":21},"end":{"line":334,"column":9}},"173":{"start":{"line":336,"column":24},"end":{"line":336,"column":62}},"174":{"start":{"line":337,"column":8},"end":{"line":337,"column":64}},"175":{"start":{"line":337,"column":19},"end":{"line":337,"column":64}},"176":{"start":{"line":339,"column":23},"end":{"line":344,"column":10}},"177":{"start":{"line":347,"column":8},"end":{"line":370,"column":9}},"178":{"start":{"line":348,"column":26},"end":{"line":348,"column":78}},"179":{"start":{"line":349,"column":26},"end":{"line":356,"column":12}},"180":{"start":{"line":357,"column":27},"end":{"line":357,"column":47}},"181":{"start":{"line":358,"column":10},"end":{"line":360,"column":11}},"182":{"start":{"line":359,"column":12},"end":{"line":359,"column":111}},"183":{"start":{"line":361,"column":10},"end":{"line":369,"column":11}},"184":{"start":{"line":362,"column":12},"end":{"line":362,"column":66}},"185":{"start":{"line":363,"column":12},"end":{"line":368,"column":15}},"186":{"start":{"line":372,"column":8},"end":{"line":372,"column":69}},"187":{"start":{"line":372,"column":26},"end":{"line":372,"column":69}},"188":{"start":{"line":373,"column":21},"end":{"line":373,"column":42}},"189":{"start":{"line":374,"column":24},"end":{"line":374,"column":55}},"190":{"start":{"line":376,"column":21},"end":{"line":376,"column":61}},"191":{"start":{"line":377,"column":25},"end":{"line":377,"column":59}},"192":{"start":{"line":378,"column":8},"end":{"line":378,"column":82}},"193":{"start":{"line":378,"column":38},"end":{"line":378,"column":82}},"194":{"start":{"line":380,"column":25},"end":{"line":380,"column":93}},"195":{"start":{"line":381,"column":8},"end":{"line":381,"column":65}},"196":{"start":{"line":383,"column":8},"end":{"line":383,"column":93}},"197":{"start":{"line":385,"column":8},"end":{"line":385,"column":57}},"198":{"start":{"line":392,"column":21},"end":{"line":392,"column":30}},"199":{"start":{"line":395,"column":6},"end":{"line":439,"column":7}},"200":{"start":{"line":396,"column":8},"end":{"line":438,"column":9}},"201":{"start":{"line":397,"column":29},"end":{"line":433,"column":12}},"202":{"start":{"line":398,"column":27},"end":{"line":398,"column":53}},"203":{"start":{"line":399,"column":26},"end":{"line":399,"column":28}},"204":{"start":{"line":400,"column":12},"end":{"line":409,"column":15}},"205":{"start":{"line":401,"column":14},"end":{"line":408,"column":15}},"206":{"start":{"line":402,"column":29},"end":{"line":402,"column":55}},"207":{"start":{"line":403,"column":16},"end":{"line":405,"column":17}},"208":{"start":{"line":404,"column":18},"end":{"line":404,"column":89}},"209":{"start":{"line":411,"column":12},"end":{"line":427,"column":15}},"210":{"start":{"line":412,"column":14},"end":{"line":412,"column":40}},"211":{"start":{"line":413,"column":30},"end":{"line":413,"column":59}},"212":{"start":{"line":414,"column":14},"end":{"line":414,"column":70}},"213":{"start":{"line":417,"column":33},"end":{"line":417,"column":55}},"214":{"start":{"line":418,"column":14},"end":{"line":426,"column":15}},"215":{"start":{"line":419,"column":16},"end":{"line":425,"column":17}},"216":{"start":{"line":420,"column":18},"end":{"line":424,"column":19}},"217":{"start":{"line":421,"column":34},"end":{"line":421,"column":58}},"218":{"start":{"line":422,"column":20},"end":{"line":422,"column":37}},"219":{"start":{"line":423,"column":20},"end":{"line":423,"column":74}},"220":{"start":{"line":429,"column":12},"end":{"line":432,"column":21}},"221":{"start":{"line":430,"column":14},"end":{"line":430,"column":29}},"222":{"start":{"line":431,"column":14},"end":{"line":431,"column":29}},"223":{"start":{"line":435,"column":10},"end":{"line":435,"column":55}},"224":{"start":{"line":435,"column":38},"end":{"line":435,"column":53}},"225":{"start":{"line":442,"column":6},"end":{"line":517,"column":7}},"226":{"start":{"line":443,"column":24},"end":{"line":443,"column":33}},"227":{"start":{"line":444,"column":24},"end":{"line":464,"column":9}},"228":{"start":{"line":445,"column":22},"end":{"line":445,"column":64}},"229":{"start":{"line":446,"column":10},"end":{"line":446,"column":39}},"230":{"start":{"line":446,"column":32},"end":{"line":446,"column":39}},"231":{"start":{"line":447,"column":10},"end":{"line":447,"column":27}},"232":{"start":{"line":449,"column":10},"end":{"line":463,"column":11}},"233":{"start":{"line":450,"column":31},"end":{"line":450,"column":52}},"234":{"start":{"line":451,"column":30},"end":{"line":451,"column":71}},"235":{"start":{"line":451,"column":47},"end":{"line":451,"column":65}},"236":{"start":{"line":452,"column":29},"end":{"line":455,"column":56}},"237":{"start":{"line":455,"column":28},"end":{"line":455,"column":54}},"238":{"start":{"line":457,"column":12},"end":{"line":459,"column":13}},"239":{"start":{"line":458,"column":14},"end":{"line":458,"column":30}},"240":{"start":{"line":460,"column":12},"end":{"line":460,"column":36}},"241":{"start":{"line":466,"column":26},"end":{"line":477,"column":9}},"242":{"start":{"line":467,"column":28},"end":{"line":467,"column":30}},"243":{"start":{"line":468,"column":10},"end":{"line":476,"column":11}},"244":{"start":{"line":468,"column":23},"end":{"line":468,"column":24}},"245":{"start":{"line":469,"column":26},"end":{"line":469,"column":28}},"246":{"start":{"line":470,"column":12},"end":{"line":474,"column":13}},"247":{"start":{"line":470,"column":25},"end":{"line":470,"column":26}},"248":{"start":{"line":471,"column":14},"end":{"line":473,"column":15}},"249":{"start":{"line":472,"column":16},"end":{"line":472,"column":50}},"250":{"start":{"line":475,"column":12},"end":{"line":475,"column":37}},"251":{"start":{"line":479,"column":8},"end":{"line":482,"column":10}},"252":{"start":{"line":481,"column":79},"end":{"line":481,"column":92}},"253":{"start":{"line":484,"column":27},"end":{"line":484,"column":49}},"254":{"start":{"line":485,"column":25},"end":{"line":485,"column":27}},"255":{"start":{"line":486,"column":8},"end":{"line":492,"column":9}},"256":{"start":{"line":487,"column":10},"end":{"line":491,"column":11}},"257":{"start":{"line":488,"column":12},"end":{"line":490,"column":13}},"258":{"start":{"line":489,"column":14},"end":{"line":489,"column":43}},"259":{"start":{"line":494,"column":8},"end":{"line":498,"column":9}},"260":{"start":{"line":495,"column":25},"end":{"line":495,"column":65}},"261":{"start":{"line":496,"column":22},"end":{"line":496,"column":81}},"262":{"start":{"line":496,"column":60},"end":{"line":496,"column":80}},"263":{"start":{"line":497,"column":10},"end":{"line":497,"column":51}},"264":{"start":{"line":500,"column":8},"end":{"line":516,"column":9}},"265":{"start":{"line":501,"column":25},"end":{"line":505,"column":11}},"266":{"start":{"line":502,"column":82},"end":{"line":502,"column":83}},"267":{"start":{"line":503,"column":77},"end":{"line":503,"column":83}},"268":{"start":{"line":504,"column":77},"end":{"line":504,"column":78}},"269":{"start":{"line":507,"column":10},"end":{"line":515,"column":11}},"270":{"start":{"line":508,"column":12},"end":{"line":513,"column":13}},"271":{"start":{"line":509,"column":29},"end":{"line":509,"column":91}},"272":{"start":{"line":510,"column":26},"end":{"line":510,"column":75}},"273":{"start":{"line":511,"column":14},"end":{"line":511,"column":55}},"274":{"start":{"line":512,"column":14},"end":{"line":512,"column":42}},"275":{"start":{"line":512,"column":36},"end":{"line":512,"column":42}},"276":{"start":{"line":514,"column":12},"end":{"line":514,"column":40}},"277":{"start":{"line":514,"column":34},"end":{"line":514,"column":40}},"278":{"start":{"line":519,"column":26},"end":{"line":519,"column":44}},"279":{"start":{"line":520,"column":6},"end":{"line":524,"column":7}},"280":{"start":{"line":521,"column":8},"end":{"line":523,"column":59}},"281":{"start":{"line":526,"column":6},"end":{"line":528,"column":40}},"282":{"start":{"line":531,"column":20},"end":{"line":531,"column":30}},"283":{"start":{"line":533,"column":6},"end":{"line":550,"column":7}},"284":{"start":{"line":534,"column":18},"end":{"line":534,"column":43}},"285":{"start":{"line":535,"column":24},"end":{"line":535,"column":52}},"286":{"start":{"line":536,"column":8},"end":{"line":541,"column":12}},"287":{"start":{"line":536,"column":34},"end":{"line":536,"column":52}},"288":{"start":{"line":538,"column":10},"end":{"line":541,"column":12}},"289":{"start":{"line":540,"column":15},"end":{"line":540,"column":106}},"290":{"start":{"line":543,"column":8},"end":{"line":543,"column":46}},"291":{"start":{"line":544,"column":24},"end":{"line":544,"column":52}},"292":{"start":{"line":545,"column":8},"end":{"line":547,"column":98}},"293":{"start":{"line":545,"column":34},"end":{"line":545,"column":52}},"294":{"start":{"line":547,"column":10},"end":{"line":547,"column":98}},"295":{"start":{"line":547,"column":34},"end":{"line":547,"column":95}},"296":{"start":{"line":549,"column":8},"end":{"line":549,"column":19}},"297":{"start":{"line":552,"column":6},"end":{"line":564,"column":7}},"298":{"start":{"line":553,"column":8},"end":{"line":553,"column":90}},"299":{"start":{"line":553,"column":39},"end":{"line":553,"column":90}},"300":{"start":{"line":554,"column":21},"end":{"line":554,"column":38}},"301":{"start":{"line":555,"column":8},"end":{"line":555,"column":33}},"302":{"start":{"line":558,"column":8},"end":{"line":558,"column":60}},"303":{"start":{"line":559,"column":8},"end":{"line":559,"column":37}},"304":{"start":{"line":560,"column":8},"end":{"line":560,"column":33}},"305":{"start":{"line":561,"column":8},"end":{"line":561,"column":25}},"306":{"start":{"line":563,"column":8},"end":{"line":563,"column":113}},"307":{"start":{"line":566,"column":6},"end":{"line":571,"column":7}},"308":{"start":{"line":567,"column":8},"end":{"line":567,"column":90}},"309":{"start":{"line":567,"column":39},"end":{"line":567,"column":90}},"310":{"start":{"line":568,"column":8},"end":{"line":568,"column":50}},"311":{"start":{"line":569,"column":8},"end":{"line":569,"column":25}},"312":{"start":{"line":570,"column":8},"end":{"line":570,"column":90}},"313":{"start":{"line":573,"column":6},"end":{"line":585,"column":7}},"314":{"start":{"line":574,"column":8},"end":{"line":578,"column":9}},"315":{"start":{"line":575,"column":10},"end":{"line":575,"column":35}},"316":{"start":{"line":576,"column":10},"end":{"line":576,"column":27}},"317":{"start":{"line":577,"column":10},"end":{"line":577,"column":56}},"318":{"start":{"line":579,"column":8},"end":{"line":583,"column":9}},"319":{"start":{"line":580,"column":10},"end":{"line":580,"column":35}},"320":{"start":{"line":581,"column":10},"end":{"line":581,"column":27}},"321":{"start":{"line":582,"column":10},"end":{"line":582,"column":49}},"322":{"start":{"line":584,"column":8},"end":{"line":584,"column":73}},"323":{"start":{"line":587,"column":6},"end":{"line":587,"column":100}},"324":{"start":{"line":591,"column":24},"end":{"line":591,"column":51}},"325":{"start":{"line":592,"column":17},"end":{"line":592,"column":18}},"326":{"start":{"line":593,"column":6},"end":{"line":596,"column":7}},"327":{"start":{"line":593,"column":19},"end":{"line":593,"column":20}},"328":{"start":{"line":594,"column":8},"end":{"line":594,"column":60}},"329":{"start":{"line":595,"column":8},"end":{"line":595,"column":18}},"330":{"start":{"line":597,"column":19},"end":{"line":597,"column":48}},"331":{"start":{"line":599,"column":25},"end":{"line":599,"column":47}},"332":{"start":{"line":600,"column":20},"end":{"line":600,"column":31}},"333":{"start":{"line":601,"column":6},"end":{"line":608,"column":7}},"334":{"start":{"line":602,"column":8},"end":{"line":607,"column":9}},"335":{"start":{"line":603,"column":10},"end":{"line":606,"column":11}},"336":{"start":{"line":604,"column":12},"end":{"line":604,"column":36}},"337":{"start":{"line":605,"column":12},"end":{"line":605,"column":18}},"338":{"start":{"line":610,"column":6},"end":{"line":610,"column":122}}},"fnMap":{"0":{"name":"(anonymous_0)","decl":{"start":{"line":10,"column":21},"end":{"line":10,"column":22}},"loc":{"start":{"line":10,"column":27},"end":{"line":15,"column":1}},"line":10},"1":{"name":"(anonymous_1)","decl":{"start":{"line":17,"column":17},"end":{"line":17,"column":18}},"loc":{"start":{"line":17,"column":23},"end":{"line":25,"column":1}},"line":17},"2":{"name":"(anonymous_2)","decl":{"start":{"line":27,"column":18},"end":{"line":27,"column":19}},"loc":{"start":{"line":27,"column":29},"end":{"line":29,"column":1}},"line":27},"3":{"name":"(anonymous_3)","decl":{"start":{"line":38,"column":20},"end":{"line":38,"column":21}},"loc":{"start":{"line":38,"column":33},"end":{"line":246,"column":1}},"line":38},"4":{"name":"(anonymous_4)","decl":{"start":{"line":50,"column":29},"end":{"line":50,"column":30}},"loc":{"start":{"line":50,"column":43},"end":{"line":203,"column":3}},"line":50},"5":{"name":"(anonymous_5)","decl":{"start":{"line":54,"column":21},"end":{"line":54,"column":22}},"loc":{"start":{"line":54,"column":32},"end":{"line":56,"column":7}},"line":54},"6":{"name":"(anonymous_6)","decl":{"start":{"line":57,"column":20},"end":{"line":57,"column":21}},"loc":{"start":{"line":57,"column":26},"end":{"line":80,"column":7}},"line":57},"7":{"name":"(anonymous_7)","decl":{"start":{"line":87,"column":21},"end":{"line":87,"column":22}},"loc":{"start":{"line":87,"column":32},"end":{"line":89,"column":7}},"line":87},"8":{"name":"(anonymous_8)","decl":{"start":{"line":90,"column":20},"end":{"line":90,"column":21}},"loc":{"start":{"line":90,"column":26},"end":{"line":103,"column":7}},"line":90},"9":{"name":"(anonymous_9)","decl":{"start":{"line":113,"column":60},"end":{"line":113,"column":61}},"loc":{"start":{"line":113,"column":67},"end":{"line":113,"column":84}},"line":113},"10":{"name":"(anonymous_10)","decl":{"start":{"line":121,"column":21},"end":{"line":121,"column":22}},"loc":{"start":{"line":121,"column":32},"end":{"line":123,"column":7}},"line":121},"11":{"name":"(anonymous_11)","decl":{"start":{"line":124,"column":20},"end":{"line":124,"column":21}},"loc":{"start":{"line":124,"column":32},"end":{"line":198,"column":7}},"line":124},"12":{"name":"(anonymous_12)","decl":{"start":{"line":205,"column":33},"end":{"line":205,"column":34}},"loc":{"start":{"line":205,"column":39},"end":{"line":207,"column":3}},"line":205},"13":{"name":"(anonymous_13)","decl":{"start":{"line":213,"column":28},"end":{"line":213,"column":29}},"loc":{"start":{"line":213,"column":44},"end":{"line":222,"column":5}},"line":213},"14":{"name":"(anonymous_14)","decl":{"start":{"line":224,"column":26},"end":{"line":224,"column":27}},"loc":{"start":{"line":224,"column":35},"end":{"line":226,"column":5}},"line":224},"15":{"name":"(anonymous_15)","decl":{"start":{"line":233,"column":18},"end":{"line":233,"column":19}},"loc":{"start":{"line":233,"column":24},"end":{"line":242,"column":3}},"line":233},"16":{"name":"(anonymous_16)","decl":{"start":{"line":252,"column":19},"end":{"line":252,"column":20}},"loc":{"start":{"line":252,"column":80},"end":{"line":316,"column":5}},"line":252},"17":{"name":"(anonymous_17)","decl":{"start":{"line":257,"column":60},"end":{"line":257,"column":61}},"loc":{"start":{"line":257,"column":67},"end":{"line":257,"column":90}},"line":257},"18":{"name":"(anonymous_18)","decl":{"start":{"line":317,"column":22},"end":{"line":317,"column":23}},"loc":{"start":{"line":317,"column":77},"end":{"line":387,"column":5}},"line":317},"19":{"name":"(anonymous_19)","decl":{"start":{"line":322,"column":60},"end":{"line":322,"column":61}},"loc":{"start":{"line":322,"column":67},"end":{"line":322,"column":90}},"line":322},"20":{"name":"(anonymous_20)","decl":{"start":{"line":388,"column":21},"end":{"line":388,"column":22}},"loc":{"start":{"line":391,"column":9},"end":{"line":529,"column":5}},"line":391},"21":{"name":"(anonymous_21)","decl":{"start":{"line":397,"column":47},"end":{"line":397,"column":48}},"loc":{"start":{"line":397,"column":60},"end":{"line":433,"column":11}},"line":397},"22":{"name":"(anonymous_22)","decl":{"start":{"line":400,"column":33},"end":{"line":400,"column":34}},"loc":{"start":{"line":400,"column":49},"end":{"line":409,"column":13}},"line":400},"23":{"name":"(anonymous_23)","decl":{"start":{"line":411,"column":27},"end":{"line":411,"column":28}},"loc":{"start":{"line":411,"column":33},"end":{"line":427,"column":13}},"line":411},"24":{"name":"(anonymous_24)","decl":{"start":{"line":429,"column":23},"end":{"line":429,"column":24}},"loc":{"start":{"line":429,"column":29},"end":{"line":432,"column":13}},"line":429},"25":{"name":"(anonymous_25)","decl":{"start":{"line":435,"column":29},"end":{"line":435,"column":30}},"loc":{"start":{"line":435,"column":38},"end":{"line":435,"column":53}},"line":435},"26":{"name":"(anonymous_26)","decl":{"start":{"line":444,"column":24},"end":{"line":444,"column":25}},"loc":{"start":{"line":444,"column":44},"end":{"line":464,"column":9}},"line":444},"27":{"name":"(anonymous_27)","decl":{"start":{"line":451,"column":41},"end":{"line":451,"column":42}},"loc":{"start":{"line":451,"column":47},"end":{"line":451,"column":65}},"line":451},"28":{"name":"(anonymous_28)","decl":{"start":{"line":455,"column":21},"end":{"line":455,"column":22}},"loc":{"start":{"line":455,"column":28},"end":{"line":455,"column":54}},"line":455},"29":{"name":"(anonymous_29)","decl":{"start":{"line":466,"column":26},"end":{"line":466,"column":27}},"loc":{"start":{"line":466,"column":48},"end":{"line":477,"column":9}},"line":466},"30":{"name":"(anonymous_30)","decl":{"start":{"line":481,"column":69},"end":{"line":481,"column":70}},"loc":{"start":{"line":481,"column":79},"end":{"line":481,"column":92}},"line":481},"31":{"name":"(anonymous_31)","decl":{"start":{"line":496,"column":50},"end":{"line":496,"column":51}},"loc":{"start":{"line":496,"column":60},"end":{"line":496,"column":80}},"line":496},"32":{"name":"(anonymous_32)","decl":{"start":{"line":502,"column":72},"end":{"line":502,"column":73}},"loc":{"start":{"line":502,"column":82},"end":{"line":502,"column":83}},"line":502},"33":{"name":"(anonymous_33)","decl":{"start":{"line":503,"column":67},"end":{"line":503,"column":68}},"loc":{"start":{"line":503,"column":77},"end":{"line":503,"column":83}},"line":503},"34":{"name":"(anonymous_34)","decl":{"start":{"line":504,"column":67},"end":{"line":504,"column":68}},"loc":{"start":{"line":504,"column":77},"end":{"line":504,"column":78}},"line":504},"35":{"name":"(anonymous_35)","decl":{"start":{"line":530,"column":18},"end":{"line":530,"column":19}},"loc":{"start":{"line":530,"column":81},"end":{"line":588,"column":5}},"line":530},"36":{"name":"(anonymous_36)","decl":{"start":{"line":539,"column":12},"end":{"line":539,"column":13}},"loc":{"start":{"line":540,"column":15},"end":{"line":540,"column":106}},"line":540},"37":{"name":"(anonymous_37)","decl":{"start":{"line":547,"column":26},"end":{"line":547,"column":27}},"loc":{"start":{"line":547,"column":34},"end":{"line":547,"column":95}},"line":547},"38":{"name":"(anonymous_38)","decl":{"start":{"line":589,"column":24},"end":{"line":589,"column":25}},"loc":{"start":{"line":589,"column":55},"end":{"line":611,"column":5}},"line":589}},"branchMap":{"0":{"loc":{"start":{"line":11,"column":28},"end":{"line":11,"column":54}},"type":"binary-expr","locations":[{"start":{"line":11,"column":28},"end":{"line":11,"column":47}},{"start":{"line":11,"column":51},"end":{"line":11,"column":54}}],"line":11},"1":{"loc":{"start":{"line":13,"column":2},"end":{"line":13,"column":82}},"type":"if","locations":[{"start":{"line":13,"column":2},"end":{"line":13,"column":82}},{"start":{},"end":{}}],"line":13},"2":{"loc":{"start":{"line":19,"column":2},"end":{"line":19,"column":61}},"type":"if","locations":[{"start":{"line":19,"column":2},"end":{"line":19,"column":61}},{"start":{},"end":{}}],"line":19},"3":{"loc":{"start":{"line":39,"column":2},"end":{"line":39,"column":21}},"type":"if","locations":[{"start":{"line":39,"column":2},"end":{"line":39,"column":21}},{"start":{},"end":{}}],"line":39},"4":{"loc":{"start":{"line":41,"column":20},"end":{"line":41,"column":47}},"type":"binary-expr","locations":[{"start":{"line":41,"column":20},"end":{"line":41,"column":36}},{"start":{"line":41,"column":40},"end":{"line":41,"column":47}}],"line":41},"5":{"loc":{"start":{"line":52,"column":4},"end":{"line":82,"column":5}},"type":"if","locations":[{"start":{"line":52,"column":4},"end":{"line":82,"column":5}},{"start":{},"end":{}}],"line":52},"6":{"loc":{"start":{"line":52,"column":8},"end":{"line":52,"column":55}},"type":"binary-expr","locations":[{"start":{"line":52,"column":8},"end":{"line":52,"column":29}},{"start":{"line":52,"column":33},"end":{"line":52,"column":55}}],"line":52},"7":{"loc":{"start":{"line":61,"column":10},"end":{"line":64,"column":11}},"type":"if","locations":[{"start":{"line":61,"column":10},"end":{"line":64,"column":11}},{"start":{},"end":{}}],"line":61},"8":{"loc":{"start":{"line":85,"column":4},"end":{"line":105,"column":5}},"type":"if","locations":[{"start":{"line":85,"column":4},"end":{"line":105,"column":5}},{"start":{},"end":{}}],"line":85},"9":{"loc":{"start":{"line":85,"column":8},"end":{"line":85,"column":58}},"type":"binary-expr","locations":[{"start":{"line":85,"column":8},"end":{"line":85,"column":29}},{"start":{"line":85,"column":33},"end":{"line":85,"column":58}}],"line":85},"10":{"loc":{"start":{"line":94,"column":62},"end":{"line":94,"column":86}},"type":"binary-expr","locations":[{"start":{"line":94,"column":62},"end":{"line":94,"column":73}},{"start":{"line":94,"column":77},"end":{"line":94,"column":86}}],"line":94},"11":{"loc":{"start":{"line":95,"column":25},"end":{"line":95,"column":61}},"type":"binary-expr","locations":[{"start":{"line":95,"column":25},"end":{"line":95,"column":36}},{"start":{"line":95,"column":40},"end":{"line":95,"column":61}}],"line":95},"12":{"loc":{"start":{"line":108,"column":4},"end":{"line":202,"column":5}},"type":"if","locations":[{"start":{"line":108,"column":4},"end":{"line":202,"column":5}},{"start":{"line":199,"column":11},"end":{"line":202,"column":5}}],"line":108},"13":{"loc":{"start":{"line":108,"column":8},"end":{"line":108,"column":67}},"type":"binary-expr","locations":[{"start":{"line":108,"column":8},"end":{"line":108,"column":29}},{"start":{"line":108,"column":33},"end":{"line":108,"column":67}}],"line":108},"14":{"loc":{"start":{"line":111,"column":20},"end":{"line":111,"column":74}},"type":"cond-expr","locations":[{"start":{"line":111,"column":50},"end":{"line":111,"column":67}},{"start":{"line":111,"column":70},"end":{"line":111,"column":74}}],"line":111},"15":{"loc":{"start":{"line":115,"column":6},"end":{"line":118,"column":7}},"type":"if","locations":[{"start":{"line":115,"column":6},"end":{"line":118,"column":7}},{"start":{},"end":{}}],"line":115},"16":{"loc":{"start":{"line":115,"column":10},"end":{"line":115,"column":66}},"type":"binary-expr","locations":[{"start":{"line":115,"column":10},"end":{"line":115,"column":22}},{"start":{"line":115,"column":26},"end":{"line":115,"column":66}}],"line":115},"17":{"loc":{"start":{"line":131,"column":10},"end":{"line":171,"column":11}},"type":"if","locations":[{"start":{"line":131,"column":10},"end":{"line":171,"column":11}},{"start":{},"end":{}}],"line":131},"18":{"loc":{"start":{"line":132,"column":12},"end":{"line":134,"column":48}},"type":"binary-expr","locations":[{"start":{"line":132,"column":12},"end":{"line":132,"column":45}},{"start":{"line":133,"column":12},"end":{"line":133,"column":41}},{"start":{"line":134,"column":12},"end":{"line":134,"column":48}}],"line":132},"19":{"loc":{"start":{"line":137,"column":31},"end":{"line":137,"column":66}},"type":"binary-expr","locations":[{"start":{"line":137,"column":31},"end":{"line":137,"column":54}},{"start":{"line":137,"column":58},"end":{"line":137,"column":66}}],"line":137},"20":{"loc":{"start":{"line":139,"column":12},"end":{"line":145,"column":13}},"type":"if","locations":[{"start":{"line":139,"column":12},"end":{"line":145,"column":13}},{"start":{"line":142,"column":19},"end":{"line":145,"column":13}}],"line":139},"21":{"loc":{"start":{"line":148,"column":12},"end":{"line":150,"column":13}},"type":"if","locations":[{"start":{"line":148,"column":12},"end":{"line":150,"column":13}},{"start":{},"end":{}}],"line":148},"22":{"loc":{"start":{"line":151,"column":12},"end":{"line":153,"column":13}},"type":"if","locations":[{"start":{"line":151,"column":12},"end":{"line":153,"column":13}},{"start":{},"end":{}}],"line":151},"23":{"loc":{"start":{"line":155,"column":12},"end":{"line":157,"column":13}},"type":"if","locations":[{"start":{"line":155,"column":12},"end":{"line":157,"column":13}},{"start":{},"end":{}}],"line":155},"24":{"loc":{"start":{"line":156,"column":32},"end":{"line":156,"column":59}},"type":"binary-expr","locations":[{"start":{"line":156,"column":32},"end":{"line":156,"column":48}},{"start":{"line":156,"column":52},"end":{"line":156,"column":59}}],"line":156},"25":{"loc":{"start":{"line":178,"column":94},"end":{"line":178,"column":129}},"type":"binary-expr","locations":[{"start":{"line":178,"column":94},"end":{"line":178,"column":111}},{"start":{"line":178,"column":115},"end":{"line":178,"column":129}}],"line":178},"26":{"loc":{"start":{"line":181,"column":17},"end":{"line":181,"column":175}},"type":"cond-expr","locations":[{"start":{"line":181,"column":83},"end":{"line":181,"column":156}},{"start":{"line":181,"column":159},"end":{"line":181,"column":175}}],"line":181},"27":{"loc":{"start":{"line":214,"column":6},"end":{"line":221,"column":7}},"type":"if","locations":[{"start":{"line":214,"column":6},"end":{"line":221,"column":7}},{"start":{},"end":{}}],"line":214},"28":{"loc":{"start":{"line":234,"column":4},"end":{"line":234,"column":31}},"type":"if","locations":[{"start":{"line":234,"column":4},"end":{"line":234,"column":31}},{"star
[...]
c":{"start":{"line":742,"column":6},"end":{"line":742,"column":64}},"type":"if","locations":[{"start":{"line":742,"column":6},"end":{"line":742,"column":64}},{"start":{},"end":{}}],"line":742},"98":{"loc":{"start":{"line":745,"column":6},"end":{"line":746,"column":41}},"type":"if","locations":[{"start":{"line":745,"column":6},"end":{"line":746,"column":41}},{"start":{},"end":{}}],"line":745},"99":{"loc":{"start":{"line":745,"column":10},"end":{"line":745,"column":88}},"type":"binary-expr","locations":[{"start":{"line":745,"column":10},"end":{"line":745,"column":28}},{"start":{"line":745,"column":33},"end":{"line":745,"column":52}},{"start":{"line":745,"column":56},"end":{"line":745,"column":87}}],"line":745},"100":{"loc":{"start":{"line":749,"column":6},"end":{"line":750,"column":81}},"type":"if","locations":[{"start":{"line":749,"column":6},"end":{"line":750,"column":81}},{"start":{},"end":{}}],"line":749},"101":{"loc":{"start":{"line":751,"column":6},"end":{"line":758,"column":7}},"type":"if","locations":[{"start":{"line":751,"column":6},"end":{"line":758,"column":7}},{"start":{},"end":{}}],"line":751},"102":{"loc":{"start":{"line":754,"column":43},"end":{"line":754,"column":63}},"type":"binary-expr","locations":[{"start":{"line":754,"column":43},"end":{"line":754,"column":49}},{"start":{"line":754,"column":53},"end":{"line":754,"column":63}}],"line":754},"103":{"loc":{"start":{"line":772,"column":2},"end":{"line":772,"column":40}},"type":"if","locations":[{"start":{"line":772,"column":2},"end":{"line":772,"column":40}},{"start":{},"end":{}}],"line":772},"104":{"loc":{"start":{"line":776,"column":4},"end":{"line":797,"column":5}},"type":"if","locations":[{"start":{"line":776,"column":4},"end":{"line":797,"column":5}},{"start":{},"end":{}}],"line":776},"105":{"loc":{"start":{"line":781,"column":6},"end":{"line":796,"column":7}},"type":"if","locations":[{"start":{"line":781,"column":6},"end":{"line":796,"column":7}},{"start":{},"end":{}}],"line":781},"106":{"loc":{"start":{"line":786,"column":10},"end":{"line":788,"column":11}},"type":"if","locations":[{"start":{"line":786,"column":10},"end":{"line":788,"column":11}},{"start":{},"end":{}}],"line":786},"107":{"loc":{"start":{"line":786,"column":14},"end":{"line":786,"column":61}},"type":"binary-expr","locations":[{"start":{"line":786,"column":14},"end":{"line":786,"column":28}},{"start":{"line":786,"column":32},"end":{"line":786,"column":61}}],"line":786},"108":{"loc":{"start":{"line":790,"column":10},"end":{"line":792,"column":11}},"type":"if","locations":[{"start":{"line":790,"column":10},"end":{"line":792,"column":11}},{"start":{},"end":{}}],"line":790}},"s":{"0":4,"1":4,"2":4,"3":4,"4":4,"5":59,"6":59,"7":59,"8":59,"9":2,"10":57,"11":57,"12":57,"13":57,"14":57,"15":516,"16":10,"17":47,"18":133,"19":8,"20":4,"21":43,"22":41,"23":41,"24":0,"25":41,"26":26,"27":15,"28":17,"29":17,"30":3,"31":14,"32":14,"33":13,"34":1,"35":2,"36":0,"37":4,"38":4,"39":5,"40":5,"41":1,"42":4,"43":4,"44":4,"45":3,"46":3,"47":1,"48":4,"49":4,"50":1,"51":3,"52":3,"53":3,"54":1,"55":2,"56":0,"57":5,"58":5,"59":1,"60":4,"61":2,"62":1,"63":3,"64":0,"65":0,"66":0,"67":3,"68":3,"69":3,"70":3,"71":3,"72":3,"73":3,"74":3,"75":1,"76":1,"77":3,"78":0,"79":0,"80":3,"81":0,"82":3,"83":3,"84":3,"85":0,"86":3,"87":1,"88":2,"89":2,"90":2,"91":0,"92":2,"93":2,"94":2,"95":0,"96":2,"97":2,"98":4,"99":4,"100":2,"101":0,"102":5,"103":5,"104":1,"105":4,"106":4,"107":4,"108":0,"109":4,"110":4,"111":4,"112":4,"113":4,"114":4,"115":1,"116":3,"117":3,"118":0,"119":3,"120":0,"121":3,"122":0,"123":3,"124":3,"125":3,"126":0,"127":3,"128":3,"129":3,"130":5,"131":0,"132":5,"133":2,"134":2,"135":2,"136":0,"137":3,"138":0,"139":0,"140":0,"141":0,"142":0,"143":0,"144":0,"145":0,"146":0,"147":0,"148":0,"149":0,"150":0,"151":0,"152":0,"153":3,"154":3,"155":3,"156":0,"157":0,"158":3,"159":3,"160":0,"161":3,"162":0,"163":3,"164":0,"165":5,"166":5,"167":5,"168":5,"169":0,"170":5,"171":1,"172":1,"173":1,"174":1,"175":1,"176":1,"177":2,"178":2,"179":2,"180":0,"181":2,"182":1,"183":4,"184":4,"185":4,"186":1,"187":4,"188":4,"189":1,"190":3,"191":3,"192":3,"193":3,"194":3,"195":3,"196":3,"197":3,"198":3,"199":1,"200":1,"201":0,"202":2,"203":0,"204":1,"205":1,"206":0,"207":1,"208":1,"209":1,"210":0,"211":1,"212":1,"213":0,"214":1,"215":1,"216":0,"217":1,"218":1,"219":1,"220":0,"221":1,"222":1,"223":0,"224":2,"225":2,"226":0,"227":2,"228":2,"229":2,"230":0,"231":2,"232":2,"233":2,"234":2,"235":1,"236":1,"237":1,"238":0,"239":6,"240":6,"241":6,"242":1,"243":5,"244":5,"245":5,"246":5,"247":3,"248":5,"249":5,"250":0,"251":5,"252":5,"253":5,"254":5,"255":1,"256":4,"257":4,"258":4,"259":1,"260":4,"261":0,"262":0,"263":0,"264":0,"265":0,"266":0,"267":0,"268":0,"269":4,"270":4,"271":0,"272":4,"273":3,"274":1,"275":2,"276":2,"277":1,"278":1,"279":1,"280":1,"281":1,"282":1,"283":2,"284":2,"285":1,"286":1,"287":1,"288":4,"289":4,"290":4,"291":3,"292":1,"293":1,"294":13,"295":8,"296":8,"297":8,"298":8,"299":4,"300":4,"301":4,"302":4,"303":4,"304":4,"305":4,"306":0,"307":4,"308":4},"f":{"0":59,"1":516,"2":133,"3":17,"4":5,"5":4,"6":5,"7":3,"8":1,"9":0,"10":0,"11":3,"12":2,"13":4,"14":4,"15":5,"16":3,"17":0,"18":5,"19":3,"20":3,"21":1,"22":1,"23":2,"24":6,"25":0,"26":0,"27":4,"28":2,"29":2,"30":1,"31":4},"b":{"0":[0],"1":[1],"2":[2,57],"3":[10,47],"4":[516,512],"5":[8,39],"6":[133,133],"7":[4,4],"8":[41,2],"9":[43,41],"10":[0,41],"11":[26,15],"12":[3,14],"13":[14,10,1,1],"14":[13,1],"15":[1,4],"16":[5,4],"17":[1,3],"18":[1,2],"19":[2],"20":[1,4],"21":[2,2],"22":[1,1],"23":[2,1],"24":[0,3],"25":[0,0],"26":[0,0],"27":[1,0],"28":[0,0],"29":[3,2],"30":[0,3],"31":[3,3],"32":[1,2],"33":[2,1],"34":[0],"35":[0,2],"36":[0,2],"37":[1,3],"38":[2,0],"39":[0],"40":[5],"41":[1,4],"42":[0,4],"43":[0,3],"44":[0,3],"45":[0,3],"46":[0,3],"47":[0,5],"48":[2,3],"49":[0,2],"50":[0,0],"51":[0,0],"52":[0,0],"53":[0,0],"54":[0,0],"55":[0,0],"56":[0,0],"57":[3,0],"58":[0,0],"59":[0,3],"60":[0,3],"61":[3,1],"62":[0,5],"63":[5,0],"64":[1,1,1,1,1,2,2,1],"65":[0,1],"66":[0,2],"67":[1,3],"68":[1,3],"69":[3,0],"70":[2,1],"71":[3,2,1],"72":[1,2],"73":[1,0],"74":[2,0,0],"75":[0,1],"76":[0,1],"77":[0,1],"78":[1,1],"79":[0,1],"80":[0,2],"81":[2,2],"82":[0,2],"83":[1,1],"84":[6,0],"85":[5,4],"86":[1,4],"87":[3,2],"88":[0,5],"89":[1,4],"90":[5,2],"91":[1,3],"92":[0,0],"93":[0,0],"94":[0,0],"95":[0,0],"96":[0,4],"97":[1,2],"98":[1,1],"99":[2,1,1],"100":[1,0],"101":[1,0],"102":[2,2],"103":[3,1],"104":[8,5],"105":[4,4],"106":[4,0],"107":[4,4],"108":[4,0]},"_coverageSchema":"1a1c01bbd47fc00a2c39e90264f33305004495a9","hash":"26cb00abf925cc03ff4b7b43ade004fd7090a2dc"}
,"/home/heather/Documents/Code/Anima/app/Utils.js": {"path":"/home/heather/Documents/Code/Anima/app/Utils.js","statementMap":{"0":{"start":{"line":1,"column":15},"end":{"line":1,"column":34}},"1":{"start":{"line":2,"column":11},"end":{"line":2,"column":24}},"2":{"start":{"line":3,"column":13},"end":{"line":3,"column":28}},"3":{"start":{"line":5,"column":18},"end":{"line":5,"column":47}},"4":{"start":{"line":6,"column":15},"end":{"line":6,"column":37}},"5":{"start":{"line":8,"column":18},"end":{"line":8,"column":31}},"6":{"start":{"line":9,"column":18},"end":{"line":9,"column":20}},"7":{"start":{"line":11,"column":16},"end":{"line":20,"column":1}},"8":{"start":{"line":12,"column":2},"end":{"line":12,"column":58}},"9":{"start":{"line":12,"column":12},"end":{"line":12,"column":58}},"10":{"start":{"line":13,"column":20},"end":{"line":13,"column":68}},"11":{"start":{"line":14,"column":13},"end":{"line":14,"column":42}},"12":{"start":{"line":15,"column":17},"end":{"line":15,"column":64}},"13":{"start":{"line":16,"column":18},"end":{"line":16,"column":52}},"14":{"start":{"line":17,"column":2},"end":{"line":17,"column":35}},"15":{"start":{"line":18,"column":14},"end":{"line":18,"column":49}},"16":{"start":{"line":19,"column":2},"end":{"line":19,"column":53}},"17":{"start":{"line":22,"column":16},"end":{"line":38,"column":1}},"18":{"start":{"line":23,"column":2},"end":{"line":23,"column":58}},"19":{"start":{"line":23,"column":12},"end":{"line":23,"column":58}},"20":{"start":{"line":24,"column":2},"end":{"line":37,"column":3}},"21":{"start":{"line":25,"column":22},"end":{"line":25,"column":70}},"22":{"start":{"line":26,"column":39},"end":{"line":26,"column":63}},"23":{"start":{"line":27,"column":4},"end":{"line":27,"column":85}},"24":{"start":{"line":27,"column":41},"end":{"line":27,"column":85}},"25":{"start":{"line":28,"column":15},"end":{"line":28,"column":40}},"26":{"start":{"line":29,"column":16},"end":{"line":29,"column":42}},"27":{"start":{"line":30,"column":21},"end":{"line":30,"column":70}},"28":{"start":{"line":31,"column":4},"end":{"line":31,"column":29}},"29":{"start":{"line":32,"column":20},"end":{"line":32,"column":61}},"30":{"start":{"line":33,"column":4},"end":{"line":33,"column":40}},"31":{"start":{"line":34,"column":4},"end":{"line":34,"column":21}},"32":{"start":{"line":36,"column":4},"end":{"line":36,"column":55}},"33":{"start":{"line":40,"column":26},"end":{"line":49,"column":1}},"34":{"start":{"line":41,"column":21},"end":{"line":41,"column":58}},"35":{"start":{"line":42,"column":2},"end":{"line":42,"column":46}},"36":{"start":{"line":42,"column":34},"end":{"line":42,"column":46}},"37":{"start":{"line":44,"column":17},"end":{"line":44,"column":46}},"38":{"start":{"line":45,"column":16},"end":{"line":45,"column":42}},"39":{"start":{"line":46,"column":16},"end":{"line":46,"column":61}},"40":{"start":{"line":46,"column":34},"end":{"line":46,"column":60}},"41":{"start":{"line":48,"column":2},"end":{"line":48,"column":53}},"42":{"start":{"line":51,"column":15},"end":{"line":108,"column":1}},"43":{"start":{"line":52,"column":23},"end":{"line":52,"column":57}},"44":{"start":{"line":55,"column":23},"end":{"line":55,"column":61}},"45":{"start":{"line":57,"column":2},"end":{"line":59,"column":3}},"46":{"start":{"line":58,"column":4},"end":{"line":58,"column":92}},"47":{"start":{"line":62,"column":2},"end":{"line":107,"column":5}},"48":{"start":{"line":63,"column":23},"end":{"line":63,"column":64}},"49":{"start":{"line":66,"column":16},"end":{"line":69,"column":5}},"50":{"start":{"line":71,"column":18},"end":{"line":74,"column":6}},"51":{"start":{"line":76,"column":17},"end":{"line":76,"column":19}},"52":{"start":{"line":77,"column":17},"end":{"line":77,"column":19}},"53":{"start":{"line":79,"column":4},"end":{"line":81,"column":7}},"54":{"start":{"line":80,"column":6},"end":{"line":80,"column":21}},"55":{"start":{"line":82,"column":4},"end":{"line":84,"column":7}},"56":{"start":{"line":83,"column":6},"end":{"line":83,"column":21}},"57":{"start":{"line":86,"column":4},"end":{"line":103,"column":7}},"58":{"start":{"line":87,"column":6},"end":{"line":95,"column":7}},"59":{"start":{"line":88,"column":8},"end":{"line":93,"column":9}},"60":{"start":{"line":89,"column":25},"end":{"line":89,"column":43}},"61":{"start":{"line":90,"column":10},"end":{"line":90,"column":71}},"62":{"start":{"line":92,"column":10},"end":{"line":92,"column":92}},"63":{"start":{"line":94,"column":8},"end":{"line":94,"column":15}},"64":{"start":{"line":97,"column":6},"end":{"line":102,"column":7}},"65":{"start":{"line":98,"column":23},"end":{"line":98,"column":41}},"66":{"start":{"line":99,"column":8},"end":{"line":99,"column":24}},"67":{"start":{"line":101,"column":8},"end":{"line":101,"column":91}},"68":{"start":{"line":105,"column":4},"end":{"line":105,"column":59}},"69":{"start":{"line":106,"column":4},"end":{"line":106,"column":22}},"70":{"start":{"line":110,"column":28},"end":{"line":133,"column":1}},"71":{"start":{"line":111,"column":23},"end":{"line":111,"column":57}},"72":{"start":{"line":112,"column":2},"end":{"line":120,"column":3}},"73":{"start":{"line":113,"column":25},"end":{"line":113,"column":74}},"74":{"start":{"line":115,"column":4},"end":{"line":117,"column":5}},"75":{"start":{"line":116,"column":6},"end":{"line":116,"column":63}},"76":{"start":{"line":122,"column":2},"end":{"line":132,"column":4}},"77":{"start":{"line":135,"column":15},"end":{"line":156,"column":1}},"78":{"start":{"line":136,"column":2},"end":{"line":136,"column":25}},"79":{"start":{"line":136,"column":13},"end":{"line":136,"column":25}},"80":{"start":{"line":137,"column":17},"end":{"line":137,"column":71}},"81":{"start":{"line":140,"column":2},"end":{"line":145,"column":5}},"82":{"start":{"line":141,"column":4},"end":{"line":141,"column":24}},"83":{"start":{"line":141,"column":17},"end":{"line":141,"column":24}},"84":{"start":{"line":142,"column":20},"end":{"line":142,"column":65}},"85":{"start":{"line":143,"column":15},"end":{"line":143,"column":39}},"86":{"start":{"line":144,"column":4},"end":{"line":144,"column":50}},"87":{"start":{"line":148,"column":2},"end":{"line":151,"column":4}},"88":{"start":{"line":152,"column":2},"end":{"line":152,"column":86}},"89":{"start":{"line":153,"column":2},"end":{"line":153,"column":68}},"90":{"start":{"line":155,"column":2},"end":{"line":155,"column":18}},"91":{"start":{"line":158,"column":0},"end":{"line":158,"column":75}}},"fnMap":{"0":{"name":"(anonymous_0)","decl":{"start":{"line":11,"column":16},"end":{"line":11,"column":17}},"loc":{"start":{"line":11,"column":31},"end":{"line":20,"column":1}},"line":11},"1":{"name":"(anonymous_1)","decl":{"start":{"line":22,"column":16},"end":{"line":22,"column":17}},"loc":{"start":{"line":22,"column":40},"end":{"line":38,"column":1}},"line":22},"2":{"name":"(anonymous_2)","decl":{"start":{"line":40,"column":26},"end":{"line":40,"column":27}},"loc":{"start":{"line":40,"column":44},"end":{"line":49,"column":1}},"line":40},"3":{"name":"(anonymous_3)","decl":{"start":{"line":46,"column":27},"end":{"line":46,"column":28}},"loc":{"start":{"line":46,"column":34},"end":{"line":46,"column":60}},"line":46},"4":{"name":"(anonymous_4)","decl":{"start":{"line":51,"column":15},"end":{"line":51,"column":16}},"loc":{"start":{"line":51,"column":49},"end":{"line":108,"column":1}},"line":51},"5":{"name":"(anonymous_5)","decl":{"start":{"line":62,"column":21},"end":{"line":62,"column":22}},"loc":{"start":{"line":62,"column":42},"end":{"line":107,"column":3}},"line":62},"6":{"name":"(anonymous_6)","decl":{"start":{"line":79,"column":28},"end":{"line":79,"column":29}},"loc":{"start":{"line":79,"column":38},"end":{"line":81,"column":5}},"line":79},"7":{"name":"(anonymous_7)","decl":{"start":{"line":82,"column":28},"end":{"line":82,"column":29}},"loc":{"start":{"line":82,"column":38},"end":{"line":84,"column":5}},"line":82},"8":{"name":"(anonymous_8)","decl":{"start":{"line":86,"column":22},"end":{"line":86,"column":23}},"loc":{"start":{"line":86,"column":32},"end":{"line":103,"column":5}},"line":86},"9":{"name":"(anonymous_9)","decl":{"start":{"line":110,"column":28},"end":{"line":110,"column":29}},"loc":{"start":{"line":110,"column":34},"end":{"line":133,"column":1}},"line":110},"10":{"name":"(anonymous_10)","decl":{"start":{"line":135,"column":15},"end":{"line":135,"column":16}},"loc":{"start":{"line":135,"column":39},"end":{"line":156,"column":1}},"line":135},"11":{"name":"(anonymous_11)","decl":{"start":{"line":140,"column":18},"end":{"line":140,"column":19}},"loc":{"start":{"line":140,"column":30},"end":{"line":145,"column":3}},"line":140}},"branchMap":{"0":{"loc":{"start":{"line":12,"column":2},"end":{"line":12,"column":58}},"type":"if","locations":[{"start":{"line":12,"column":2},"end":{"line":12,"column":58}},{"start":{},"end":{}}],"line":12},"1":{"loc":{"start":{"line":23,"column":2},"end":{"line":23,"column":58}},"type":"if","locations":[{"start":{"line":23,"column":2},"end":{"line":23,"column":58}},{"start":{},"end":{}}],"line":23},"2":{"loc":{"start":{"line":27,"column":4},"end":{"line":27,"column":85}},"type":"if","locations":[{"start":{"line":27,"column":4},"end":{"line":27,"column":85}},{"start":{},"end":{}}],"line":27},"3":{"loc":{"start":{"line":27,"column":8},"end":{"line":27,"column":39}},"type":"binary-expr","locations":[{"start":{"line":27,"column":8},"end":{"line":27,"column":14}},{"start":{"line":27,"column":18},"end":{"line":27,"column":25}},{"start":{"line":27,"column":29},"end":{"line":27,"column":39}}],"line":27},"4":{"loc":{"start":{"line":42,"column":2},"end":{"line":42,"column":46}},"type":"if","locations":[{"start":{"line":42,"column":2},"end":{"line":42,"column":46}},{"start":{},"end":{}}],"line":42},"5":{"loc":{"start":{"line":48,"column":9},"end":{"line":48,"column":52}},"type":"cond-expr","locations":[{"start":{"line":48,"column":17},"end":{"line":48,"column":45}},{"start":{"line":48,"column":48},"end":{"line":48,"column":52}}],"line":48},"6":{"loc":{"start":{"line":51,"column":32},"end":{"line":51,"column":44}},"type":"default-arg","locations":[{"start":{"line":51,"column":40},"end":{"line":51,"column":44}}],"line":51},"7":{"loc":{"start":{"line":52,"column":23},"end":{"line":52,"column":57}},"type":"binary-expr","locations":[{"start":{"line":52,"column":23},"end":{"line":52,"column":41}},{"start":{"line":52,"column":45},"end":{"line":52,"column":57}}],"line":52},"8":{"loc":{"start":{"line":57,"column":2},"end":{"line":59,"column":3}},"type":"if","locations":[{"start":{"line":57,"column":2},"end":{"line":59,"column":3}},{"start":{},"end":{}}],"line":57},"9":{"loc":{"start":{"line":87,"column":6},"end":{"line":95,"column":7}},"type":"if","locations":[{"start":{"line":87,"column":6},"end":{"line":95,"column":7}},{"start":{},"end":{}}],"line":87},"10":{"loc":{"start":{"line":111,"column":23},"end":{"line":111,"column":57}},"type":"binary-expr","locations":[{"start":{"line":111,"column":23},"end":{"line":111,"column":41}},{"start":{"line":111,"column":45},"end":{"line":111,"column":57}}],"line":111},"11":{"loc":{"start":{"line":115,"column":4},"end":{"line":117,"column":5}},"type":"if","locations":[{"start":{"line":115,"column":4},"end":{"line":117,"column":5}},{"start":{},"end":{}}],"line":115},"12":{"loc":{"start":{"line":115,"column":8},"end":{"line":115,"column":51}},"type":"binary-expr","locations":[{"start":{"line":115,"column":8},"end":{"line":115,"column":20}},{"start":{"line":115,"column":24},"end":{"line":115,"column":51}}],"line":115},"13":{"loc":{"start":{"line":135,"column":22},"end":{"line":135,"column":34}},"type":"default-arg","locations":[{"start":{"line":135,"column":32},"end":{"line":135,"column":34}}],"line":135},"14":{"loc":{"start":{"line":136,"column":2},"end":{"line":136,"column":25}},"type":"if","locations":[{"start":{"line":136,"column":2},"end":{"line":136,"column":25}},{"start":{},"end":{}}],"line":136},"15":{"loc":{"start":{"line":137,"column":17},"end":{"line":137,"column":71}},"type":"cond-expr","locations":[{"start":{"line":137,"column":44},"end":{"line":137,"column":48}},{"start":{"line":137,"column":51},"end":{"line":137,"column":71}}],"line":137},"16":{"loc":{"start":{"line":141,"column":4},"end":{"line":141,"column":24}},"type":"if","locations":[{"start":{"line":141,"column":4},"end":{"line":141,"column":24}},{"start":{},"end":{}}],"line":141}},"s":{"0":4,"1":4,"2":4,"3":4,"4":4,"5":4,"6":4,"7":4,"8":3,"9":1,"10":2,"11":2,"12":2,"13":2,"14":2,"15":2,"16":2,"17":4,"18":4,"19":1,"20":3,"21":3,"22":3,"23":3,"24":1,"25":2,"26":2,"27":2,"28":2,"29":2,"30":2,"31":1,"32":2,"33":4,"34":7,"35":7,"36":2,"37":5,"38":5,"39":5,"40":5,"41":5,"42":4,"43":4,"44":4,"45":4,"46":1,"47":3,"48":3,"49":3,"50":3,"51":3,"52":3,"53":3,"54":2,"55":3,"56":1,"57":3,"58":3,"59":1,"60":1,"61":1,"62":0,"63":1,"64":2,"65":2,"66":2,"67":0,"68":3,"69":3,"70":4,"71":3,"72":3,"73":3,"74":3,"75":2,"76":1,"77":4,"78":2,"79":0,"80":2,"81":2,"82":1,"83":0,"84":1,"85":1,"86":1,"87":2,"88":2,"89":2,"90":2,"91":4},"f":{"0":3,"1":4,"2":7,"3":5,"4":4,"5":3,"6":2,"7":1,"8":3,"9":3,"10":2,"11":1},"b":{"0":[1,2],"1":[1,3],"2":[1,2],"3":[3,3,3],"4":[2,5],"5":[5,0],"6":[4],"7":[4,0],"8":[1,3],"9":[1,2],"10":[3,0],"11":[2,1],"12":[3,2],"13":[1],"14":[0,2],"15":[2,0],"16":[0,1]},"_coverageSchema":"1a1c01bbd47fc00a2c39e90264f33305004495a9","hash":"0a325ff24af8feca7077539a9d5ecabe12601d26"}
}
