{"/home/heather/Documents/Code/Anima/reset.js": {"path":"/home/heather/Documents/Code/Anima/reset.js","statementMap":{"0":{"start":{"line":1,"column":11},"end":{"line":1,"column":29}},"1":{"start":{"line":2,"column":13},"end":{"line":2,"column":33}},"2":{"start":{"line":4,"column":0},"end":{"line":4,"column":46}},"3":{"start":{"line":6,"column":23},"end":{"line":6,"column":58}},"4":{"start":{"line":7,"column":18},"end":{"line":7,"column":48}},"5":{"start":{"line":10,"column":22},"end":{"line":15,"column":1}},"6":{"start":{"line":17,"column":0},"end":{"line":22,"column":3}},"7":{"start":{"line":18,"column":2},"end":{"line":21,"column":3}},"8":{"start":{"line":19,"column":4},"end":{"line":19,"column":24}},"9":{"start":{"line":20,"column":4},"end":{"line":20,"column":36}},"10":{"start":{"line":25,"column":0},"end":{"line":33,"column":1}},"11":{"start":{"line":26,"column":16},"end":{"line":26,"column":41}},"12":{"start":{"line":27,"column":2},"end":{"line":32,"column":5}},"13":{"start":{"line":28,"column":4},"end":{"line":31,"column":5}},"14":{"start":{"line":29,"column":6},"end":{"line":29,"column":48}},"15":{"start":{"line":30,"column":6},"end":{"line":30,"column":38}},"16":{"start":{"line":36,"column":27},"end":{"line":68,"column":1}},"17":{"start":{"line":70,"column":0},"end":{"line":70,"column":82}},"18":{"start":{"line":71,"column":0},"end":{"line":71,"column":52}},"19":{"start":{"line":73,"column":0},"end":{"line":73,"column":58}}},"fnMap":{"0":{"name":"(anonymous_0)","decl":{"start":{"line":17,"column":22},"end":{"line":17,"column":23}},"loc":{"start":{"line":17,"column":32},"end":{"line":22,"column":1}},"line":17},"1":{"name":"(anonymous_1)","decl":{"start":{"line":27,"column":16},"end":{"line":27,"column":17}},"loc":{"start":{"line":27,"column":26},"end":{"line":32,"column":3}},"line":27}},"branchMap":{"0":{"loc":{"start":{"line":18,"column":2},"end":{"line":21,"column":3}},"type":"if","locations":[{"start":{"line":18,"column":2},"end":{"line":21,"column":3}},{"start":{},"end":{}}],"line":18},"1":{"loc":{"start":{"line":25,"column":0},"end":{"line":33,"column":1}},"type":"if","locations":[{"start":{"line":25,"column":0},"end":{"line":33,"column":1}},{"start":{},"end":{}}],"line":25},"2":{"loc":{"start":{"line":28,"column":4},"end":{"line":31,"column":5}},"type":"if","locations":[{"start":{"line":28,"column":4},"end":{"line":31,"column":5}},{"start":{},"end":{}}],"line":28},"3":{"loc":{"start":{"line":28,"column":8},"end":{"line":28,"column":60}},"type":"binary-expr","locations":[{"start":{"line":28,"column":8},"end":{"line":28,"column":34}},{"start":{"line":28,"column":38},"end":{"line":28,"column":60}}],"line":28}},"s":{"0":1,"1":1,"2":1,"3":1,"4":1,"5":1,"6":1,"7":4,"8":4,"9":4,"10":1,"11":1,"12":1,"13":2,"14":1,"15":1,"16":1,"17":1,"18":1,"19":1},"f":{"0":4,"1":2},"b":{"0":[4,0],"1":[1,0],"2":[1,1],"3":[2,1]},"_coverageSchema":"1a1c01bbd47fc00a2c39e90264f33305004495a9","hash":"24ab6906eccdea5facb6b87994db79ce709e73de"}
,"/home/heather/Documents/Code/Anima/Plugins/Anthropic.js": {"path":"/home/heather/Documents/Code/Anima/Plugins/Anthropic.js","statementMap":{"0":{"start":{"line":1,"column":11},"end":{"line":1,"column":24}},"1":{"start":{"line":2,"column":13},"end":{"line":2,"column":28}},"2":{"start":{"line":3,"column":19},"end":{"line":3,"column":43}},"3":{"start":{"line":5,"column":27},"end":{"line":13,"column":1}},"4":{"start":{"line":6,"column":21},"end":{"line":6,"column":71}},"5":{"start":{"line":7,"column":2},"end":{"line":11,"column":3}},"6":{"start":{"line":8,"column":4},"end":{"line":10,"column":6}},"7":{"start":{"line":12,"column":2},"end":{"line":12,"column":57}},"8":{"start":{"line":15,"column":19},"end":{"line":92,"column":1}},"9":{"start":{"line":16,"column":25},"end":{"line":16,"column":45}},"10":{"start":{"line":18,"column":18},"end":{"line":22,"column":3}},"11":{"start":{"line":26,"column":24},"end":{"line":26,"column":65}},"12":{"start":{"line":26,"column":45},"end":{"line":26,"column":64}},"13":{"start":{"line":27,"column":24},"end":{"line":36,"column":6}},"14":{"start":{"line":28,"column":19},"end":{"line":28,"column":38}},"15":{"start":{"line":32,"column":6},"end":{"line":35,"column":8}},"16":{"start":{"line":38,"column":15},"end":{"line":42,"column":3}},"17":{"start":{"line":44,"column":2},"end":{"line":46,"column":3}},"18":{"start":{"line":45,"column":4},"end":{"line":45,"column":40}},"19":{"start":{"line":48,"column":2},"end":{"line":54,"column":3}},"20":{"start":{"line":49,"column":4},"end":{"line":53,"column":8}},"21":{"start":{"line":49,"column":35},"end":{"line":53,"column":5}},"22":{"start":{"line":56,"column":19},"end":{"line":60,"column":4}},"23":{"start":{"line":62,"column":2},"end":{"line":67,"column":3}},"24":{"start":{"line":63,"column":22},"end":{"line":63,"column":43}},"25":{"start":{"line":64,"column":4},"end":{"line":66,"column":6}},"26":{"start":{"line":69,"column":15},"end":{"line":69,"column":36}},"27":{"start":{"line":72,"column":18},"end":{"line":75,"column":3}},"28":{"start":{"line":74,"column":38},"end":{"line":74,"column":55}},"29":{"start":{"line":77,"column":20},"end":{"line":77,"column":69}},"30":{"start":{"line":77,"column":47},"end":{"line":77,"column":68}},"31":{"start":{"line":78,"column":2},"end":{"line":87,"column":3}},"32":{"start":{"line":79,"column":4},"end":{"line":86,"column":8}},"33":{"start":{"line":79,"column":48},"end":{"line":86,"column":5}},"34":{"start":{"line":89,"column":2},"end":{"line":91,"column":4}},"35":{"start":{"line":94,"column":0},"end":{"line":94,"column":32}}},"fnMap":{"0":{"name":"(anonymous_0)","decl":{"start":{"line":5,"column":27},"end":{"line":5,"column":28}},"loc":{"start":{"line":5,"column":33},"end":{"line":13,"column":1}},"line":5},"1":{"name":"(anonymous_1)","decl":{"start":{"line":15,"column":19},"end":{"line":15,"column":20}},"loc":{"start":{"line":15,"column":53},"end":{"line":92,"column":1}},"line":15},"2":{"name":"(anonymous_2)","decl":{"start":{"line":26,"column":38},"end":{"line":26,"column":39}},"loc":{"start":{"line":26,"column":45},"end":{"line":26,"column":64}},"line":26},"3":{"name":"(anonymous_3)","decl":{"start":{"line":28,"column":12},"end":{"line":28,"column":13}},"loc":{"start":{"line":28,"column":19},"end":{"line":28,"column":38}},"line":28},"4":{"name":"(anonymous_4)","decl":{"start":{"line":29,"column":9},"end":{"line":29,"column":10}},"loc":{"start":{"line":29,"column":16},"end":{"line":36,"column":5}},"line":29},"5":{"name":"(anonymous_5)","decl":{"start":{"line":49,"column":27},"end":{"line":49,"column":28}},"loc":{"start":{"line":49,"column":35},"end":{"line":53,"column":5}},"line":49},"6":{"name":"(anonymous_6)","decl":{"start":{"line":74,"column":31},"end":{"line":74,"column":32}},"loc":{"start":{"line":74,"column":38},"end":{"line":74,"column":55}},"line":74},"7":{"name":"(anonymous_7)","decl":{"start":{"line":77,"column":40},"end":{"line":77,"column":41}},"loc":{"start":{"line":77,"column":47},"end":{"line":77,"column":68}},"line":77},"8":{"name":"(anonymous_8)","decl":{"start":{"line":79,"column":39},"end":{"line":79,"column":40}},"loc":{"start":{"line":79,"column":48},"end":{"line":86,"column":5}},"line":79}},"branchMap":{"0":{"loc":{"start":{"line":7,"column":2},"end":{"line":11,"column":3}},"type":"if","locations":[{"start":{"line":7,"column":2},"end":{"line":11,"column":3}},{"start":{},"end":{}}],"line":7},"1":{"loc":{"start":{"line":15,"column":36},"end":{"line":15,"column":48}},"type":"default-arg","locations":[{"start":{"line":15,"column":44},"end":{"line":15,"column":48}}],"line":15},"2":{"loc":{"start":{"line":33,"column":14},"end":{"line":33,"column":59}},"type":"cond-expr","locations":[{"start":{"line":33,"column":39},"end":{"line":33,"column":50}},{"start":{"line":33,"column":53},"end":{"line":33,"column":59}}],"line":33},"3":{"loc":{"start":{"line":39,"column":11},"end":{"line":39,"column":79}},"type":"binary-expr","locations":[{"start":{"line":39,"column":11},"end":{"line":39,"column":27}},{"start":{"line":39,"column":31},"end":{"line":39,"column":51}},{"start":{"line":39,"column":55},"end":{"line":39,"column":79}}],"line":39},"4":{"loc":{"start":{"line":44,"column":2},"end":{"line":46,"column":3}},"type":"if","locations":[{"start":{"line":44,"column":2},"end":{"line":46,"column":3}},{"start":{},"end":{}}],"line":44},"5":{"loc":{"start":{"line":48,"column":2},"end":{"line":54,"column":3}},"type":"if","locations":[{"start":{"line":48,"column":2},"end":{"line":54,"column":3}},{"start":{},"end":{}}],"line":48},"6":{"loc":{"start":{"line":56,"column":31},"end":{"line":56,"column":97}},"type":"binary-expr","locations":[{"start":{"line":56,"column":31},"end":{"line":56,"column":54}},{"start":{"line":56,"column":58},"end":{"line":56,"column":97}}],"line":56},"7":{"loc":{"start":{"line":62,"column":2},"end":{"line":67,"column":3}},"type":"if","locations":[{"start":{"line":62,"column":2},"end":{"line":67,"column":3}},{"start":{},"end":{}}],"line":62},"8":{"loc":{"start":{"line":74,"column":13},"end":{"line":74,"column":68}},"type":"binary-expr","locations":[{"start":{"line":74,"column":13},"end":{"line":74,"column":62}},{"start":{"line":74,"column":66},"end":{"line":74,"column":68}}],"line":74},"9":{"loc":{"start":{"line":78,"column":2},"end":{"line":87,"column":3}},"type":"if","locations":[{"start":{"line":78,"column":2},"end":{"line":87,"column":3}},{"start":{},"end":{}}],"line":78}},"s":{"0":1,"1":1,"2":1,"3":1,"4":1,"5":1,"6":0,"7":1,"8":1,"9":1,"10":1,"11":1,"12":0,"13":1,"14":0,"15":0,"16":1,"17":1,"18":0,"19":1,"20":0,"21":0,"22":1,"23":1,"24":0,"25":0,"26":1,"27":1,"28":1,"29":1,"30":2,"31":1,"32":1,"33":1,"34":1,"35":1},"f":{"0":1,"1":1,"2":0,"3":0,"4":0,"5":0,"6":1,"7":2,"8":1},"b":{"0":[0,1],"1":[1],"2":[0,0],"3":[1,0,0],"4":[0,1],"5":[0,1],"6":[1,1],"7":[0,1],"8":[1,0],"9":[1,0]},"_coverageSchema":"1a1c01bbd47fc00a2c39e90264f33305004495a9","hash":"00bfadbfc4e90c7c6713062ef0b57a3fa3223f38"}
,"/home/heather/Documents/Code/Anima/Plugins/DeepSeek.js": {"path":"/home/heather/Documents/Code/Anima/Plugins/DeepSeek.js","statementMap":{"0":{"start":{"line":1,"column":11},"end":{"line":1,"column":24}},"1":{"start":{"line":2,"column":13},"end":{"line":2,"column":28}},"2":{"start":{"line":3,"column":19},"end":{"line":3,"column":43}},"3":{"start":{"line":5,"column":27},"end":{"line":13,"column":1}},"4":{"start":{"line":6,"column":21},"end":{"line":6,"column":70}},"5":{"start":{"line":7,"column":2},"end":{"line":11,"column":3}},"6":{"start":{"line":8,"column":4},"end":{"line":10,"column":6}},"7":{"start":{"line":12,"column":2},"end":{"line":12,"column":57}},"8":{"start":{"line":15,"column":19},"end":{"line":55,"column":1}},"9":{"start":{"line":16,"column":25},"end":{"line":16,"column":45}},"10":{"start":{"line":18,"column":18},"end":{"line":21,"column":3}},"11":{"start":{"line":23,"column":15},"end":{"line":26,"column":3}},"12":{"start":{"line":28,"column":2},"end":{"line":30,"column":3}},"13":{"start":{"line":29,"column":4},"end":{"line":29,"column":23}},"14":{"start":{"line":32,"column":19},"end":{"line":39,"column":3}},"15":{"start":{"line":41,"column":2},"end":{"line":45,"column":3}},"16":{"start":{"line":42,"column":4},"end":{"line":44,"column":6}},"17":{"start":{"line":47,"column":2},"end":{"line":52,"column":3}},"18":{"start":{"line":48,"column":22},"end":{"line":48,"column":43}},"19":{"start":{"line":49,"column":4},"end":{"line":51,"column":6}},"20":{"start":{"line":54,"column":2},"end":{"line":54,"column":31}},"21":{"start":{"line":57,"column":0},"end":{"line":57,"column":32}}},"fnMap":{"0":{"name":"(anonymous_0)","decl":{"start":{"line":5,"column":27},"end":{"line":5,"column":28}},"loc":{"start":{"line":5,"column":33},"end":{"line":13,"column":1}},"line":5},"1":{"name":"(anonymous_1)","decl":{"start":{"line":15,"column":19},"end":{"line":15,"column":20}},"loc":{"start":{"line":15,"column":53},"end":{"line":55,"column":1}},"line":15}},"branchMap":{"0":{"loc":{"start":{"line":7,"column":2},"end":{"line":11,"column":3}},"type":"if","locations":[{"start":{"line":7,"column":2},"end":{"line":11,"column":3}},{"start":{},"end":{}}],"line":7},"1":{"loc":{"start":{"line":15,"column":36},"end":{"line":15,"column":48}},"type":"default-arg","locations":[{"start":{"line":15,"column":44},"end":{"line":15,"column":48}}],"line":15},"2":{"loc":{"start":{"line":24,"column":11},"end":{"line":24,"column":70}},"type":"binary-expr","locations":[{"start":{"line":24,"column":11},"end":{"line":24,"column":27}},{"start":{"line":24,"column":31},"end":{"line":24,"column":51}},{"start":{"line":24,"column":55},"end":{"line":24,"column":70}}],"line":24},"3":{"loc":{"start":{"line":28,"column":2},"end":{"line":30,"column":3}},"type":"if","locations":[{"start":{"line":28,"column":2},"end":{"line":30,"column":3}},{"start":{},"end":{}}],"line":28},"4":{"loc":{"start":{"line":33,"column":4},"end":{"line":33,"column":74}},"type":"binary-expr","locations":[{"start":{"line":33,"column":4},"end":{"line":33,"column":27}},{"start":{"line":33,"column":31},"end":{"line":33,"column":74}}],"line":33},"5":{"loc":{"start":{"line":41,"column":2},"end":{"line":45,"column":3}},"type":"if","locations":[{"start":{"line":41,"column":2},"end":{"line":45,"column":3}},{"start":{},"end":{}}],"line":41},"6":{"loc":{"start":{"line":41,"column":6},"end":{"line":41,"column":56}},"type":"binary-expr","locations":[{"start":{"line":41,"column":6},"end":{"line":41,"column":29}},{"start":{"line":41,"column":33},"end":{"line":41,"column":56}}],"line":41},"7":{"loc":{"start":{"line":47,"column":2},"end":{"line":52,"column":3}},"type":"if","locations":[{"start":{"line":47,"column":2},"end":{"line":52,"column":3}},{"start":{},"end":{}}],"line":47}},"s":{"0":1,"1":1,"2":1,"3":1,"4":1,"5":1,"6":0,"7":1,"8":1,"9":1,"10":1,"11":1,"12":1,"13":0,"14":1,"15":1,"16":0,"17":1,"18":0,"19":0,"20":1,"21":1},"f":{"0":1,"1":1},"b":{"0":[0,1],"1":[1],"2":[1,0,0],"3":[0,1],"4":[1,0],"5":[0,1],"6":[1,1],"7":[0,1]},"_coverageSchema":"1a1c01bbd47fc00a2c39e90264f33305004495a9","hash":"2d8c9740dce05673df40f9893aed6d02e0a14a3a"}
,"/home/heather/Documents/Code/Anima/Plugins/Gemini.js": {"path":"/home/heather/Documents/Code/Anima/Plugins/Gemini.js","statementMap":{"0":{"start":{"line":1,"column":11},"end":{"line":1,"column":24}},"1":{"start":{"line":2,"column":13},"end":{"line":2,"column":28}},"2":{"start":{"line":3,"column":19},"end":{"line":3,"column":43}},"3":{"start":{"line":5,"column":27},"end":{"line":13,"column":1}},"4":{"start":{"line":6,"column":21},"end":{"line":6,"column":68}},"5":{"start":{"line":7,"column":2},"end":{"line":11,"column":3}},"6":{"start":{"line":8,"column":4},"end":{"line":10,"column":6}},"7":{"start":{"line":12,"column":2},"end":{"line":12,"column":57}},"8":{"start":{"line":15,"column":19},"end":{"line":95,"column":1}},"9":{"start":{"line":16,"column":25},"end":{"line":16,"column":45}},"10":{"start":{"line":18,"column":17},"end":{"line":18,"column":38}},"11":{"start":{"line":19,"column":16},"end":{"line":19,"column":83}},"12":{"start":{"line":21,"column":14},"end":{"line":21,"column":110}},"13":{"start":{"line":24,"column":25},"end":{"line":33,"column":6}},"14":{"start":{"line":25,"column":19},"end":{"line":25,"column":38}},"15":{"start":{"line":27,"column":17},"end":{"line":27,"column":23}},"16":{"start":{"line":28,"column":6},"end":{"line":28,"column":49}},"17":{"start":{"line":28,"column":34},"end":{"line":28,"column":49}},"18":{"start":{"line":29,"column":6},"end":{"line":32,"column":8}},"19":{"start":{"line":35,"column":24},"end":{"line":35,"column":65}},"20":{"start":{"line":35,"column":45},"end":{"line":35,"column":64}},"21":{"start":{"line":37,"column":15},"end":{"line":39,"column":3}},"22":{"start":{"line":41,"column":2},"end":{"line":45,"column":3}},"23":{"start":{"line":42,"column":4},"end":{"line":44,"column":6}},"24":{"start":{"line":47,"column":2},"end":{"line":57,"column":3}},"25":{"start":{"line":48,"column":4},"end":{"line":56,"column":6}},"26":{"start":{"line":50,"column":49},"end":{"line":54,"column":9}},"27":{"start":{"line":59,"column":19},"end":{"line":63,"column":4}},"28":{"start":{"line":65,"column":2},"end":{"line":70,"column":3}},"29":{"start":{"line":66,"column":22},"end":{"line":66,"column":43}},"30":{"start":{"line":67,"column":4},"end":{"line":69,"column":6}},"31":{"start":{"line":72,"column":15},"end":{"line":72,"column":36}},"32":{"start":{"line":75,"column":18},"end":{"line":78,"column":3}},"33":{"start":{"line":80,"column":20},"end":{"line":80,"column":87}},"34":{"start":{"line":80,"column":72},"end":{"line":80,"column":86}},"35":{"start":{"line":81,"column":2},"end":{"line":90,"column":3}},"36":{"start":{"line":82,"column":4},"end":{"line":89,"column":8}},"37":{"start":{"line":82,"column":55},"end":{"line":89,"column":5}},"38":{"start":{"line":92,"column":2},"end":{"line":94,"column":4}},"39":{"start":{"line":97,"column":0},"end":{"line":97,"column":32}}},"fnMap":{"0":{"name":"(anonymous_0)","decl":{"start":{"line":5,"column":27},"end":{"line":5,"column":28}},"loc":{"start":{"line":5,"column":33},"end":{"line":13,"column":1}},"line":5},"1":{"name":"(anonymous_1)","decl":{"start":{"line":15,"column":19},"end":{"line":15,"column":20}},"loc":{"start":{"line":15,"column":53},"end":{"line":95,"column":1}},"line":15},"2":{"name":"(anonymous_2)","decl":{"start":{"line":25,"column":12},"end":{"line":25,"column":13}},"loc":{"start":{"line":25,"column":19},"end":{"line":25,"column":38}},"line":25},"3":{"name":"(anonymous_3)","decl":{"start":{"line":26,"column":9},"end":{"line":26,"column":10}},"loc":{"start":{"line":26,"column":16},"end":{"line":33,"column":5}},"line":26},"4":{"name":"(anonymous_4)","decl":{"start":{"line":35,"column":38},"end":{"line":35,"column":39}},"loc":{"start":{"line":35,"column":45},"end":{"line":35,"column":64}},"line":35},"5":{"name":"(anonymous_5)","decl":{"start":{"line":50,"column":41},"end":{"line":50,"column":42}},"loc":{"start":{"line":50,"column":49},"end":{"line":54,"column":9}},"line":50},"6":{"name":"(anonymous_6)","decl":{"start":{"line":80,"column":65},"end":{"line":80,"column":66}},"loc":{"start":{"line":80,"column":72},"end":{"line":80,"column":86}},"line":80},"7":{"name":"(anonymous_7)","decl":{"start":{"line":82,"column":39},"end":{"line":82,"column":40}},"loc":{"start":{"line":82,"column":55},"end":{"line":89,"column":5}},"line":82}},"branchMap":{"0":{"loc":{"start":{"line":7,"column":2},"end":{"line":11,"column":3}},"type":"if","locations":[{"start":{"line":7,"column":2},"end":{"line":11,"column":3}},{"start":{},"end":{}}],"line":7},"1":{"loc":{"start":{"line":15,"column":36},"end":{"line":15,"column":48}},"type":"default-arg","locations":[{"start":{"line":15,"column":44},"end":{"line":15,"column":48}}],"line":15},"2":{"loc":{"start":{"line":19,"column":16},"end":{"line":19,"column":83}},"type":"binary-expr","locations":[{"start":{"line":19,"column":16},"end":{"line":19,"column":32}},{"start":{"line":19,"column":36},"end":{"line":19,"column":56}},{"start":{"line":19,"column":60},"end":{"line":19,"column":83}}],"line":19},"3":{"loc":{"start":{"line":28,"column":6},"end":{"line":28,"column":49}},"type":"if","locations":[{"start":{"line":28,"column":6},"end":{"line":28,"column":49}},{"start":{},"end":{}}],"line":28},"4":{"loc":{"start":{"line":31,"column":24},"end":{"line":31,"column":39}},"type":"binary-expr","locations":[{"start":{"line":31,"column":24},"end":{"line":31,"column":33}},{"start":{"line":31,"column":37},"end":{"line":31,"column":39}}],"line":31},"5":{"loc":{"start":{"line":41,"column":2},"end":{"line":45,"column":3}},"type":"if","locations":[{"start":{"line":41,"column":2},"end":{"line":45,"column":3}},{"start":{},"end":{}}],"line":41},"6":{"loc":{"start":{"line":47,"column":2},"end":{"line":57,"column":3}},"type":"if","locations":[{"start":{"line":47,"column":2},"end":{"line":57,"column":3}},{"start":{},"end":{}}],"line":47},"7":{"loc":{"start":{"line":65,"column":2},"end":{"line":70,"column":3}},"type":"if","locations":[{"start":{"line":65,"column":2},"end":{"line":70,"column":3}},{"start":{},"end":{}}],"line":65},"8":{"loc":{"start":{"line":77,"column":13},"end":{"line":77,"column":66}},"type":"binary-expr","locations":[{"start":{"line":77,"column":13},"end":{"line":77,"column":60}},{"start":{"line":77,"column":64},"end":{"line":77,"column":66}}],"line":77},"9":{"loc":{"start":{"line":81,"column":2},"end":{"line":90,"column":3}},"type":"if","locations":[{"start":{"line":81,"column":2},"end":{"line":90,"column":3}},{"start":{},"end":{}}],"line":81},"10":{"loc":{"start":{"line":81,"column":6},"end":{"line":81,"column":39}},"type":"binary-expr","locations":[{"start":{"line":81,"column":6},"end":{"line":81,"column":15}},{"start":{"line":81,"column":19},"end":{"line":81,"column":39}}],"line":81}},"s":{"0":1,"1":1,"2":1,"3":1,"4":1,"5":1,"6":0,"7":1,"8":1,"9":1,"10":1,"11":1,"12":1,"13":1,"14":0,"15":0,"16":0,"17":0,"18":0,"19":1,"20":0,"21":1,"22":1,"23":0,"24":1,"25":0,"26":0,"27":1,"28":1,"29":0,"30":0,"31":1,"32":1,"33":1,"34":2,"35":1,"36":1,"37":1,"38":1,"39":1},"f":{"0":1,"1":1,"2":0,"3":0,"4":0,"5":0,"6":2,"7":1},"b":{"0":[0,1],"1":[1],"2":[1,0,0],"3":[0,0],"4":[0,0],"5":[0,1],"6":[0,1],"7":[0,1],"8":[1,0],"9":[1,0],"10":[1,1]},"_coverageSchema":"1a1c01bbd47fc00a2c39e90264f33305004495a9","hash":"105e076244e6feb538b66706638147c74f567fab"}
,"/home/heather/Documents/Code/Anima/Plugins/Ollama.js": {"path":"/home/heather/Documents/Code/Anima/Plugins/Ollama.js","statementMap":{"0":{"start":{"line":1,"column":11},"end":{"line":1,"column":24}},"1":{"start":{"line":2,"column":13},"end":{"line":2,"column":28}},"2":{"start":{"line":3,"column":19},"end":{"line":3,"column":43}},"3":{"start":{"line":5,"column":27},"end":{"line":15,"column":1}},"4":{"start":{"line":6,"column":21},"end":{"line":6,"column":68}},"5":{"start":{"line":7,"column":2},"end":{"line":13,"column":3}},"6":{"start":{"line":9,"column":4},"end":{"line":12,"column":6}},"7":{"start":{"line":14,"column":2},"end":{"line":14,"column":57}},"8":{"start":{"line":17,"column":19},"end":{"line":73,"column":1}},"9":{"start":{"line":18,"column":25},"end":{"line":18,"column":45}},"10":{"start":{"line":20,"column":2},"end":{"line":29,"column":3}},"11":{"start":{"line":21,"column":16},"end":{"line":21,"column":48}},"12":{"start":{"line":22,"column":20},"end":{"line":22,"column":87}},"13":{"start":{"line":23,"column":21},"end":{"line":23,"column":80}},"14":{"start":{"line":24,"column":4},"end":{"line":24,"column":61}},"15":{"start":{"line":24,"column":22},"end":{"line":24,"column":61}},"16":{"start":{"line":26,"column":4},"end":{"line":28,"column":6}},"17":{"start":{"line":31,"column":15},"end":{"line":35,"column":3}},"18":{"start":{"line":37,"column":2},"end":{"line":39,"column":3}},"19":{"start":{"line":38,"column":4},"end":{"line":38,"column":23}},"20":{"start":{"line":41,"column":19},"end":{"line":47,"column":4}},"21":{"start":{"line":49,"column":2},"end":{"line":54,"column":3}},"22":{"start":{"line":50,"column":22},"end":{"line":50,"column":43}},"23":{"start":{"line":51,"column":4},"end":{"line":53,"column":6}},"24":{"start":{"line":56,"column":15},"end":{"line":56,"column":36}},"25":{"start":{"line":59,"column":18},"end":{"line":59,"column":30}},"26":{"start":{"line":62,"column":2},"end":{"line":68,"column":3}},"27":{"start":{"line":63,"column":4},"end":{"line":67,"column":7}},"28":{"start":{"line":64,"column":6},"end":{"line":66,"column":7}},"29":{"start":{"line":65,"column":8},"end":{"line":65,"column":70}},"30":{"start":{"line":70,"column":2},"end":{"line":72,"column":4}},"31":{"start":{"line":75,"column":0},"end":{"line":75,"column":32}}},"fnMap":{"0":{"name":"(anonymous_0)","decl":{"start":{"line":5,"column":27},"end":{"line":5,"column":28}},"loc":{"start":{"line":5,"column":33},"end":{"line":15,"column":1}},"line":5},"1":{"name":"(anonymous_1)","decl":{"start":{"line":17,"column":19},"end":{"line":17,"column":20}},"loc":{"start":{"line":17,"column":53},"end":{"line":73,"column":1}},"line":17},"2":{"name":"(anonymous_2)","decl":{"start":{"line":63,"column":31},"end":{"line":63,"column":32}},"loc":{"start":{"line":63,"column":39},"end":{"line":67,"column":5}},"line":63}},"branchMap":{"0":{"loc":{"start":{"line":7,"column":2},"end":{"line":13,"column":3}},"type":"if","locations":[{"start":{"line":7,"column":2},"end":{"line":13,"column":3}},{"start":{},"end":{}}],"line":7},"1":{"loc":{"start":{"line":17,"column":36},"end":{"line":17,"column":48}},"type":"default-arg","locations":[{"start":{"line":17,"column":44},"end":{"line":17,"column":48}}],"line":17},"2":{"loc":{"start":{"line":22,"column":55},"end":{"line":22,"column":85}},"type":"cond-expr","locations":[{"start":{"line":22,"column":66},"end":{"line":22,"column":80}},{"start":{"line":22,"column":83},"end":{"line":22,"column":85}}],"line":22},"3":{"loc":{"start":{"line":24,"column":4},"end":{"line":24,"column":61}},"type":"if","locations":[{"start":{"line":24,"column":4},"end":{"line":24,"column":61}},{"start":{},"end":{}}],"line":24},"4":{"loc":{"start":{"line":32,"column":11},"end":{"line":32,"column":63}},"type":"binary-expr","locations":[{"start":{"line":32,"column":11},"end":{"line":32,"column":27}},{"start":{"line":32,"column":31},"end":{"line":32,"column":51}},{"start":{"line":32,"column":55},"end":{"line":32,"column":63}}],"line":32},"5":{"loc":{"start":{"line":37,"column":2},"end":{"line":39,"column":3}},"type":"if","locations":[{"start":{"line":37,"column":2},"end":{"line":39,"column":3}},{"start":{},"end":{}}],"line":37},"6":{"loc":{"start":{"line":49,"column":2},"end":{"line":54,"column":3}},"type":"if","locations":[{"start":{"line":49,"column":2},"end":{"line":54,"column":3}},{"start":{},"end":{}}],"line":49},"7":{"loc":{"start":{"line":62,"column":2},"end":{"line":68,"column":3}},"type":"if","locations":[{"start":{"line":62,"column":2},"end":{"line":68,"column":3}},{"start":{},"end":{}}],"line":62},"8":{"loc":{"start":{"line":64,"column":6},"end":{"line":66,"column":7}},"type":"if","locations":[{"start":{"line":64,"column":6},"end":{"line":66,"column":7}},{"start":{},"end":{}}],"line":64}},"s":{"0":1,"1":1,"2":1,"3":1,"4":3,"5":3,"6":2,"7":1,"8":1,"9":3,"10":3,"11":3,"12":3,"13":3,"14":2,"15":0,"16":1,"17":2,"18":2,"19":0,"20":2,"21":2,"22":1,"23":1,"24":1,"25":1,"26":1,"27":1,"28":1,"29":1,"30":1,"31":1},"f":{"0":3,"1":3,"2":1},"b":{"0":[2,1],"1":[3],"2":[3,0],"3":[0,2],"4":[2,0,0],"5":[0,2],"6":[1,1],"7":[1,0],"8":[1,0]},"_coverageSchema":"1a1c01bbd47fc00a2c39e90264f33305004495a9","hash":"37c5d20a9aa8e03319273742c670c7e6d06e06e9"}
,"/home/heather/Documents/Code/Anima/Plugins/OpenAI.js": {"path":"/home/heather/Documents/Code/Anima/Plugins/OpenAI.js","statementMap":{"0":{"start":{"line":1,"column":11},"end":{"line":1,"column":24}},"1":{"start":{"line":2,"column":13},"end":{"line":2,"column":28}},"2":{"start":{"line":3,"column":19},"end":{"line":3,"column":43}},"3":{"start":{"line":5,"column":27},"end":{"line":13,"column":1}},"4":{"start":{"line":6,"column":21},"end":{"line":6,"column":68}},"5":{"start":{"line":7,"column":2},"end":{"line":11,"column":3}},"6":{"start":{"line":8,"column":4},"end":{"line":10,"column":6}},"7":{"start":{"line":12,"column":2},"end":{"line":12,"column":57}},"8":{"start":{"line":15,"column":19},"end":{"line":55,"column":1}},"9":{"start":{"line":16,"column":25},"end":{"line":16,"column":45}},"10":{"start":{"line":18,"column":18},"end":{"line":21,"column":3}},"11":{"start":{"line":23,"column":15},"end":{"line":26,"column":3}},"12":{"start":{"line":28,"column":2},"end":{"line":30,"column":3}},"13":{"start":{"line":29,"column":4},"end":{"line":29,"column":23}},"14":{"start":{"line":32,"column":19},"end":{"line":39,"column":3}},"15":{"start":{"line":41,"column":2},"end":{"line":45,"column":3}},"16":{"start":{"line":42,"column":4},"end":{"line":44,"column":6}},"17":{"start":{"line":47,"column":2},"end":{"line":52,"column":3}},"18":{"start":{"line":48,"column":22},"end":{"line":48,"column":43}},"19":{"start":{"line":49,"column":4},"end":{"line":51,"column":6}},"20":{"start":{"line":54,"column":2},"end":{"line":54,"column":31}},"21":{"start":{"line":57,"column":0},"end":{"line":57,"column":32}}},"fnMap":{"0":{"name":"(anonymous_0)","decl":{"start":{"line":5,"column":27},"end":{"line":5,"column":28}},"loc":{"start":{"line":5,"column":33},"end":{"line":13,"column":1}},"line":5},"1":{"name":"(anonymous_1)","decl":{"start":{"line":15,"column":19},"end":{"line":15,"column":20}},"loc":{"start":{"line":15,"column":53},"end":{"line":55,"column":1}},"line":15}},"branchMap":{"0":{"loc":{"start":{"line":7,"column":2},"end":{"line":11,"column":3}},"type":"if","locations":[{"start":{"line":7,"column":2},"end":{"line":11,"column":3}},{"start":{},"end":{}}],"line":7},"1":{"loc":{"start":{"line":15,"column":36},"end":{"line":15,"column":48}},"type":"default-arg","locations":[{"start":{"line":15,"column":44},"end":{"line":15,"column":48}}],"line":15},"2":{"loc":{"start":{"line":24,"column":11},"end":{"line":24,"column":76}},"type":"binary-expr","locations":[{"start":{"line":24,"column":11},"end":{"line":24,"column":27}},{"start":{"line":24,"column":31},"end":{"line":24,"column":51}},{"start":{"line":24,"column":55},"end":{"line":24,"column":76}}],"line":24},"3":{"loc":{"start":{"line":28,"column":2},"end":{"line":30,"column":3}},"type":"if","locations":[{"start":{"line":28,"column":2},"end":{"line":30,"column":3}},{"start":{},"end":{}}],"line":28},"4":{"loc":{"start":{"line":33,"column":4},"end":{"line":33,"column":75}},"type":"binary-expr","locations":[{"start":{"line":33,"column":4},"end":{"line":33,"column":27}},{"start":{"line":33,"column":31},"end":{"line":33,"column":75}}],"line":33},"5":{"loc":{"start":{"line":41,"column":2},"end":{"line":45,"column":3}},"type":"if","locations":[{"start":{"line":41,"column":2},"end":{"line":45,"column":3}},{"start":{},"end":{}}],"line":41},"6":{"loc":{"start":{"line":41,"column":6},"end":{"line":41,"column":56}},"type":"binary-expr","locations":[{"start":{"line":41,"column":6},"end":{"line":41,"column":29}},{"start":{"line":41,"column":33},"end":{"line":41,"column":56}}],"line":41},"7":{"loc":{"start":{"line":47,"column":2},"end":{"line":52,"column":3}},"type":"if","locations":[{"start":{"line":47,"column":2},"end":{"line":52,"column":3}},{"start":{},"end":{}}],"line":47}},"s":{"0":1,"1":1,"2":1,"3":1,"4":1,"5":1,"6":0,"7":1,"8":1,"9":1,"10":1,"11":1,"12":1,"13":0,"14":1,"15":1,"16":0,"17":1,"18":0,"19":0,"20":1,"21":1},"f":{"0":1,"1":1},"b":{"0":[0,1],"1":[1],"2":[1,0,0],"3":[0,1],"4":[1,0],"5":[0,1],"6":[1,1],"7":[0,1]},"_coverageSchema":"1a1c01bbd47fc00a2c39e90264f33305004495a9","hash":"cbec4b36621f3526188915a39297fb7b19deb627"}
,"/home/heather/Documents/Code/Anima/Plugins/OpenRouter.js": {"path":"/home/heather/Documents/Code/Anima/Plugins/OpenRouter.js","statementMap":{"0":{"start":{"line":1,"column":11},"end":{"line":1,"column":24}},"1":{"start":{"line":2,"column":13},"end":{"line":2,"column":28}},"2":{"start":{"line":3,"column":19},"end":{"line":3,"column":43}},"3":{"start":{"line":5,"column":27},"end":{"line":13,"column":1}},"4":{"start":{"line":6,"column":21},"end":{"line":6,"column":72}},"5":{"start":{"line":7,"column":2},"end":{"line":11,"column":3}},"6":{"start":{"line":8,"column":4},"end":{"line":10,"column":6}},"7":{"start":{"line":12,"column":2},"end":{"line":12,"column":57}},"8":{"start":{"line":15,"column":19},"end":{"line":53,"column":1}},"9":{"start":{"line":16,"column":25},"end":{"line":16,"column":45}},"10":{"start":{"line":18,"column":18},"end":{"line":23,"column":3}},"11":{"start":{"line":26,"column":15},"end":{"line":29,"column":3}},"12":{"start":{"line":31,"column":2},"end":{"line":33,"column":3}},"13":{"start":{"line":32,"column":4},"end":{"line":32,"column":23}},"14":{"start":{"line":35,"column":19},"end":{"line":39,"column":4}},"15":{"start":{"line":41,"column":2},"end":{"line":45,"column":3}},"16":{"start":{"line":42,"column":4},"end":{"line":44,"column":6}},"17":{"start":{"line":47,"column":2},"end":{"line":50,"column":3}},"18":{"start":{"line":48,"column":22},"end":{"line":48,"column":43}},"19":{"start":{"line":49,"column":4},"end":{"line":49,"column":100}},"20":{"start":{"line":52,"column":2},"end":{"line":52,"column":31}},"21":{"start":{"line":55,"column":0},"end":{"line":55,"column":32}}},"fnMap":{"0":{"name":"(anonymous_0)","decl":{"start":{"line":5,"column":27},"end":{"line":5,"column":28}},"loc":{"start":{"line":5,"column":33},"end":{"line":13,"column":1}},"line":5},"1":{"name":"(anonymous_1)","decl":{"start":{"line":15,"column":19},"end":{"line":15,"column":20}},"loc":{"start":{"line":15,"column":53},"end":{"line":53,"column":1}},"line":15}},"branchMap":{"0":{"loc":{"start":{"line":7,"column":2},"end":{"line":11,"column":3}},"type":"if","locations":[{"start":{"line":7,"column":2},"end":{"line":11,"column":3}},{"start":{},"end":{}}],"line":7},"1":{"loc":{"start":{"line":15,"column":36},"end":{"line":15,"column":48}},"type":"default-arg","locations":[{"start":{"line":15,"column":44},"end":{"line":15,"column":48}}],"line":15},"2":{"loc":{"start":{"line":27,"column":11},"end":{"line":27,"column":70}},"type":"binary-expr","locations":[{"start":{"line":27,"column":11},"end":{"line":27,"column":27}},{"start":{"line":27,"column":31},"end":{"line":27,"column":51}},{"start":{"line":27,"column":55},"end":{"line":27,"column":70}}],"line":27},"3":{"loc":{"start":{"line":31,"column":2},"end":{"line":33,"column":3}},"type":"if","locations":[{"start":{"line":31,"column":2},"end":{"line":33,"column":3}},{"start":{},"end":{}}],"line":31},"4":{"loc":{"start":{"line":41,"column":2},"end":{"line":45,"column":3}},"type":"if","locations":[{"start":{"line":41,"column":2},"end":{"line":45,"column":3}},{"start":{},"end":{}}],"line":41},"5":{"loc":{"start":{"line":41,"column":6},"end":{"line":41,"column":56}},"type":"binary-expr","locations":[{"start":{"line":41,"column":6},"end":{"line":41,"column":29}},{"start":{"line":41,"column":33},"end":{"line":41,"column":56}}],"line":41},"6":{"loc":{"start":{"line":47,"column":2},"end":{"line":50,"column":3}},"type":"if","locations":[{"start":{"line":47,"column":2},"end":{"line":50,"column":3}},{"start":{},"end":{}}],"line":47}},"s":{"0":1,"1":1,"2":1,"3":1,"4":4,"5":4,"6":1,"7":3,"8":1,"9":4,"10":3,"11":3,"12":3,"13":0,"14":3,"15":3,"16":1,"17":2,"18":1,"19":1,"20":1,"21":1},"f":{"0":4,"1":4},"b":{"0":[1,3],"1":[4],"2":[3,0,0],"3":[0,3],"4":[1,2],"5":[3,2],"6":[1,1]},"_coverageSchema":"1a1c01bbd47fc00a2c39e90264f33305004495a9","hash":"b628552addcb7fb741873f1d838e30336657dfc5"}
,"/home/heather/Documents/Code/Anima/app/Config.js": {"path":"/home/heather/Documents/Code/Anima/app/Config.js","statementMap":{"0":{"start":{"line":1,"column":14},"end":{"line":1,"column":28}},"1":{"start":{"line":4,"column":21},"end":{"line":7,"column":2}},"2":{"start":{"line":9,"column":19},"end":{"line":9,"column":23}},"3":{"start":{"line":12,"column":2},"end":{"line":12,"column":40}},"4":{"start":{"line":12,"column":20},"end":{"line":12,"column":40}},"5":{"start":{"line":15,"column":2},"end":{"line":22,"column":3}},"6":{"start":{"line":18,"column":4},"end":{"line":18,"column":53}},"7":{"start":{"line":21,"column":4},"end":{"line":21,"column":16}},"8":{"start":{"line":25,"column":17},"end":{"line":25,"column":51}},"9":{"start":{"line":27,"column":2},"end":{"line":33,"column":3}},"10":{"start":{"line":28,"column":4},"end":{"line":28,"column":69}},"11":{"start":{"line":29,"column":4},"end":{"line":31,"column":7}},"12":{"start":{"line":30,"column":6},"end":{"line":30,"column":68}},"13":{"start":{"line":32,"column":4},"end":{"line":32,"column":20}},"14":{"start":{"line":35,"column":2},"end":{"line":35,"column":29}},"15":{"start":{"line":36,"column":2},"end":{"line":36,"column":22}},"16":{"start":{"line":39,"column":0},"end":{"line":72,"column":2}},"17":{"start":{"line":43,"column":21},"end":{"line":43,"column":33}},"18":{"start":{"line":44,"column":6},"end":{"line":44,"column":36}},"19":{"start":{"line":44,"column":19},"end":{"line":44,"column":36}},"20":{"start":{"line":45,"column":6},"end":{"line":45,"column":26}},"21":{"start":{"line":48,"column":21},"end":{"line":48,"column":33}},"22":{"start":{"line":49,"column":6},"end":{"line":52,"column":7}},"23":{"start":{"line":50,"column":8},"end":{"line":50,"column":41}},"24":{"start":{"line":51,"column":8},"end":{"line":51,"column":20}},"25":{"start":{"line":53,"column":6},"end":{"line":53,"column":27}},"26":{"start":{"line":54,"column":6},"end":{"line":54,"column":18}},"27":{"start":{"line":57,"column":21},"end":{"line":57,"column":33}},"28":{"start":{"line":58,"column":6},"end":{"line":58,"column":32}},"29":{"start":{"line":58,"column":19},"end":{"line":58,"column":32}},"30":{"start":{"line":59,"column":6},"end":{"line":59,"column":28}},"31":{"start":{"line":62,"column":21},"end":{"line":62,"column":33}},"32":{"start":{"line":63,"column":6},"end":{"line":63,"column":29}},"33":{"start":{"line":63,"column":19},"end":{"line":63,"column":29}},"34":{"start":{"line":64,"column":6},"end":{"line":64,"column":37}},"35":{"start":{"line":67,"column":21},"end":{"line":67,"column":33}},"36":{"start":{"line":68,"column":6},"end":{"line":68,"column":36}},"37":{"start":{"line":68,"column":19},"end":{"line":68,"column":36}},"38":{"start":{"line":69,"column":6},"end":{"line":69,"column":60}}},"fnMap":{"0":{"name":"loadConfig","decl":{"start":{"line":11,"column":9},"end":{"line":11,"column":19}},"loc":{"start":{"line":11,"column":22},"end":{"line":37,"column":1}},"line":11},"1":{"name":"(anonymous_1)","decl":{"start":{"line":29,"column":32},"end":{"line":29,"column":33}},"loc":{"start":{"line":29,"column":43},"end":{"line":31,"column":5}},"line":29},"2":{"name":"(anonymous_2)","decl":{"start":{"line":42,"column":4},"end":{"line":42,"column":5}},"loc":{"start":{"line":42,"column":23},"end":{"line":46,"column":5}},"line":42},"3":{"name":"(anonymous_3)","decl":{"start":{"line":47,"column":4},"end":{"line":47,"column":5}},"loc":{"start":{"line":47,"column":30},"end":{"line":55,"column":5}},"line":47},"4":{"name":"(anonymous_4)","decl":{"start":{"line":56,"column":4},"end":{"line":56,"column":5}},"loc":{"start":{"line":56,"column":23},"end":{"line":60,"column":5}},"line":56},"5":{"name":"(anonymous_5)","decl":{"start":{"line":61,"column":4},"end":{"line":61,"column":5}},"loc":{"start":{"line":61,"column":21},"end":{"line":65,"column":5}},"line":61},"6":{"name":"(anonymous_6)","decl":{"start":{"line":66,"column":4},"end":{"line":66,"column":5}},"loc":{"start":{"line":66,"column":44},"end":{"line":70,"column":5}},"line":66}},"branchMap":{"0":{"loc":{"start":{"line":12,"column":2},"end":{"line":12,"column":40}},"type":"if","locations":[{"start":{"line":12,"column":2},"end":{"line":12,"column":40}},{"start":{},"end":{}}],"line":12},"1":{"loc":{"start":{"line":27,"column":2},"end":{"line":33,"column":3}},"type":"if","locations":[{"start":{"line":27,"column":2},"end":{"line":33,"column":3}},{"start":{},"end":{}}],"line":27},"2":{"loc":{"start":{"line":44,"column":6},"end":{"line":44,"column":36}},"type":"if","locations":[{"start":{"line":44,"column":6},"end":{"line":44,"column":36}},{"start":{},"end":{}}],"line":44},"3":{"loc":{"start":{"line":49,"column":6},"end":{"line":52,"column":7}},"type":"if","locations":[{"start":{"line":49,"column":6},"end":{"line":52,"column":7}},{"start":{},"end":{}}],"line":49},"4":{"loc":{"start":{"line":58,"column":6},"end":{"line":58,"column":32}},"type":"if","locations":[{"start":{"line":58,"column":6},"end":{"line":58,"column":32}},{"start":{},"end":{}}],"line":58},"5":{"loc":{"start":{"line":63,"column":6},"end":{"line":63,"column":29}},"type":"if","locations":[{"start":{"line":63,"column":6},"end":{"line":63,"column":29}},{"start":{},"end":{}}],"line":63},"6":{"loc":{"start":{"line":68,"column":6},"end":{"line":68,"column":36}},"type":"if","locations":[{"start":{"line":68,"column":6},"end":{"line":68,"column":36}},{"start":{},"end":{}}],"line":68}},"s":{"0":6,"1":6,"2":6,"3":16,"4":8,"5":8,"6":8,"7":5,"8":3,"9":3,"10":1,"11":1,"12":1,"13":1,"14":3,"15":3,"16":6,"17":5,"18":5,"19":2,"20":3,"21":2,"22":2,"23":1,"24":1,"25":1,"26":1,"27":3,"28":3,"29":1,"30":2,"31":2,"32":2,"33":1,"34":1,"35":4,"36":4,"37":1,"38":3},"f":{"0":16,"1":1,"2":5,"3":2,"4":3,"5":2,"6":4},"b":{"0":[8,8],"1":[1,2],"2":[2,3],"3":[1,1],"4":[1,2],"5":[1,1],"6":[1,3]},"_coverageSchema":"1a1c01bbd47fc00a2c39e90264f33305004495a9","hash":"9bd845d44ffbc88218335e1435e161930e8529e6"}
,"/home/heather/Documents/Code/Anima/app/ConversationService.js": {"path":"/home/heather/Documents/Code/Anima/app/ConversationService.js","statementMap":{"0":{"start":{"line":1,"column":11},"end":{"line":1,"column":29}},"1":{"start":{"line":2,"column":19},"end":{"line":2,"column":37}},"2":{"start":{"line":3,"column":27},"end":{"line":3,"column":45}},"3":{"start":{"line":7,"column":4},"end":{"line":7,"column":31}},"4":{"start":{"line":8,"column":4},"end":{"line":8,"column":35}},"5":{"start":{"line":9,"column":4},"end":{"line":9,"column":29}},"6":{"start":{"line":10,"column":4},"end":{"line":10,"column":35}},"7":{"start":{"line":11,"column":4},"end":{"line":18,"column":6}},"8":{"start":{"line":22,"column":4},"end":{"line":22,"column":63}},"9":{"start":{"line":23,"column":4},"end":{"line":23,"column":42}},"10":{"start":{"line":25,"column":21},"end":{"line":25,"column":25}},"11":{"start":{"line":26,"column":20},"end":{"line":26,"column":22}},"12":{"start":{"line":28,"column":4},"end":{"line":105,"column":5}},"13":{"start":{"line":30,"column":21},"end":{"line":30,"column":22}},"14":{"start":{"line":31,"column":26},"end":{"line":31,"column":27}},"15":{"start":{"line":33,"column":6},"end":{"line":51,"column":7}},"16":{"start":{"line":34,"column":8},"end":{"line":50,"column":9}},"17":{"start":{"line":35,"column":10},"end":{"line":35,"column":21}},"18":{"start":{"line":36,"column":10},"end":{"line":36,"column":69}},"19":{"start":{"line":37,"column":10},"end":{"line":39,"column":11}},"20":{"start":{"line":38,"column":12},"end":{"line":38,"column":67}},"21":{"start":{"line":40,"column":10},"end":{"line":40,"column":16}},"22":{"start":{"line":42,"column":10},"end":{"line":48,"column":11}},"23":{"start":{"line":47,"column":12},"end":{"line":47,"column":24}},"24":{"start":{"line":49,"column":10},"end":{"line":49,"column":79}},"25":{"start":{"line":49,"column":41},"end":{"line":49,"column":77}},"26":{"start":{"line":53,"column":22},"end":{"line":53,"column":45}},"27":{"start":{"line":55,"column":6},"end":{"line":104,"column":7}},"28":{"start":{"line":56,"column":8},"end":{"line":56,"column":42}},"29":{"start":{"line":58,"column":8},"end":{"line":97,"column":9}},"30":{"start":{"line":59,"column":10},"end":{"line":96,"column":11}},"31":{"start":{"line":60,"column":33},"end":{"line":60,"column":55}},"32":{"start":{"line":61,"column":33},"end":{"line":61,"column":72}},"33":{"start":{"line":64,"column":12},"end":{"line":81,"column":13}},"34":{"start":{"line":65,"column":32},"end":{"line":65,"column":81}},"35":{"start":{"line":66,"column":14},"end":{"line":75,"column":15}},"36":{"start":{"line":67,"column":16},"end":{"line":70,"column":18}},"37":{"start":{"line":71,"column":21},"end":{"line":75,"column":15}},"38":{"start":{"line":72,"column":16},"end":{"line":72,"column":96}},"39":{"start":{"line":74,"column":16},"end":{"line":74,"column":59}},"40":{"start":{"line":77,"column":14},"end":{"line":80,"column":16}},"41":{"start":{"line":83,"column":12},"end":{"line":88,"column":15}},"42":{"start":{"line":90,"column":12},"end":{"line":95,"column":15}},"43":{"start":{"line":99,"column":22},"end":{"line":99,"column":70}},"44":{"start":{"line":100,"column":8},"end":{"line":100,"column":72}},"45":{"start":{"line":101,"column":8},"end":{"line":101,"column":46}},"46":{"start":{"line":102,"column":8},"end":{"line":102,"column":26}},"47":{"start":{"line":103,"column":8},"end":{"line":103,"column":27}},"48":{"start":{"line":106,"column":4},"end":{"line":106,"column":21}},"49":{"start":{"line":110,"column":4},"end":{"line":114,"column":5}},"50":{"start":{"line":111,"column":6},"end":{"line":111,"column":75}},"51":{"start":{"line":118,"column":0},"end":{"line":118,"column":37}}},"fnMap":{"0":{"name":"(anonymous_0)","decl":{"start":{"line":6,"column":2},"end":{"line":6,"column":3}},"loc":{"start":{"line":6,"column":61},"end":{"line":19,"column":3}},"line":6},"1":{"name":"(anonymous_1)","decl":{"start":{"line":21,"column":2},"end":{"line":21,"column":3}},"loc":{"start":{"line":21,"column":66},"end":{"line":107,"column":3}},"line":21},"2":{"name":"(anonymous_2)","decl":{"start":{"line":49,"column":28},"end":{"line":49,"column":29}},"loc":{"start":{"line":49,"column":41},"end":{"line":49,"column":77}},"line":49},"3":{"name":"(anonymous_3)","decl":{"start":{"line":109,"column":2},"end":{"line":109,"column":3}},"loc":{"start":{"line":109,"column":23},"end":{"line":115,"column":3}},"line":109}},"branchMap":{"0":{"loc":{"start":{"line":37,"column":10},"end":{"line":39,"column":11}},"type":"if","locations":[{"start":{"line":37,"column":10},"end":{"line":39,"column":11}},{"start":{},"end":{}}],"line":37},"1":{"loc":{"start":{"line":42,"column":10},"end":{"line":48,"column":11}},"type":"if","locations":[{"start":{"line":42,"column":10},"end":{"line":48,"column":11}},{"start":{},"end":{}}],"line":42},"2":{"loc":{"start":{"line":43,"column":12},"end":{"line":45,"column":41}},"type":"binary-expr","locations":[{"start":{"line":43,"column":12},"end":{"line":43,"column":35}},{"start":{"line":44,"column":12},"end":{"line":44,"column":41}},{"start":{"line":45,"column":12},"end":{"line":45,"column":41}}],"line":43},"3":{"loc":{"start":{"line":55,"column":6},"end":{"line":104,"column":7}},"type":"if","locations":[{"start":{"line":55,"column":6},"end":{"line":104,"column":7}},{"start":{"line":98,"column":13},"end":{"line":104,"column":7}}],"line":55},"4":{"loc":{"start":{"line":64,"column":12},"end":{"line":81,"column":13}},"type":"if","locations":[{"start":{"line":64,"column":12},"end":{"line":81,"column":13}},{"start":{"line":76,"column":19},"end":{"line":81,"column":13}}],"line":64},"5":{"loc":{"start":{"line":66,"column":14},"end":{"line":75,"column":15}},"type":"if","locations":[{"start":{"line":66,"column":14},"end":{"line":75,"column":15}},{"start":{"line":71,"column":21},"end":{"line":75,"column":15}}],"line":66},"6":{"loc":{"start":{"line":71,"column":21},"end":{"line":75,"column":15}},"type":"if","locations":[{"start":{"line":71,"column":21},"end":{"line":75,"column":15}},{"start":{"line":73,"column":21},"end":{"line":75,"column":15}}],"line":71},"7":{"loc":{"start":{"line":99,"column":22},"end":{"line":99,"column":70}},"type":"binary-expr","locations":[{"start":{"line":99,"column":22},"end":{"line":99,"column":37}},{"start":{"line":99,"column":41},"end":{"line":99,"column":70}}],"line":99}},"s":{"0":1,"1":1,"2":1,"3":8,"4":8,"5":8,"6":8,"7":8,"8":8,"9":8,"10":8,"11":8,"12":8,"13":12,"14":12,"15":12,"16":16,"17":16,"18":16,"19":12,"20":3,"21":9,"22":7,"23":3,"24":4,"25":4,"26":9,"27":9,"28":4,"29":4,"30":4,"31":4,"32":4,"33":4,"34":2,"35":2,"36":1,"37":1,"38":0,"39":1,"40":2,"41":3,"42":1,"43":5,"44":5,"45":5,"46":5,"47":5,"48":5,"49":13,"50":13,"51":1},"f":{"0":8,"1":8,"2":4,"3":13},"b":{"0":[3,9],"1":[3,4],"2":[7,5,4],"3":[4,5],"4":[2,2],"5":[1,1],"6":[0,1],"7":[5,0]},"_coverageSchema":"1a1c01bbd47fc00a2c39e90264f33305004495a9","hash":"5081a5cb62e695b1711b8f84ff1a3ea83502ec9a"}
,"/home/heather/Documents/Code/Anima/app/ParturitionService.js": {"path":"/home/heather/Documents/Code/Anima/app/ParturitionService.js","statementMap":{"0":{"start":{"line":1,"column":11},"end":{"line":1,"column":33}},"1":{"start":{"line":2,"column":13},"end":{"line":2,"column":28}},"2":{"start":{"line":3,"column":17},"end":{"line":3,"column":36}},"3":{"start":{"line":7,"column":4},"end":{"line":7,"column":60}},"4":{"start":{"line":15,"column":28},"end":{"line":15,"column":76}},"5":{"start":{"line":16,"column":21},"end":{"line":16,"column":62}},"6":{"start":{"line":17,"column":25},"end":{"line":17,"column":70}},"7":{"start":{"line":19,"column":4},"end":{"line":31,"column":5}},"8":{"start":{"line":20,"column":6},"end":{"line":20,"column":39}},"9":{"start":{"line":22,"column":6},"end":{"line":28,"column":7}},"10":{"start":{"line":23,"column":8},"end":{"line":23,"column":34}},"11":{"start":{"line":24,"column":8},"end":{"line":24,"column":38}},"12":{"start":{"line":25,"column":8},"end":{"line":25,"column":21}},"13":{"start":{"line":27,"column":8},"end":{"line":27,"column":20}},"14":{"start":{"line":30,"column":6},"end":{"line":30,"column":19}},"15":{"start":{"line":39,"column":28},"end":{"line":39,"column":76}},"16":{"start":{"line":41,"column":4},"end":{"line":41,"column":52}},"17":{"start":{"line":43,"column":15},"end":{"line":46,"column":6}},"18":{"start":{"line":48,"column":19},"end":{"line":50,"column":6}},"19":{"start":{"line":49,"column":6},"end":{"line":49,"column":41}},"20":{"start":{"line":52,"column":4},"end":{"line":52,"column":15}},"21":{"start":{"line":54,"column":25},"end":{"line":54,"column":84}},"22":{"start":{"line":56,"column":4},"end":{"line":56,"column":52}},"23":{"start":{"line":57,"column":31},"end":{"line":57,"column":74}},"24":{"start":{"line":59,"column":24},"end":{"line":59,"column":69}},"25":{"start":{"line":60,"column":4},"end":{"line":62,"column":5}},"26":{"start":{"line":61,"column":6},"end":{"line":61,"column":81}},"27":{"start":{"line":64,"column":4},"end":{"line":64,"column":52}},"28":{"start":{"line":65,"column":19},"end":{"line":65,"column":70}},"29":{"start":{"line":68,"column":4},"end":{"line":73,"column":5}},"30":{"start":{"line":69,"column":6},"end":{"line":69,"column":44}},"31":{"start":{"line":71,"column":6},"end":{"line":71,"column":72}},"32":{"start":{"line":72,"column":6},"end":{"line":72,"column":13}},"33":{"start":{"line":75,"column":24},"end":{"line":75,"column":59}},"34":{"start":{"line":76,"column":28},"end":{"line":76,"column":67}},"35":{"start":{"line":78,"column":4},"end":{"line":90,"column":5}},"36":{"start":{"line":79,"column":6},"end":{"line":79,"column":50}},"37":{"start":{"line":80,"column":6},"end":{"line":80,"column":81}},"38":{"start":{"line":81,"column":6},"end":{"line":81,"column":89}},"39":{"start":{"line":83,"column":6},"end":{"line":83,"column":60}},"40":{"start":{"line":84,"column":6},"end":{"line":84,"column":39}},"41":{"start":{"line":86,"column":6},"end":{"line":86,"column":54}},"42":{"start":{"line":88,"column":6},"end":{"line":88,"column":72}},"43":{"start":{"line":89,"column":6},"end":{"line":89,"column":45}},"44":{"start":{"line":94,"column":25},"end":{"line":94,"column":70}},"45":{"start":{"line":95,"column":4},"end":{"line":101,"column":5}},"46":{"start":{"line":96,"column":22},"end":{"line":96,"column":62}},"47":{"start":{"line":97,"column":20},"end":{"line":97,"column":57}},"48":{"start":{"line":98,"column":6},"end":{"line":98,"column":44}},"49":{"start":{"line":100,"column":6},"end":{"line":100,"column":18}},"50":{"start":{"line":105,"column":4},"end":{"line":131,"column":20}},"51":{"start":{"line":135,"column":21},"end":{"line":135,"column":47}},"52":{"start":{"line":136,"column":19},"end":{"line":136,"column":43}},"53":{"start":{"line":137,"column":20},"end":{"line":137,"column":74}},"54":{"start":{"line":138,"column":18},"end":{"line":138,"column":37}},"55":{"start":{"line":139,"column":4},"end":{"line":139,"column":42}},"56":{"start":{"line":143,"column":0},"end":{"line":143,"column":36}}},"fnMap":{"0":{"name":"(anonymous_0)","decl":{"start":{"line":6,"column":2},"end":{"line":6,"column":3}},"loc":{"start":{"line":6,"column":23},"end":{"line":8,"column":3}},"line":6},"1":{"name":"(anonymous_1)","decl":{"start":{"line":14,"column":2},"end":{"line":14,"column":3}},"loc":{"start":{"line":14,"column":32},"end":{"line":32,"column":3}},"line":14},"2":{"name":"(anonymous_2)","decl":{"start":{"line":38,"column":2},"end":{"line":38,"column":3}},"loc":{"start":{"line":38,"column":41},"end":{"line":91,"column":3}},"line":38},"3":{"name":"(anonymous_3)","decl":{"start":{"line":48,"column":37},"end":{"line":48,"column":38}},"loc":{"start":{"line":48,"column":50},"end":{"line":50,"column":5}},"line":48},"4":{"name":"(anonymous_4)","decl":{"start":{"line":93,"column":2},"end":{"line":93,"column":3}},"loc":{"start":{"line":93,"column":23},"end":{"line":102,"column":3}},"line":93},"5":{"name":"(anonymous_5)","decl":{"start":{"line":104,"column":2},"end":{"line":104,"column":3}},"loc":{"start":{"line":104,"column":38},"end":{"line":132,"column":3}},"line":104},"6":{"name":"(anonymous_6)","decl":{"start":{"line":134,"column":2},"end":{"line":134,"column":3}},"loc":{"start":{"line":134,"column":32},"end":{"line":140,"column":3}},"line":134}},"branchMap":{"0":{"loc":{"start":{"line":54,"column":25},"end":{"line":54,"column":84}},"type":"binary-expr","locations":[{"start":{"line":54,"column":25},"end":{"line":54,"column":38}},{"start":{"line":54,"column":42},"end":{"line":54,"column":84}}],"line":54},"1":{"loc":{"start":{"line":60,"column":4},"end":{"line":62,"column":5}},"type":"if","locations":[{"start":{"line":60,"column":4},"end":{"line":62,"column":5}},{"start":{},"end":{}}],"line":60},"2":{"loc":{"start":{"line":78,"column":4},"end":{"line":90,"column":5}},"type":"if","locations":[{"start":{"line":78,"column":4},"end":{"line":90,"column":5}},{"start":{"line":87,"column":11},"end":{"line":90,"column":5}}],"line":78},"3":{"loc":{"start":{"line":78,"column":8},"end":{"line":78,"column":38}},"type":"binary-expr","locations":[{"start":{"line":78,"column":8},"end":{"line":78,"column":19}},{"start":{"line":78,"column":23},"end":{"line":78,"column":38}}],"line":78},"4":{"loc":{"start":{"line":98,"column":13},"end":{"line":98,"column":43}},"type":"cond-expr","locations":[{"start":{"line":98,"column":21},"end":{"line":98,"column":36}},{"start":{"line":98,"column":39},"end":{"line":98,"column":43}}],"line":98},"5":{"loc":{"start":{"line":139,"column":11},"end":{"line":139,"column":41}},"type":"cond-expr","locations":[{"start":{"line":139,"column":19},"end":{"line":139,"column":34}},{"start":{"line":139,"column":37},"end":{"line":139,"column":41}}],"line":139}},"s":{"0":1,"1":1,"2":1,"3":9,"4":4,"5":4,"6":4,"7":4,"8":4,"9":3,"10":3,"11":2,"12":1,"13":2,"14":1,"15":2,"16":2,"17":2,"18":2,"19":2,"20":2,"21":2,"22":2,"23":2,"24":2,"25":2,"26":1,"27":2,"28":2,"29":2,"30":2,"31":1,"32":1,"33":1,"34":1,"35":1,"36":1,"37":1,"38":1,"39":1,"40":1,"41":1,"42":0,"43":0,"44":3,"45":3,"46":3,"47":2,"48":2,"49":1,"50":2,"51":4,"52":4,"53":4,"54":4,"55":4,"56":1},"f":{"0":9,"1":4,"2":2,"3":2,"4":3,"5":2,"6":4},"b":{"0":[2,0],"1":[1,1],"2":[1,0],"3":[1,1],"4":[1,1],"5":[3,1]},"_coverageSchema":"1a1c01bbd47fc00a2c39e90264f33305004495a9","hash":"2e3ffb418fb611d43766483bf8c745af971bb5b3"}
,"/home/heather/Documents/Code/Anima/app/Tools.js": {"path":"/home/heather/Documents/Code/Anima/app/Tools.js","statementMap":{"0":{"start":{"line":1,"column":11},"end":{"line":1,"column":29}},"1":{"start":{"line":2,"column":13},"end":{"line":2,"column":33}},"2":{"start":{"line":3,"column":17},"end":{"line":3,"column":46}},"3":{"start":{"line":5,"column":22},"end":{"line":70,"column":1}},"4":{"start":{"line":6,"column":2},"end":{"line":69,"column":3}},"5":{"start":{"line":7,"column":16},"end":{"line":7,"column":29}},"6":{"start":{"line":8,"column":25},"end":{"line":8,"column":52}},"7":{"start":{"line":11,"column":4},"end":{"line":13,"column":5}},"8":{"start":{"line":12,"column":6},"end":{"line":12,"column":19}},"9":{"start":{"line":15,"column":25},"end":{"line":15,"column":57}},"10":{"start":{"line":16,"column":30},"end":{"line":16,"column":56}},"11":{"start":{"line":17,"column":31},"end":{"line":28,"column":5}},"12":{"start":{"line":31,"column":4},"end":{"line":37,"column":5}},"13":{"start":{"line":33,"column":20},"end":{"line":33,"column":99}},"14":{"start":{"line":36,"column":6},"end":{"line":36,"column":19}},"15":{"start":{"line":40,"column":4},"end":{"line":63,"column":5}},"16":{"start":{"line":41,"column":27},"end":{"line":41,"column":55}},"17":{"start":{"line":42,"column":6},"end":{"line":42,"column":38}},"18":{"start":{"line":42,"column":25},"end":{"line":42,"column":38}},"19":{"start":{"line":43,"column":6},"end":{"line":43,"column":50}},"20":{"start":{"line":43,"column":38},"end":{"line":43,"column":50}},"21":{"start":{"line":45,"column":6},"end":{"line":62,"column":9}},"22":{"start":{"line":46,"column":27},"end":{"line":46,"column":53}},"23":{"start":{"line":49,"column":8},"end":{"line":49,"column":53}},"24":{"start":{"line":49,"column":41},"end":{"line":49,"column":53}},"25":{"start":{"line":54,"column":10},"end":{"line":56,"column":78}},"26":{"start":{"line":58,"column":8},"end":{"line":60,"column":9}},"27":{"start":{"line":59,"column":10},"end":{"line":59,"column":64}},"28":{"start":{"line":61,"column":8},"end":{"line":61,"column":21}},"29":{"start":{"line":66,"column":4},"end":{"line":66,"column":16}},"30":{"start":{"line":68,"column":4},"end":{"line":68,"column":17}},"31":{"start":{"line":72,"column":14},"end":{"line":248,"column":1}},"32":{"start":{"line":250,"column":23},"end":{"line":530,"column":1}},"33":{"start":{"line":252,"column":4},"end":{"line":261,"column":5}},"34":{"start":{"line":253,"column":6},"end":{"line":254,"column":90}},"35":{"start":{"line":254,"column":8},"end":{"line":254,"column":90}},"36":{"start":{"line":255,"column":23},"end":{"line":255,"column":60}},"37":{"start":{"line":256,"column":6},"end":{"line":256,"column":64}},"38":{"start":{"line":257,"column":6},"end":{"line":257,"column":42}},"39":{"start":{"line":258,"column":6},"end":{"line":258,"column":54}},"40":{"start":{"line":260,"column":6},"end":{"line":260,"column":48}},"41":{"start":{"line":264,"column":4},"end":{"line":272,"column":5}},"42":{"start":{"line":265,"column":6},"end":{"line":266,"column":90}},"43":{"start":{"line":266,"column":8},"end":{"line":266,"column":90}},"44":{"start":{"line":267,"column":23},"end":{"line":267,"column":60}},"45":{"start":{"line":268,"column":6},"end":{"line":268,"column":73}},"46":{"start":{"line":268,"column":36},"end":{"line":268,"column":73}},"47":{"start":{"line":269,"column":6},"end":{"line":269,"column":47}},"48":{"start":{"line":271,"column":6},"end":{"line":271,"column":48}},"49":{"start":{"line":275,"column":4},"end":{"line":283,"column":7}},"50":{"start":{"line":276,"column":6},"end":{"line":282,"column":9}},"51":{"start":{"line":277,"column":8},"end":{"line":281,"column":9}},"52":{"start":{"line":278,"column":10},"end":{"line":278,"column":64}},"53":{"start":{"line":280,"column":10},"end":{"line":280,"column":72}},"54":{"start":{"line":286,"column":4},"end":{"line":300,"column":5}},"55":{"start":{"line":287,"column":6},"end":{"line":288,"column":89}},"56":{"start":{"line":288,"column":8},"end":{"line":288,"column":89}},"57":{"start":{"line":289,"column":23},"end":{"line":289,"column":59}},"58":{"start":{"line":290,"column":6},"end":{"line":290,"column":72}},"59":{"start":{"line":290,"column":36},"end":{"line":290,"column":72}},"60":{"start":{"line":292,"column":20},"end":{"line":292,"column":69}},"61":{"start":{"line":293,"column":24},"end":{"line":296,"column":19}},"62":{"start":{"line":294,"column":26},"end":{"line":294,"column":91}},"63":{"start":{"line":295,"column":24},"end":{"line":295,"column":72}},"64":{"start":{"line":297,"column":6},"end":{"line":297,"column":46}},"65":{"start":{"line":299,"column":6},"end":{"line":299,"column":49}},"66":{"start":{"line":303,"column":4},"end":{"line":358,"column":5}},"67":{"start":{"line":304,"column":6},"end":{"line":305,"column":89}},"68":{"start":{"line":305,"column":8},"end":{"line":305,"column":89}},"69":{"start":{"line":306,"column":23},"end":{"line":306,"column":59}},"70":{"start":{"line":307,"column":6},"end":{"line":307,"column":72}},"71":{"start":{"line":307,"column":36},"end":{"line":307,"column":72}},"72":{"start":{"line":309,"column":22},"end":{"line":309,"column":24}},"73":{"start":{"line":311,"column":6},"end":{"line":315,"column":7}},"74":{"start":{"line":312,"column":8},"end":{"line":312,"column":33}},"75":{"start":{"line":314,"column":8},"end":{"line":314,"column":53}},"76":{"start":{"line":317,"column":25},"end":{"line":333,"column":7}},"77":{"start":{"line":318,"column":8},"end":{"line":318,"column":66}},"78":{"start":{"line":318,"column":59},"end":{"line":318,"column":66}},"79":{"start":{"line":319,"column":8},"end":{"line":332,"column":9}},"80":{"start":{"line":320,"column":26},"end":{"line":320,"column":59}},"81":{"start":{"line":321,"column":10},"end":{"line":321,"column":45}},"82":{"start":{"line":321,"column":38},"end":{"line":321,"column":45}},"83":{"start":{"line":323,"column":24},"end":{"line":323,"column":46}},"84":{"start":{"line":324,"column":10},"end":{"line":329,"column":13}},"85":{"start":{"line":325,"column":12},"end":{"line":328,"column":13}},"86":{"start":{"line":326,"column":35},"end":{"line":326,"column":73}},"87":{"start":{"line":327,"column":14},"end":{"line":327,"column":67}},"88":{"start":{"line":335,"column":22},"end":{"line":346,"column":7}},"89":{"start":{"line":336,"column":24},"end":{"line":336,"column":76}},"90":{"start":{"line":337,"column":8},"end":{"line":345,"column":9}},"91":{"start":{"line":338,"column":28},"end":{"line":338,"column":62}},"92":{"start":{"line":339,"column":10},"end":{"line":344,"column":11}},"93":{"start":{"line":340,"column":12},"end":{"line":340,"column":81}},"94":{"start":{"line":340,"column":72},"end":{"line":340,"column":81}},"95":{"start":{"line":341,"column":12},"end":{"line":341,"column":31}},"96":{"start":{"line":342,"column":17},"end":{"line":344,"column":11}},"97":{"start":{"line":343,"column":12},"end":{"line":343,"column":34}},"98":{"start":{"line":348,"column":20},"end":{"line":348,"column":41}},"99":{"start":{"line":349,"column":6},"end":{"line":353,"column":7}},"100":{"start":{"line":350,"column":8},"end":{"line":350,"column":29}},"101":{"start":{"line":351,"column":13},"end":{"line":353,"column":7}},"102":{"start":{"line":352,"column":8},"end":{"line":352,"column":26}},"103":{"start":{"line":355,"column":6},"end":{"line":355,"column":75}},"104":{"start":{"line":357,"column":6},"end":{"line":357,"column":51}},"105":{"start":{"line":361,"column":4},"end":{"line":416,"column":5}},"106":{"start":{"line":362,"column":24},"end":{"line":362,"column":34}},"107":{"start":{"line":363,"column":24},"end":{"line":363,"column":52}},"108":{"start":{"line":366,"column":6},"end":{"line":389,"column":7}},"109":{"start":{"line":370,"column":10},"end":{"line":370,"column":44}},"110":{"start":{"line":371,"column":10},"end":{"line":371,"column":39}},"111":{"start":{"line":372,"column":10},"end":{"line":372,"column":16}},"112":{"start":{"line":375,"column":10},"end":{"line":375,"column":44}},"113":{"start":{"line":377,"column":10},"end":{"line":377,"column":77}},"114":{"start":{"line":378,"column":10},"end":{"line":378,"column":16}},"115":{"start":{"line":381,"column":10},"end":{"line":381,"column":44}},"116":{"start":{"line":382,"column":10},"end":{"line":382,"column":39}},"117":{"start":{"line":383,"column":10},"end":{"line":385,"column":11}},"118":{"start":{"line":384,"column":12},"end":{"line":384,"column":104}},"119":{"start":{"line":386,"column":10},"end":{"line":386,"column":16}},"120":{"start":{"line":388,"column":10},"end":{"line":388,"column":78}},"121":{"start":{"line":391,"column":6},"end":{"line":392,"column":77}},"122":{"start":{"line":392,"column":8},"end":{"line":392,"column":77}},"123":{"start":{"line":393,"column":23},"end":{"line":393,"column":60}},"124":{"start":{"line":394,"column":6},"end":{"line":394,"column":39}},"125":{"start":{"line":396,"column":6},"end":{"line":413,"column":9}},"126":{"start":{"line":397,"column":8},"end":{"line":412,"column":11}},"127":{"start":{"line":398,"column":10},"end":{"line":402,"column":11}},"128":{"start":{"line":399,"column":12},"end":{"line":399,"column":36}},"129":{"start":{"line":403,"column":10},"end":{"line":411,"column":11}},"130":{"start":{"line":404,"column":12},"end":{"line":408,"column":13}},"131":{"start":{"line":405,"column":14},"end":{"line":405,"column":70}},"132":{"start":{"line":407,"column":14},"end":{"line":407,"column":68}},"133":{"start":{"line":410,"column":12},"end":{"line":410,"column":71}},"134":{"start":{"line":415,"column":6},"end":{"line":415,"column":50}},"135":{"start":{"line":419,"column":4},"end":{"line":437,"column":5}},"136":{"start":{"line":420,"column":6},"end":{"line":421,"column":90}},"137":{"start":{"line":421,"column":8},"end":{"line":421,"column":90}},"138":{"start":{"line":422,"column":23},"end":{"line":422,"column":60}},"139":{"start":{"line":423,"column":6},"end":{"line":423,"column":73}},"140":{"start":{"line":423,"column":36},"end":{"line":423,"column":73}},"141":{"start":{"line":424,"column":20},"end":{"line":424,"column":41}},"142":{"start":{"line":425,"column":6},"end":{"line":434,"column":8}},"143":{"start":{"line":436,"column":6},"end":{"line":436,"column":53}},"144":{"start":{"line":440,"column":4},"end":{"line":449,"column":5}},"145":{"start":{"line":441,"column":6},"end":{"line":442,"column":90}},"146":{"start":{"line":442,"column":8},"end":{"line":442,"column":90}},"147":{"start":{"line":443,"column":23},"end":{"line":443,"column":60}},"148":{"start":{"line":444,"column":6},"end":{"line":444,"column":73}},"149":{"start":{"line":444,"column":36},"end":{"line":444,"column":73}},"150":{"start":{"line":445,"column":6},"end":{"line":445,"column":30}},"151":{"start":{"line":446,"column":6},"end":{"line":446,"column":54}},"152":{"start":{"line":448,"column":6},"end":{"line":448,"column":49}},"153":{"start":{"line":452,"column":4},"end":{"line":468,"column":5}},"154":{"start":{"line":453,"column":6},"end":{"line":454,"column":90}},"155":{"start":{"line":454,"column":8},"end":{"line":454,"column":90}},"156":{"start":{"line":455,"column":23},"end":{"line":455,"column":60}},"157":{"start":{"line":456,"column":6},"end":{"line":456,"column":73}},"158":{"start":{"line":456,"column":36},"end":{"line":456,"column":73}},"159":{"start":{"line":458,"column":22},"end":{"line":458,"column":55}},"160":{"start":{"line":459,"column":20},"end":{"line":459,"column":43}},"161":{"start":{"line":460,"column":25},"end":{"line":460,"column":56}},"162":{"start":{"line":462,"column":6},"end":{"line":462,"column":61}},"163":{"start":{"line":462,"column":34},"end":{"line":462,"column":61}},"164":{"start":{"line":464,"column":6},"end":{"line":464,"column":45}},"165":{"start":{"line":465,"column":6},"end":{"line":465,"column":61}},"166":{"start":{"line":467,"column":6},"end":{"line":467,"column":53}},"167":{"start":{"line":471,"column":4},"end":{"line":500,"column":5}},"168":{"start":{"line":475,"column":24},"end":{"line":475,"column":61}},"169":{"start":{"line":476,"column":6},"end":{"line":478,"column":7}},"170":{"start":{"line":477,"column":8},"end":{"line":477,"column":53}},"171":{"start":{"line":480,"column":23},"end":{"line":480,"column":73}},"172":{"start":{"line":481,"column":6},"end":{"line":481,"column":58}},"173":{"start":{"line":481,"column":21},"end":{"line":481,"column":58}},"174":{"start":{"line":483,"column":21},"end":{"line":483,"column":59}},"175":{"start":{"line":484,"column":27},"end":{"line":484,"column":76}},"176":{"start":{"line":488,"column":6},"end":{"line":492,"column":7}},"177":{"start":{"line":489,"column":8},"end":{"line":489,"column":88}},"178":{"start":{"line":491,"column":8},"end":{"line":491,"column":52}},"179":{"start":{"line":494,"column":6},"end":{"line":494,"column":37}},"180":{"start":{"line":495,"column":6},"end":{"line":495,"column":78}},"181":{"start":{"line":497,"column":6},"end":{"line":497,"column":60}},"182":{"start":{"line":499,"column":6},"end":{"line":499,"column":53}},"183":{"start":{"line":503,"column":4},"end":{"line":528,"column":5}},"184":{"start":{"line":504,"column":6},"end":{"line":504,"column":100}},"185":{"start":{"line":504,"column":40},"end":{"line":504,"column":100}},"186":{"start":{"line":505,"column":23},"end":{"line":507,"column":7}},"187":{"start":{"line":508,"column":6},"end":{"line":508,"column":64}},"188":{"start":{"line":508,"column":24},"end":{"line":508,"column":64}},"189":{"start":{"line":509,"column":19},"end":{"line":509,"column":40}},"190":{"start":{"line":511,"column":6},"end":{"line":512,"column":41}},"191":{"start":{"line":512,"column":8},"end":{"line":512,"column":41}},"192":{"start":{"line":514,"column":19},"end":{"line":514,"column":21}},"193":{"start":{"line":515,"column":6},"end":{"line":516,"column":81}},"194":{"start":{"line":516,"column":8},"end":{"line":516,"column":81}},"195":{"start":{"line":517,"column":6},"end":{"line":524,"column":7}},"196":{"start":{"line":518,"column":8},"end":{"line":523,"column":24}},"197":{"start":{"line":520,"column":43},"end":{"line":520,"column":63}},"198":{"start":{"line":522,"column":24},"end":{"line":522,"column":37}},"199":{"start":{"line":525,"column":6},"end":{"line":525,"column":20}},"200":{"start":{"line":527,"column":6},"end":{"line":527,"column":49}},"201":{"start":{"line":532,"column":0},"end":{"line":532,"column":58}}},"fnMap":{"0":{"name":"(anonymous_0)","decl":{"start":{"line":5,"column":22},"end":{"line":5,"column":23}},"loc":{"start":{"line":5,"column":71},"end":{"line":70,"column":1}},"line":5},"1":{"name":"(anonymous_1)","decl":{"start":{"line":33,"column":8},"end":{"line":33,"column":9}},"loc":{"start":{"line":33,"column":20},"end":{"line":33,"column":99}},"line":33},"2":{"name":"(anonymous_2)","decl":{"start":{"line":45,"column":31},"end":{"line":45,"column":32}},"loc":{"start":{"line":45,"column":44},"end":{"line":62,"column":7}},"line":45},"3":{"name":"(anonymous_3)","decl":{"start":{"line":251,"column":14},"end":{"line":251,"column":15}},"loc":{"start":{"line":251,"column":66},"end":{"line":262,"column":3}},"line":251},"4":{"name":"(anonymous_4)","decl":{"start":{"line":263,"column":13},"end":{"line":263,"column":14}},"loc":{"start":{"line":263,"column":56},"end":{"line":273,"column":3}},"line":263},"5":{"name":"(anonymous_5)","decl":{"start":{"line":274,"column":15},"end":{"line":274,"column":16}},"loc":{"start":{"line":274,"column":38},"end":{"line":284,"column":3}},"line":274},"6":{"name":"(anonymous_6)","decl":{"start":{"line":275,"column":23},"end":{"line":275,"column":24}},"loc":{"start":{"line":275,"column":36},"end":{"line":283,"column":5}},"line":275},"7":{"name":"(anonymous_7)","decl":{"start":{"line":276,"column":20},"end":{"line":276,"column":21}},"loc":{"start":{"line":276,"column":47},"end":{"line":282,"column":7}},"line":276},"8":{"name":"(anonymous_8)","decl":{"start":{"line":285,"column":14},"end":{"line":285,"column":15}},"loc":{"start":{"line":285,"column":62},"end":{"line":301,"column":3}},"line":285},"9":{"name":"(anonymous_9)","decl":{"start":{"line":294,"column":16},"end":{"line":294,"column":17}},"loc":{"start":{"line":294,"column":26},"end":{"line":294,"column":91}},"line":294},"10":{"name":"(anonymous_10)","decl":{"start":{"line":295,"column":13},"end":{"line":295,"column":14}},"loc":{"start":{"line":295,"column":24},"end":{"line":295,"column":72}},"line":295},"11":{"name":"(anonymous_11)","decl":{"start":{"line":302,"column":16},"end":{"line":302,"column":17}},"loc":{"start":{"line":302,"column":70},"end":{"line":359,"column":3}},"line":302},"12":{"name":"(anonymous_12)","decl":{"start":{"line":317,"column":25},"end":{"line":317,"column":26}},"loc":{"start":{"line":317,"column":39},"end":{"line":333,"column":7}},"line":317},"13":{"name":"(anonymous_13)","decl":{"start":{"line":324,"column":24},"end":{"line":324,"column":25}},"loc":{"start":{"line":324,"column":41},"end":{"line":329,"column":11}},"line":324},"14":{"name":"(anonymous_14)","decl":{"start":{"line":335,"column":22},"end":{"line":335,"column":23}},"loc":{"start":{"line":335,"column":39},"end":{"line":346,"column":7}},"line":335},"15":{"name":"(anonymous_15)","decl":{"start":{"line":360,"column":16},"end":{"line":360,"column":17}},"loc":{"start":{"line":360,"column":59},"end":{"line":417,"column":3}},"line":360},"16":{"name":"(anonymous_16)","decl":{"start":{"line":396,"column":25},"end":{"line":396,"column":26}},"loc":{"start":{"line":396,"column":38},"end":{"line":413,"column":7}},"line":396},"17":{"name":"(anonymous_17)","decl":{"start":{"line":397,"column":42},"end":{"line":397,"column":43}},"loc":{"start":{"line":397,"column":69},"end":{"line":412,"column":9}},"line":397},"18":{"name":"(anonymous_18)","decl":{"start":{"line":418,"column":13},"end":{"line":418,"column":14}},"loc":{"start":{"line":418,"column":56},"end":{"line":438,"column":3}},"line":418},"19":{"name":"(anonymous_19)","decl":{"start":{"line":439,"column":15},"end":{"line":439,"column":16}},"loc":{"start":{"line":439,"column":58},"end":{"line":450,"column":3}},"line":439},"20":{"name":"(anonymous_20)","decl":{"start":{"line":451,"column":19},"end":{"line":451,"column":20}},"loc":{"start":{"line":451,"column":79},"end":{"line":469,"column":3}},"line":451},"21":{"name":"(anonymous_21)","decl":{"start":{"line":470,"column":14},"end":{"line":470,"column":15}},"loc":{"start":{"line":470,"column":64},"end":{"line":501,"column":3}},"line":470},"22":{"name":"(anonymous_22)","decl":{"start":{"line":502,"column":14},"end":{"line":502,"column":15}},"loc":{"start":{"line":502,"column":49},"end":{"line":529,"column":3}},"line":502},"23":{"name":"(anonymous_23)","decl":{"start":{"line":520,"column":36},"end":{"line":520,"column":37}},"loc":{"start":{"line":520,"column":43},"end":{"line":520,"column":63}},"line":520},"24":{"name":"(anonymous_24)","decl":{"start":{"line":522,"column":17},"end":{"line":522,"column":18}},"loc":{"start":{"line":522,"column":24},"end":{"line":522,"column":37}},"line":522}},"branchMap":{"0":{"loc":{"start":{"line":5,"column":33},"end":{"line":5,"column":46}},"type":"default-arg","locations":[{"start":{"line":5,"column":40},"end":{"line":5,"column":46}}],"line":5},"1":{"loc":{"start":{"line":5,"column":48},"end":{"line":5,"column":66}},"type":"default-arg","locations":[{"start":{"line":5,"column":62},"end":{"line":5,"column":66}}],"line":5},"2":{"loc":{"start":{"line":11,"column":4},"end":{"line":13,"column":5}},"type":"if","locations":[{"start":{"line":11,"column":4},"end":{"line":13,"column":5}},{"start":{},"end":{}}],"line":11},"3":{"loc":{"start":{"line":31,"column":4},"end":{"line":37,"column":5}},"type":"if","locations":[{"start":{"line":31,"column":4},"end":{"line":37,"column":5}},{"start":{},"end":{}}],"line":31},"4":{"loc":{"start":{"line":33,"column":20},"end":{"line":33,"column":99}},"type":"binary-expr","locations":[{"start":{"line":33,"column":20},"end":{"line":33,"column":48}},{"start":{"line":33,"column":52},"end":{"line":33,"column":99}}],"line":33},"5":{"loc":{"start":{"line":40,"column":4},"end":{"line":63,"column":5}},"type":"if","locations":[{"start":{"line":40,"column":4},"end":{"line":63,"column":5}},{"start":{},"end":{}}],"line":40},"6":{"loc":{"start":{"line":40,"column":8},"end":{"line":40,"column":45}},"type":"binary-expr","locations":[{"start":{"line":40,"column":8},"end":{"line":40,"column":19}},{"start":{"line":40,"column":23},"end":{"line":40,"column":45}}],"line":40},"7":{"loc":{"start":{"line":42,"column":6},"end":{"line":42,"column":38}},"type":"if","locations":[{"start":{"line":42,"column":6},"end":{"line":42,"column":38}},{"start":{},"end":{}}],"line":42},"8":{"loc":{"start":{"line":43,"column":6},"end":{"line":43,"column":50}},"type":"if","locations":[{"start":{"line":43,"column":6},"end":{"line":43,"column":50}},{"start":{},"end":{}}],"line":43},"9":{"loc":{"start":{"line":49,"column":8},"end":{"line":49,"column":53}},"type":"if","locations":[{"start":{"line":49,"column":8},"end":{"line":49,"column":53}},{"start":{},"end":{}}],"line":49},"10":{"loc":{"start":{"line":54,"column":10},"end":{"line":56,"column":78}},"type":"binary-expr","locations":[{"start":{"line":54,"column":10},"end":{"line":54,"column":36}},{"start":{"line":55,"column":10},"end":{"line":55,"column":32}},{"start":{"line":56,"column":11},"end":{"line":56,"column":36}},{"start":{"line":56,"column":40},"end":{"line":56,"column":77}}],"line":54},"11":{"loc":{"start":{"line":58,"column":8},"end":{"line":60,"column":9}},"type":"if","locations":[{"start":{"line":58,"column":8},"end":{"line":60,"column":9}},{"start":{},"end":{}}],"line":58},"12":{"loc":{"start":{"line":253,"column":6},"end":{"line":254,"column":90}},"type":"if","locations":[{"start":{"line":253,"column":6},"end":{"line":254,"column":90}},{"start":{},"end":{}}],"line":253},"13":{"loc":{"start":{"line":265,"column":6},"end":{"line":266,"column":90}},"type":"if","locations":[{"start":{"line":265,"column":6},"end":{"line":266,"column":90}},{"start":{},"end":{}}],"line":265},"14":{"loc":{"start":{"line":268,"column":6},"end":{"line":268,"column":73}},"type":"if","locations":[{"start":{"line":268,"column":6},"end":{"line":268,"column":73}},{"start":{},"end":{}}],"line":268},"15":{"loc":{"start":{"line":277,"column":8},"end":{"line":281,"column":9}},"type":"if","locations":[{"start":{"line":277,"column":8},"end":{"line":281,"column":9}},{"start":{"line":279,"column":15},"end":{"line":281,"column":9}}],"line":277},"16":{"loc":{"start":{"line":280,"column":18},"end":{"line":280,"column":70}},"type":"binary-expr","locations":[{"start":{"line":280,"column":18},"end":{"line":280,"column":24}},{"start":{"line":280,"column":28},"end":{"line":280,"column":34}},{"start":{"line":280,"column":38},"end":{"line":280,"column":70}}],"line":280},"17":{"loc":{"start":{"line":285,"column":29},"end":{"line":285,"column":42}},"type":"default-arg","locations":[{"start":{"line":285,"column":39},"end":{"line":285,"column":42}}],"line":285},"18":{"loc":{"start":{"line":287,"column":6},"end":{"line":288,"column":89}},"type":"if","locations":[{"start":{"line":287,"column":6},"end":{"line":288,"column":89}},{"start":{},"end":{}}],"line":287},"19":{"loc":{"start":{"line":290,"column":6},"end":{"line":290,"column":72}},"type":"if","locations":[{"start":{"line":290,"column":6},"end":{"line":290,"column":72}},{"start":{},"end":{}}],"line":290},"20":{"loc":{"start":{"line":295,"column":24},"end":{"line":295,"column":72}},"type":"cond-expr","locations":[{"start":{"line":295,"column":45},"end":{"line":295,"column":60}},{"start":{"line":295,"column":63},"end":{"line":295,"column":72}}],"line":295},"21":{"loc":{"start":{"line":297,"column":13},"end":{"line":297,"column":45}},"type":"binary-expr","locations":[{"start":{"line":297,"column":13},"end":{"line":297,"column":22}},{"start":{"line":297,"column":26},"end":{"line":297,"column":45}}],"line":297},"22":{"loc":{"start":{"line":302,"column":31},"end":{"line":302,"column":44}},"type":"default-arg","locations":[{"start":{"line":302,"column":41},"end":{"line":302,"column":44}}],"line":302},"23":{"loc":{"start":{"line":304,"column":6},"end":{"line":305,"column":89}},"type":"if","locations":[{"start":{"line":304,"column":6},"end":{"line":305,"column":89}},{"start":{},"end":{}}],"line":304},"24":{"loc":{"start":{"line":307,"column":6},"end":{"line":307,"column":72}},"type":"if","locations":[{"start":{"line":307,"column":6},"end":{"line":307,"column":72}},{"start":{},"end":{}}],"line":307},"25":{"loc":{"start":{"line":318,"column":8},"end":{"line":318,"column":66}},"type":"if","locations":[{"start":{"line":318,"column":8},"end":{"line":318,"column":66}},{"start":{},"end":{}}],"line":318},"26":{"loc":{"start":{"line":321,"column":10},"end":{"line":321,"column":45}},"type":"if","locations":[{"start":{"line":321,"column":10},"end":{"line":321,"column":45}},{"start":{},"end":{}}],"line":321},"27":{"loc":{"start":{"line":325,"column":12},"end":{"line":328,"column":13}},"type":"if","locations":[{"start":{"line":325,"column":12},"end":{"line":328,"column":13}},{"start":{},"end":{}}],"line":325},"28":{"loc":{"start":{"line":339,"column":10},"end":{"line":344,"column":11}},"type":"if","locations":[{"start":{"line":339,"column":10},"end":{"line":344,"column":11}},{"start":{"line":342,"column":17},"end":{"line":344,"column":11}}],"line":339},"29":{"loc":{"start":{"line":340,"column":12},"end":{"line":340,"column":81}},"type":"if","locations":[{"start":{"line":340,"column":12},"end":{"line":340,"column":81}},{"start":{},"end":{}}],"line":340},"30":{"loc":{"start":{"line":340,"column":16},"end":{"line":340,"column":70}},"type":"binary-expr","locations":[{"start":{"line":340,"column":16},"end":{"line":340,"column":45}},{"start":{"line":340,"column":49},"end":{"line":340,"column":70}}],"line":340},"31":{"loc":{"start":{"line":342,"column":17},"end":{"line":344,"column":11}},"type":"if","locations":[{"start":{"line":342,"column":17},"end":{"line":344,"column":11}},{"start":{},"end":{}}],"line":342},"32":{"loc":{"start":{"line":349,"column":6},"end":{"line":353,"column":7}},"type":"if","locations":[{"start":{"line":349,"column":6},"end":{"line":353,"column":7}},{"start":{"line":351,"column":13},"end":{"line":353,"column":7}}],"line":349},"33":{"loc":{"start":{"line":351,"column":13},"end":{"line":353,"column":7}},"type":"if","locations":[{"start":{"line":351,"column":13},"end":{"line":353,"column":7}},{"start":{},"end":{}}],"line":351},"34":{"loc":{"start":{"line":355,"column":13},"end":{"line":355,"column":74}},"type":"cond-expr","locations":[{"start":{"line":355,"column":34},"end":{"line":355,"column":52}},{"start":{"line":355,"column":55},"end":{"line":355,"column":74}}],"line":355},"35":{"loc":{"start":{"line":366,"column":6},"end":{"line":389,"column":7}},"type":"switch","locations":[{"start":{"line":367,"column":8},"end":{"line":367,"column":26}},{"start":{"line":368,"column":8},"end":{"line":368,"column":18}},{"start":{"line":369,"column":8},"end":{"line":372,"column":16}},{"start":{"line":373,"column":8},"end":{"line":373,"column":22}},{"start":{"line":374,"column":8},"end":{"line":378,"column":16}},{"start":{"line":379,"column":8},"end":{"line":379,"column":20}},{"start":{"line":380,"column":8},"end":{"line":386,"column":16}},{"start":{"line":387,"column":8},"end":{"line":388,"column":78}}],"line":366},"36":{"loc":{"start":{"line":377,"column":20},"end":{"line":377,"column":76}},"type":"cond-expr","locations":[{"start":{"line":377,"column":32},"end":{"line":377,"column":52}},{"start":{"line":377,"column":55},"end":{"line":377,"column":76}}],"line":377},"37":{"loc":{"start":{"line":383,"column":10},"end":{"line":385,"column":11}},"type":"if","locations":[{"start":{"line":383,"column":10},"end":{"line":385,"column":11}},{"start":{},"end":{}}],"line":383},"38":{"loc":{"start":{"line":391,"column":6},"end":{"line":392,"column":77}},"type":"if","locations":[{"start":{"line":391,"column":6},"end":{"line":392,"column":77}},{"start":{},"end":{}}],"line":391},"39":{"loc":{"start":{"line":403,"column":10},"end":{"line":411,"column":11}},"type":"if","locations":[{"start":{"line":403,"column":10},"end":{"line":411,"column":11}},{"start":{"line":409,"column":17},"end":{"line":411,"column":11}}],"line":403},"40":{"loc":{"start":{"line":404,"column":12},"end":{"line":408,"column":13}},"type":"if","locations":[{"start":{"line":404,"column":12},"end":{"line":408,"column":13}},{"start":{"line":406,"column":19},"end":{"line":408,"column":13}}],"line":404},"41":{"loc":{"start":{"line":410,"column":20},"end":{"line":410,"column":69}},"type":"binary-expr","locations":[{"start":{"line":410,"column":20},"end":{"line":410,"column":26}},{"start":{"line":410,"column":30},"end":{"line":410,"column":36}},{"start":{"line":410,"column":40},"end":{"line":410,"column":69}}],"line":410},"42":{"loc":{"start":{"line":420,"column":6},"end":{"line":421,"column":90}},"type":"if","locations":[{"start":{"line":420,"column":6},"end":{"line":421,"column":90}},{"start":{},"end":{}}],"line":420},"43":{"loc":{"start":{"line":423,"column":6},"end":{"line":423,"column":73}},"type":"if","locations":[{"start":{"line":423,"column":6},"end":{"line":423,"column":73}},{"start":{},"end":{}}],"line":423},"44":{"loc":{"start":{"line":441,"column":6},"end":{"line":442,"column":90}},"type":"if","locations":[{"start":{"line":441,"column":6},"end":{"line":442,"column":90}},{"start":{},"end":{}}],"line":441},"45":{"loc":{"start":{"line":444,"column":6},"end":{"line":444,"column":73}},"type":"if","locations":[{"start":{"line":444,"column":6},"end":{"line":444,"column":73}},{"start":{},"end":{}}],"line":444},"46":{"loc":{"start":{"line":453,"column":6},"end":{"line":454,"column":90}},"type":"if","locations":[{"start":{"line":453,"column":6},"end":{"line":454,"column":90}},{"start":{},"end":{}}],"line":453},"47":{"loc":{"start":{"line":456,"column":6},"end":{"line":456,"column":73}},"type":"if","locations":[{"start":{"line":456,"column":6},"end":{"line":456,"column":73}},{"start":{},"end":{}}],"line":456},"48":{"loc":{"start":{"line":462,"column":6},"end":{"line":462,"column":61}},"type":"if","locations":[{"start":{"line":462,"column":6},"end":{"line":462,"column":61}},{"start":{},"end":{}}],"line":462},"49":{"loc":{"start":{"line":476,"column":6},"end":{"line":478,"column":7}},"type":"if","locations":[{"start":{"line":476,"column":6},"end":{"line":478,"column":7}},{"start":{},"end":{}}],"line":476},"50":{"loc":{"start":{"line":481,"column":6},"end":{"line":481,"column":58}},"type":"if","locations":[{"start":{"line":481,"column":6},"end":{"line":481,"column":58}},{"start":{},"end":{}}],"line":481},"51":{"loc":{"start":{"line":489,"column":25},"end":{"line":489,"column":87}},"type":"cond-expr","locations":[{"start":{"line":489,"column":56},"end":{"line":489,"column":76}},{"start":{"line":489,"column":79},"end":{"line":489,"column":87}}],"line":489},"52":{"loc":{"start":{"line":504,"column":6},"end":{"line":504,"column":100}},"type":"if","locations":[{"start":{"line":504,"column":6},"end":{"line":504,"column":100}},{"start":{},"end":{}}],"line":504},"53":{"loc":{"start":{"line":508,"column":6},"end":{"line":508,"column":64}},"type":"if","locations":[{"start":{"line":508,"column":6},"end":{"line":508,"column":64}},{"start":{},"end":{}}],"line":508},"54":{"loc":{"start":{"line":511,"column":6},"end":{"line":512,"column":41}},"type":"if","locations":[{"start":{"line":511,"column":6},"end":{"line":512,"column":41}},{"start":{},"end":{}}],"line":511},"55":{"loc":{"start":{"line":511,"column":10},"end":{"line":511,"column":88}},"type":"binary-expr","locations":[{"start":{"line":511,"column":10},"end":{"line":511,"column":28}},{"start":{"line":511,"column":33},"end":{"line":511,"column":52}},{"start":{"line":511,"column":56},"end":{"line":511,"column":87}}],"line":511},"56":{"loc":{"start":{"line":515,"column":6},"end":{"line":516,"column":81}},"type":"if","locations":[{"start":{"line":515,"column":6},"end":{"line":516,"column":81}},{"start":{},"end":{}}],"line":515},"57":{"loc":{"start":{"line":517,"column":6},"end":{"line":524,"column":7}},"type":"if","locations":[{"start":{"line":517,"column":6},"end":{"line":524,"column":7}},{"start":{},"end":{}}],"line":517},"58":{"loc":{"start":{"line":520,"column":43},"end":{"line":520,"column":63}},"type":"binary-expr","locations":[{"start":{"line":520,"column":43},"end":{"line":520,"column":49}},{"start":{"line":520,"column":53},"end":{"line":520,"column":63}}],"line":520}},"s":{"0":3,"1":3,"2":3,"3":3,"4":51,"5":51,"6":51,"7":51,"8":2,"9":49,"10":49,"11":49,"12":49,"13":436,"14":10,"15":39,"16":18,"17":18,"18":0,"19":18,"20":2,"21":16,"22":18,"23":18,"24":3,"25":15,"26":15,"27":14,"28":1,"29":21,"30":0,"31":3,"32":3,"33":4,"34":4,"35":1,"36":3,"37":3,"38":2,"39":2,"40":1,"41":4,"42":4,"43":1,"44":3,"45":3,"46":1,"47":2,"48":0,"49":2,"50":2,"51":2,"52":1,"53":1,"54":2,"55":2,"56":0,"57":2,"58":2,"59":0,"60":2,"61":2,"62":4,"63":4,"64":2,"65":0,"66":5,"67":5,"68":1,"69":4,"70":4,"71":0,"72":4,"73":4,"74":4,"75":1,"76":3,"77":3,"78":0,"79":3,"80":3,"81":3,"82":0,"83":3,"84":3,"85":5,"86":2,"87":2,"88":3,"89":0,"90":0,"91":0,"92":0,"93":0,"94":0,"95":0,"96":0,"97":0,"98":3,"99":3,"100":3,"101":0,"102":0,"103":3,"104":0,"105":5,"106":5,"107":5,"108":5,"109":1,"110":1,"111":1,"112":1,"113":1,"114":1,"115":2,"116":2,"117":2,"118":0,"119":2,"120":1,"121":4,"122":1,"123":3,"124":3,"125":3,"126":3,"127":3,"128":3,"129":3,"130":1,"131":1,"132":0,"133":2,"134":0,"135":1,"136":1,"137":0,"138":1,"139":1,"140":0,"141":1,"142":1,"143":0,"144":1,"145":1,"146":0,"147":1,"148":1,"149":0,"150":1,"151":1,"152":0,"153":2,"154":2,"155":0,"156":2,"157":2,"158":0,"159":2,"160":2,"161":2,"162":2,"163":1,"164":1,"165":1,"166":0,"167":2,"168":2,"169":2,"170":2,"171":2,"172":2,"173":0,"174":2,"175":2,"176":2,"177":2,"178":1,"179":1,"180":1,"181":1,"182":0,"183":4,"184":4,"185":0,"186":4,"187":3,"188":1,"189":2,"190":2,"191":1,"192":1,"193":1,"194":1,"195":1,"196":1,"197":2,"198":2,"199":1,"200":1,"201":3},"f":{"0":51,"1":436,"2":18,"3":4,"4":4,"5":2,"6":2,"7":2,"8":2,"9":4,"10":4,"11":5,"12":3,"13":5,"14":0,"15":5,"16":3,"17":3,"18":1,"19":1,"20":2,"21":2,"22":4,"23":2,"24":2},"b":{"0":[13],"1":[32],"2":[2,49],"3":[10,39],"4":[436,432],"5":[18,21],"6":[39,18],"7":[0,18],"8":[2,16],"9":[3,15],"10":[15,11,1,1],"11":[14,1],"12":[1,3],"13":[1,3],"14":[1,2],"15":[1,1],"16":[1,0,0],"17":[0],"18":[0,2],"19":[0,2],"20":[1,3],"21":[2,0],"22":[0],"23":[1,4],"24":[0,4],"25":[0,3],"26":[0,3],"27":[2,3],"28":[0,0],"29":[0,0],"30":[0,0],"31":[0,0],"32":[3,0],"33":[0,0],"34":[2,1],"35":[1,1,1,1,1,2,2,1],"36":[0,1],"37":[0,2],"38":[1,3],"39":[1,2],"40":[1,0],"41":[2,0,0],"42":[0,1],"43":[0,1],"44":[0,1],"45":[0,1],"46":[0,2],"47":[0,2],"48":[1,1],"49":[2,0],"50":[0,2],"51":[2,0],"52":[0,4],"53":[1,2],"54":[1,1],"55":[2,1,1],"56":[1,0],"57":[1,0],"58":[2,2]},"_coverageSchema":"1a1c01bbd47fc00a2c39e90264f33305004495a9","hash":"736603bb014a72bed694a64aaabb0b1deddc1de9"}
,"/home/heather/Documents/Code/Anima/app/Utils.js": {"path":"/home/heather/Documents/Code/Anima/app/Utils.js","statementMap":{"0":{"start":{"line":1,"column":15},"end":{"line":1,"column":34}},"1":{"start":{"line":2,"column":11},"end":{"line":2,"column":24}},"2":{"start":{"line":3,"column":13},"end":{"line":3,"column":28}},"3":{"start":{"line":5,"column":15},"end":{"line":27,"column":1}},"4":{"start":{"line":6,"column":23},"end":{"line":6,"column":57}},"5":{"start":{"line":10,"column":25},"end":{"line":10,"column":45}},"6":{"start":{"line":11,"column":21},"end":{"line":11,"column":76}},"7":{"start":{"line":13,"column":2},"end":{"line":23,"column":3}},"8":{"start":{"line":15,"column":24},"end":{"line":15,"column":84}},"9":{"start":{"line":16,"column":4},"end":{"line":16,"column":78}},"10":{"start":{"line":18,"column":4},"end":{"line":22,"column":5}},"11":{"start":{"line":19,"column":6},"end":{"line":21,"column":8}},"12":{"start":{"line":25,"column":19},"end":{"line":25,"column":40}},"13":{"start":{"line":26,"column":2},"end":{"line":26,"column":52}},"14":{"start":{"line":29,"column":28},"end":{"line":49,"column":1}},"15":{"start":{"line":30,"column":23},"end":{"line":30,"column":57}},"16":{"start":{"line":31,"column":2},"end":{"line":47,"column":3}},"17":{"start":{"line":33,"column":27},"end":{"line":33,"column":58}},"18":{"start":{"line":34,"column":23},"end":{"line":34,"column":78}},"19":{"start":{"line":36,"column":4},"end":{"line":40,"column":5}},"20":{"start":{"line":38,"column":26},"end":{"line":38,"column":86}},"21":{"start":{"line":39,"column":6},"end":{"line":39,"column":91}},"22":{"start":{"line":42,"column":4},"end":{"line":44,"column":5}},"23":{"start":{"line":43,"column":6},"end":{"line":43,"column":63}},"24":{"start":{"line":48,"column":2},"end":{"line":48,"column":44}},"25":{"start":{"line":51,"column":0},"end":{"line":51,"column":49}}},"fnMap":{"0":{"name":"(anonymous_0)","decl":{"start":{"line":5,"column":15},"end":{"line":5,"column":16}},"loc":{"start":{"line":5,"column":49},"end":{"line":27,"column":1}},"line":5},"1":{"name":"(anonymous_1)","decl":{"start":{"line":29,"column":28},"end":{"line":29,"column":29}},"loc":{"start":{"line":29,"column":34},"end":{"line":49,"column":1}},"line":29}},"branchMap":{"0":{"loc":{"start":{"line":5,"column":32},"end":{"line":5,"column":44}},"type":"default-arg","locations":[{"start":{"line":5,"column":40},"end":{"line":5,"column":44}}],"line":5},"1":{"loc":{"start":{"line":6,"column":23},"end":{"line":6,"column":57}},"type":"binary-expr","locations":[{"start":{"line":6,"column":23},"end":{"line":6,"column":41}},{"start":{"line":6,"column":45},"end":{"line":6,"column":57}}],"line":6},"2":{"loc":{"start":{"line":13,"column":2},"end":{"line":23,"column":3}},"type":"if","locations":[{"start":{"line":13,"column":2},"end":{"line":23,"column":3}},{"start":{},"end":{}}],"line":13},"3":{"loc":{"start":{"line":18,"column":4},"end":{"line":22,"column":5}},"type":"if","locations":[{"start":{"line":18,"column":4},"end":{"line":22,"column":5}},{"start":{},"end":{}}],"line":18},"4":{"loc":{"start":{"line":30,"column":23},"end":{"line":30,"column":57}},"type":"binary-expr","locations":[{"start":{"line":30,"column":23},"end":{"line":30,"column":41}},{"start":{"line":30,"column":45},"end":{"line":30,"column":57}}],"line":30},"5":{"loc":{"start":{"line":36,"column":4},"end":{"line":40,"column":5}},"type":"if","locations":[{"start":{"line":36,"column":4},"end":{"line":40,"column":5}},{"start":{},"end":{}}],"line":36},"6":{"loc":{"start":{"line":42,"column":4},"end":{"line":44,"column":5}},"type":"if","locations":[{"start":{"line":42,"column":4},"end":{"line":44,"column":5}},{"start":{},"end":{}}],"line":42}},"s":{"0":2,"1":2,"2":2,"3":2,"4":3,"5":3,"6":3,"7":3,"8":2,"9":2,"10":2,"11":1,"12":2,"13":2,"14":2,"15":3,"16":3,"17":3,"18":3,"19":3,"20":2,"21":2,"22":3,"23":2,"24":1,"25":2},"f":{"0":3,"1":3},"b":{"0":[3],"1":[3,0],"2":[2,1],"3":[1,1],"4":[3,0],"5":[2,1],"6":[2,1]},"_coverageSchema":"1a1c01bbd47fc00a2c39e90264f33305004495a9","hash":"793c264a95e0004c2a972174f89df7a64a94473f"}
}
