TN:
SF:reset.js
FN:17,(anonymous_0)
FN:27,(anonymous_1)
FNF:2
FNH:2
FNDA:4,(anonymous_0)
FNDA:2,(anonymous_1)
DA:1,1
DA:2,1
DA:4,1
DA:6,1
DA:7,1
DA:10,1
DA:17,1
DA:18,4
DA:19,4
DA:20,4
DA:25,1
DA:26,1
DA:27,1
DA:28,2
DA:29,1
DA:30,1
DA:36,1
DA:70,1
DA:71,1
DA:73,1
LF:20
LH:20
BRDA:18,0,0,4
BRDA:18,0,1,0
BRDA:25,1,0,1
BRDA:25,1,1,0
BRDA:28,2,0,1
BRDA:28,2,1,1
BRDA:28,3,0,2
BRDA:28,3,1,1
BRF:8
BRH:6
end_of_record
TN:
SF:Plugins/Anthropic.js
FN:5,(anonymous_0)
FN:15,(anonymous_1)
FN:26,(anonymous_2)
FN:28,(anonymous_3)
FN:29,(anonymous_4)
FN:49,(anonymous_5)
FN:74,(anonymous_6)
FN:77,(anonymous_7)
FN:79,(anonymous_8)
FNF:9
FNH:5
FNDA:1,(anonymous_0)
FNDA:1,(anonymous_1)
FNDA:0,(anonymous_2)
FNDA:0,(anonymous_3)
FNDA:0,(anonymous_4)
FNDA:0,(anonymous_5)
FNDA:1,(anonymous_6)
FNDA:2,(anonymous_7)
FNDA:1,(anonymous_8)
DA:1,1
DA:2,1
DA:3,1
DA:5,1
DA:6,1
DA:7,1
DA:8,0
DA:12,1
DA:15,1
DA:16,1
DA:18,1
DA:26,1
DA:27,1
DA:28,0
DA:32,0
DA:38,1
DA:44,1
DA:45,0
DA:48,1
DA:49,0
DA:56,1
DA:62,1
DA:63,0
DA:64,0
DA:69,1
DA:72,1
DA:74,1
DA:77,2
DA:78,1
DA:79,1
DA:89,1
DA:94,1
LF:32
LH:25
BRDA:7,0,0,0
BRDA:7,0,1,1
BRDA:15,1,0,1
BRDA:33,2,0,0
BRDA:33,2,1,0
BRDA:39,3,0,1
BRDA:39,3,1,0
BRDA:39,3,2,0
BRDA:44,4,0,0
BRDA:44,4,1,1
BRDA:48,5,0,0
BRDA:48,5,1,1
BRDA:56,6,0,1
BRDA:56,6,1,1
BRDA:62,7,0,0
BRDA:62,7,1,1
BRDA:74,8,0,1
BRDA:74,8,1,0
BRDA:78,9,0,1
BRDA:78,9,1,0
BRF:20
BRH:10
end_of_record
TN:
SF:Plugins/DeepSeek.js
FN:5,(anonymous_0)
FN:15,(anonymous_1)
FNF:2
FNH:2
FNDA:1,(anonymous_0)
FNDA:1,(anonymous_1)
DA:1,1
DA:2,1
DA:3,1
DA:5,1
DA:6,1
DA:7,1
DA:8,0
DA:12,1
DA:15,1
DA:16,1
DA:18,1
DA:23,1
DA:28,1
DA:29,0
DA:32,1
DA:41,1
DA:42,0
DA:47,1
DA:48,0
DA:49,0
DA:54,1
DA:57,1
LF:22
LH:17
BRDA:7,0,0,0
BRDA:7,0,1,1
BRDA:15,1,0,1
BRDA:24,2,0,1
BRDA:24,2,1,0
BRDA:24,2,2,0
BRDA:28,3,0,0
BRDA:28,3,1,1
BRDA:33,4,0,1
BRDA:33,4,1,0
BRDA:41,5,0,0
BRDA:41,5,1,1
BRDA:41,6,0,1
BRDA:41,6,1,1
BRDA:47,7,0,0
BRDA:47,7,1,1
BRF:16
BRH:9
end_of_record
TN:
SF:Plugins/Gemini.js
FN:5,(anonymous_0)
FN:15,(anonymous_1)
FN:25,(anonymous_2)
FN:26,(anonymous_3)
FN:35,(anonymous_4)
FN:50,(anonymous_5)
FN:80,(anonymous_6)
FN:82,(anonymous_7)
FNF:8
FNH:4
FNDA:1,(anonymous_0)
FNDA:1,(anonymous_1)
FNDA:0,(anonymous_2)
FNDA:0,(anonymous_3)
FNDA:0,(anonymous_4)
FNDA:0,(anonymous_5)
FNDA:2,(anonymous_6)
FNDA:1,(anonymous_7)
DA:1,1
DA:2,1
DA:3,1
DA:5,1
DA:6,1
DA:7,1
DA:8,0
DA:12,1
DA:15,1
DA:16,1
DA:18,1
DA:19,1
DA:21,1
DA:24,1
DA:25,0
DA:27,0
DA:28,0
DA:29,0
DA:35,1
DA:37,1
DA:41,1
DA:42,0
DA:47,1
DA:48,0
DA:50,0
DA:59,1
DA:65,1
DA:66,0
DA:67,0
DA:72,1
DA:75,1
DA:80,2
DA:81,1
DA:82,1
DA:92,1
DA:97,1
LF:36
LH:26
BRDA:7,0,0,0
BRDA:7,0,1,1
BRDA:15,1,0,1
BRDA:19,2,0,1
BRDA:19,2,1,0
BRDA:19,2,2,0
BRDA:28,3,0,0
BRDA:28,3,1,0
BRDA:31,4,0,0
BRDA:31,4,1,0
BRDA:41,5,0,0
BRDA:41,5,1,1
BRDA:47,6,0,0
BRDA:47,6,1,1
BRDA:65,7,0,0
BRDA:65,7,1,1
BRDA:77,8,0,1
BRDA:77,8,1,0
BRDA:81,9,0,1
BRDA:81,9,1,0
BRDA:81,10,0,1
BRDA:81,10,1,1
BRF:22
BRH:10
end_of_record
TN:
SF:Plugins/Ollama.js
FN:5,(anonymous_0)
FN:17,(anonymous_1)
FN:63,(anonymous_2)
FNF:3
FNH:3
FNDA:3,(anonymous_0)
FNDA:3,(anonymous_1)
FNDA:1,(anonymous_2)
DA:1,1
DA:2,1
DA:3,1
DA:5,1
DA:6,3
DA:7,3
DA:9,2
DA:14,1
DA:17,1
DA:18,3
DA:20,3
DA:21,3
DA:22,3
DA:23,3
DA:24,2
DA:26,1
DA:31,2
DA:37,2
DA:38,0
DA:41,2
DA:49,2
DA:50,1
DA:51,1
DA:56,1
DA:59,1
DA:62,1
DA:63,1
DA:64,1
DA:65,1
DA:70,1
DA:75,1
LF:31
LH:30
BRDA:7,0,0,2
BRDA:7,0,1,1
BRDA:17,1,0,3
BRDA:22,2,0,3
BRDA:22,2,1,0
BRDA:24,3,0,0
BRDA:24,3,1,2
BRDA:32,4,0,2
BRDA:32,4,1,0
BRDA:32,4,2,0
BRDA:37,5,0,0
BRDA:37,5,1,2
BRDA:49,6,0,1
BRDA:49,6,1,1
BRDA:62,7,0,1
BRDA:62,7,1,0
BRDA:64,8,0,1
BRDA:64,8,1,0
BRF:18
BRH:11
end_of_record
TN:
SF:Plugins/OpenAI.js
FN:5,(anonymous_0)
FN:15,(anonymous_1)
FNF:2
FNH:2
FNDA:1,(anonymous_0)
FNDA:1,(anonymous_1)
DA:1,1
DA:2,1
DA:3,1
DA:5,1
DA:6,1
DA:7,1
DA:8,0
DA:12,1
DA:15,1
DA:16,1
DA:18,1
DA:23,1
DA:28,1
DA:29,0
DA:32,1
DA:41,1
DA:42,0
DA:47,1
DA:48,0
DA:49,0
DA:54,1
DA:57,1
LF:22
LH:17
BRDA:7,0,0,0
BRDA:7,0,1,1
BRDA:15,1,0,1
BRDA:24,2,0,1
BRDA:24,2,1,0
BRDA:24,2,2,0
BRDA:28,3,0,0
BRDA:28,3,1,1
BRDA:33,4,0,1
BRDA:33,4,1,0
BRDA:41,5,0,0
BRDA:41,5,1,1
BRDA:41,6,0,1
BRDA:41,6,1,1
BRDA:47,7,0,0
BRDA:47,7,1,1
BRF:16
BRH:9
end_of_record
TN:
SF:Plugins/OpenRouter.js
FN:5,(anonymous_0)
FN:15,(anonymous_1)
FNF:2
FNH:2
FNDA:4,(anonymous_0)
FNDA:4,(anonymous_1)
DA:1,1
DA:2,1
DA:3,1
DA:5,1
DA:6,4
DA:7,4
DA:8,1
DA:12,3
DA:15,1
DA:16,4
DA:18,3
DA:26,3
DA:31,3
DA:32,0
DA:35,3
DA:41,3
DA:42,1
DA:47,2
DA:48,1
DA:49,1
DA:52,1
DA:55,1
LF:22
LH:21
BRDA:7,0,0,1
BRDA:7,0,1,3
BRDA:15,1,0,4
BRDA:27,2,0,3
BRDA:27,2,1,0
BRDA:27,2,2,0
BRDA:31,3,0,0
BRDA:31,3,1,3
BRDA:41,4,0,1
BRDA:41,4,1,2
BRDA:41,5,0,3
BRDA:41,5,1,2
BRDA:47,6,0,1
BRDA:47,6,1,1
BRF:14
BRH:11
end_of_record
TN:
SF:app/Config.js
FN:11,loadConfig
FN:29,(anonymous_1)
FN:42,(anonymous_2)
FN:47,(anonymous_3)
FN:56,(anonymous_4)
FN:61,(anonymous_5)
FN:66,(anonymous_6)
FNF:7
FNH:7
FNDA:16,loadConfig
FNDA:1,(anonymous_1)
FNDA:5,(anonymous_2)
FNDA:2,(anonymous_3)
FNDA:3,(anonymous_4)
FNDA:2,(anonymous_5)
FNDA:4,(anonymous_6)
DA:1,6
DA:4,6
DA:9,6
DA:12,16
DA:15,8
DA:18,8
DA:21,5
DA:25,3
DA:27,3
DA:28,1
DA:29,1
DA:30,1
DA:32,1
DA:35,3
DA:36,3
DA:39,6
DA:43,5
DA:44,5
DA:45,3
DA:48,2
DA:49,2
DA:50,1
DA:51,1
DA:53,1
DA:54,1
DA:57,3
DA:58,3
DA:59,2
DA:62,2
DA:63,2
DA:64,1
DA:67,4
DA:68,4
DA:69,3
LF:34
LH:34
BRDA:12,0,0,8
BRDA:12,0,1,8
BRDA:27,1,0,1
BRDA:27,1,1,2
BRDA:44,2,0,2
BRDA:44,2,1,3
BRDA:49,3,0,1
BRDA:49,3,1,1
BRDA:58,4,0,1
BRDA:58,4,1,2
BRDA:63,5,0,1
BRDA:63,5,1,1
BRDA:68,6,0,1
BRDA:68,6,1,3
BRF:14
BRH:14
end_of_record
TN:
SF:app/ConversationService.js
FN:6,(anonymous_0)
FN:21,(anonymous_1)
FN:49,(anonymous_2)
FN:109,(anonymous_3)
FNF:4
FNH:4
FNDA:8,(anonymous_0)
FNDA:8,(anonymous_1)
FNDA:4,(anonymous_2)
FNDA:13,(anonymous_3)
DA:1,1
DA:2,1
DA:3,1
DA:7,8
DA:8,8
DA:9,8
DA:10,8
DA:11,8
DA:22,8
DA:23,8
DA:25,8
DA:26,8
DA:28,8
DA:30,12
DA:31,12
DA:33,12
DA:34,16
DA:35,16
DA:36,16
DA:37,12
DA:38,3
DA:40,9
DA:42,7
DA:47,3
DA:49,4
DA:53,9
DA:55,9
DA:56,4
DA:58,4
DA:59,4
DA:60,4
DA:61,4
DA:64,4
DA:65,2
DA:66,2
DA:67,1
DA:71,1
DA:72,0
DA:74,1
DA:77,2
DA:83,3
DA:90,1
DA:99,5
DA:100,5
DA:101,5
DA:102,5
DA:103,5
DA:106,5
DA:110,13
DA:111,13
DA:118,1
LF:51
LH:50
BRDA:37,0,0,3
BRDA:37,0,1,9
BRDA:42,1,0,3
BRDA:42,1,1,4
BRDA:43,2,0,7
BRDA:43,2,1,5
BRDA:43,2,2,4
BRDA:55,3,0,4
BRDA:55,3,1,5
BRDA:64,4,0,2
BRDA:64,4,1,2
BRDA:66,5,0,1
BRDA:66,5,1,1
BRDA:71,6,0,0
BRDA:71,6,1,1
BRDA:99,7,0,5
BRDA:99,7,1,0
BRF:17
BRH:15
end_of_record
TN:
SF:app/ParturitionService.js
FN:6,(anonymous_0)
FN:14,(anonymous_1)
FN:38,(anonymous_2)
FN:48,(anonymous_3)
FN:93,(anonymous_4)
FN:104,(anonymous_5)
FN:134,(anonymous_6)
FNF:7
FNH:7
FNDA:9,(anonymous_0)
FNDA:4,(anonymous_1)
FNDA:2,(anonymous_2)
FNDA:2,(anonymous_3)
FNDA:3,(anonymous_4)
FNDA:2,(anonymous_5)
FNDA:4,(anonymous_6)
DA:1,1
DA:2,1
DA:3,1
DA:7,9
DA:15,4
DA:16,4
DA:17,4
DA:19,4
DA:20,4
DA:22,3
DA:23,3
DA:24,2
DA:25,1
DA:27,2
DA:30,1
DA:39,2
DA:41,2
DA:43,2
DA:48,2
DA:49,2
DA:52,2
DA:54,2
DA:56,2
DA:57,2
DA:59,2
DA:60,2
DA:61,1
DA:64,2
DA:65,2
DA:68,2
DA:69,2
DA:71,1
DA:72,1
DA:75,1
DA:76,1
DA:78,1
DA:79,1
DA:80,1
DA:81,1
DA:83,1
DA:84,1
DA:86,1
DA:88,0
DA:89,0
DA:94,3
DA:95,3
DA:96,3
DA:97,2
DA:98,2
DA:100,1
DA:105,2
DA:135,4
DA:136,4
DA:137,4
DA:138,4
DA:139,4
DA:143,1
LF:57
LH:55
BRDA:54,0,0,2
BRDA:54,0,1,0
BRDA:60,1,0,1
BRDA:60,1,1,1
BRDA:78,2,0,1
BRDA:78,2,1,0
BRDA:78,3,0,1
BRDA:78,3,1,1
BRDA:98,4,0,1
BRDA:98,4,1,1
BRDA:139,5,0,3
BRDA:139,5,1,1
BRF:12
BRH:10
end_of_record
TN:
SF:app/Tools.js
FN:5,(anonymous_0)
FN:33,(anonymous_1)
FN:45,(anonymous_2)
FN:251,(anonymous_3)
FN:263,(anonymous_4)
FN:274,(anonymous_5)
FN:275,(anonymous_6)
FN:276,(anonymous_7)
FN:285,(anonymous_8)
FN:294,(anonymous_9)
FN:295,(anonymous_10)
FN:302,(anonymous_11)
FN:317,(anonymous_12)
FN:324,(anonymous_13)
FN:335,(anonymous_14)
FN:360,(anonymous_15)
FN:396,(anonymous_16)
FN:397,(anonymous_17)
FN:418,(anonymous_18)
FN:439,(anonymous_19)
FN:451,(anonymous_20)
FN:470,(anonymous_21)
FN:502,(anonymous_22)
FN:520,(anonymous_23)
FN:522,(anonymous_24)
FNF:25
FNH:24
FNDA:51,(anonymous_0)
FNDA:436,(anonymous_1)
FNDA:18,(anonymous_2)
FNDA:4,(anonymous_3)
FNDA:4,(anonymous_4)
FNDA:2,(anonymous_5)
FNDA:2,(anonymous_6)
FNDA:2,(anonymous_7)
FNDA:2,(anonymous_8)
FNDA:4,(anonymous_9)
FNDA:4,(anonymous_10)
FNDA:5,(anonymous_11)
FNDA:3,(anonymous_12)
FNDA:5,(anonymous_13)
FNDA:0,(anonymous_14)
FNDA:5,(anonymous_15)
FNDA:3,(anonymous_16)
FNDA:3,(anonymous_17)
FNDA:1,(anonymous_18)
FNDA:1,(anonymous_19)
FNDA:2,(anonymous_20)
FNDA:2,(anonymous_21)
FNDA:4,(anonymous_22)
FNDA:2,(anonymous_23)
FNDA:2,(anonymous_24)
DA:1,3
DA:2,3
DA:3,3
DA:5,3
DA:6,51
DA:7,51
DA:8,51
DA:11,51
DA:12,2
DA:15,49
DA:16,49
DA:17,49
DA:31,49
DA:33,436
DA:36,10
DA:40,39
DA:41,18
DA:42,18
DA:43,18
DA:45,16
DA:46,18
DA:49,18
DA:54,15
DA:58,15
DA:59,14
DA:61,1
DA:66,21
DA:68,0
DA:72,3
DA:250,3
DA:252,4
DA:253,4
DA:254,1
DA:255,3
DA:256,3
DA:257,2
DA:258,2
DA:260,1
DA:264,4
DA:265,4
DA:266,1
DA:267,3
DA:268,3
DA:269,2
DA:271,0
DA:275,2
DA:276,2
DA:277,2
DA:278,1
DA:280,1
DA:286,2
DA:287,2
DA:288,0
DA:289,2
DA:290,2
DA:292,2
DA:293,2
DA:294,4
DA:295,4
DA:297,2
DA:299,0
DA:303,5
DA:304,5
DA:305,1
DA:306,4
DA:307,4
DA:309,4
DA:311,4
DA:312,4
DA:314,1
DA:317,3
DA:318,3
DA:319,3
DA:320,3
DA:321,3
DA:323,3
DA:324,3
DA:325,5
DA:326,2
DA:327,2
DA:335,3
DA:336,0
DA:337,0
DA:338,0
DA:339,0
DA:340,0
DA:341,0
DA:342,0
DA:343,0
DA:348,3
DA:349,3
DA:350,3
DA:351,0
DA:352,0
DA:355,3
DA:357,0
DA:361,5
DA:362,5
DA:363,5
DA:366,5
DA:370,1
DA:371,1
DA:372,1
DA:375,1
DA:377,1
DA:378,1
DA:381,2
DA:382,2
DA:383,2
DA:384,0
DA:386,2
DA:388,1
DA:391,4
DA:392,1
DA:393,3
DA:394,3
DA:396,3
DA:397,3
DA:398,3
DA:399,3
DA:403,3
DA:404,1
DA:405,1
DA:407,0
DA:410,2
DA:415,0
DA:419,1
DA:420,1
DA:421,0
DA:422,1
DA:423,1
DA:424,1
DA:425,1
DA:436,0
DA:440,1
DA:441,1
DA:442,0
DA:443,1
DA:444,1
DA:445,1
DA:446,1
DA:448,0
DA:452,2
DA:453,2
DA:454,0
DA:455,2
DA:456,2
DA:458,2
DA:459,2
DA:460,2
DA:462,2
DA:464,1
DA:465,1
DA:467,0
DA:471,2
DA:475,2
DA:476,2
DA:477,2
DA:480,2
DA:481,2
DA:483,2
DA:484,2
DA:488,2
DA:489,2
DA:491,1
DA:494,1
DA:495,1
DA:497,1
DA:499,0
DA:503,4
DA:504,4
DA:505,4
DA:508,3
DA:509,2
DA:511,2
DA:512,1
DA:514,1
DA:515,1
DA:516,1
DA:517,1
DA:518,1
DA:520,2
DA:522,2
DA:525,1
DA:527,1
DA:532,3
LF:186
LH:161
BRDA:5,0,0,13
BRDA:5,1,0,32
BRDA:11,2,0,2
BRDA:11,2,1,49
BRDA:31,3,0,10
BRDA:31,3,1,39
BRDA:33,4,0,436
BRDA:33,4,1,432
BRDA:40,5,0,18
BRDA:40,5,1,21
BRDA:40,6,0,39
BRDA:40,6,1,18
BRDA:42,7,0,0
BRDA:42,7,1,18
BRDA:43,8,0,2
BRDA:43,8,1,16
BRDA:49,9,0,3
BRDA:49,9,1,15
BRDA:54,10,0,15
BRDA:54,10,1,11
BRDA:54,10,2,1
BRDA:54,10,3,1
BRDA:58,11,0,14
BRDA:58,11,1,1
BRDA:253,12,0,1
BRDA:253,12,1,3
BRDA:265,13,0,1
BRDA:265,13,1,3
BRDA:268,14,0,1
BRDA:268,14,1,2
BRDA:277,15,0,1
BRDA:277,15,1,1
BRDA:280,16,0,1
BRDA:280,16,1,0
BRDA:280,16,2,0
BRDA:285,17,0,0
BRDA:287,18,0,0
BRDA:287,18,1,2
BRDA:290,19,0,0
BRDA:290,19,1,2
BRDA:295,20,0,1
BRDA:295,20,1,3
BRDA:297,21,0,2
BRDA:297,21,1,0
BRDA:302,22,0,0
BRDA:304,23,0,1
BRDA:304,23,1,4
BRDA:307,24,0,0
BRDA:307,24,1,4
BRDA:318,25,0,0
BRDA:318,25,1,3
BRDA:321,26,0,0
BRDA:321,26,1,3
BRDA:325,27,0,2
BRDA:325,27,1,3
BRDA:339,28,0,0
BRDA:339,28,1,0
BRDA:340,29,0,0
BRDA:340,29,1,0
BRDA:340,30,0,0
BRDA:340,30,1,0
BRDA:342,31,0,0
BRDA:342,31,1,0
BRDA:349,32,0,3
BRDA:349,32,1,0
BRDA:351,33,0,0
BRDA:351,33,1,0
BRDA:355,34,0,2
BRDA:355,34,1,1
BRDA:366,35,0,1
BRDA:366,35,1,1
BRDA:366,35,2,1
BRDA:366,35,3,1
BRDA:366,35,4,1
BRDA:366,35,5,2
BRDA:366,35,6,2
BRDA:366,35,7,1
BRDA:377,36,0,0
BRDA:377,36,1,1
BRDA:383,37,0,0
BRDA:383,37,1,2
BRDA:391,38,0,1
BRDA:391,38,1,3
BRDA:403,39,0,1
BRDA:403,39,1,2
BRDA:404,40,0,1
BRDA:404,40,1,0
BRDA:410,41,0,2
BRDA:410,41,1,0
BRDA:410,41,2,0
BRDA:420,42,0,0
BRDA:420,42,1,1
BRDA:423,43,0,0
BRDA:423,43,1,1
BRDA:441,44,0,0
BRDA:441,44,1,1
BRDA:444,45,0,0
BRDA:444,45,1,1
BRDA:453,46,0,0
BRDA:453,46,1,2
BRDA:456,47,0,0
BRDA:456,47,1,2
BRDA:462,48,0,1
BRDA:462,48,1,1
BRDA:476,49,0,2
BRDA:476,49,1,0
BRDA:481,50,0,0
BRDA:481,50,1,2
BRDA:489,51,0,2
BRDA:489,51,1,0
BRDA:504,52,0,0
BRDA:504,52,1,4
BRDA:508,53,0,1
BRDA:508,53,1,2
BRDA:511,54,0,1
BRDA:511,54,1,1
BRDA:511,55,0,2
BRDA:511,55,1,1
BRDA:511,55,2,1
BRDA:515,56,0,1
BRDA:515,56,1,0
BRDA:517,57,0,1
BRDA:517,57,1,0
BRDA:520,58,0,2
BRDA:520,58,1,2
BRF:125
BRH:86
end_of_record
TN:
SF:app/Utils.js
FN:5,(anonymous_0)
FN:29,(anonymous_1)
FNF:2
FNH:2
FNDA:3,(anonymous_0)
FNDA:3,(anonymous_1)
DA:1,2
DA:2,2
DA:3,2
DA:5,2
DA:6,3
DA:10,3
DA:11,3
DA:13,3
DA:15,2
DA:16,2
DA:18,2
DA:19,1
DA:25,2
DA:26,2
DA:29,2
DA:30,3
DA:31,3
DA:33,3
DA:34,3
DA:36,3
DA:38,2
DA:39,2
DA:42,3
DA:43,2
DA:48,1
DA:51,2
LF:26
LH:26
BRDA:5,0,0,3
BRDA:6,1,0,3
BRDA:6,1,1,0
BRDA:13,2,0,2
BRDA:13,2,1,1
BRDA:18,3,0,1
BRDA:18,3,1,1
BRDA:30,4,0,3
BRDA:30,4,1,0
BRDA:36,5,0,2
BRDA:36,5,1,1
BRDA:42,6,0,2
BRDA:42,6,1,1
BRF:13
BRH:11
end_of_record
