TN:
SF:reset.js
FN:20,(anonymous_0)
FN:30,(anonymous_1)
FN:44,(anonymous_2)
FNF:3
FNH:3
FNDA:6,(anonymous_0)
FNDA:3,(anonymous_1)
FNDA:2,(anonymous_2)
DA:1,1
DA:2,1
DA:4,1
DA:6,1
DA:7,1
DA:8,1
DA:11,1
DA:20,1
DA:21,6
DA:22,6
DA:23,6
DA:28,1
DA:29,1
DA:30,1
DA:31,3
DA:32,1
DA:33,1
DA:34,1
DA:35,1
DA:42,1
DA:43,1
DA:44,1
DA:45,2
DA:46,1
DA:47,1
DA:53,1
DA:87,1
DA:88,1
DA:90,1
LF:29
LH:29
BRDA:21,0,0,6
BRDA:21,0,1,0
BRDA:28,1,0,1
BRDA:28,1,1,0
BRDA:31,2,0,1
BRDA:31,2,1,2
BRDA:31,3,0,3
BRDA:31,3,1,2
BRDA:33,4,0,1
BRDA:33,4,1,0
BRDA:42,5,0,1
BRDA:42,5,1,0
BRDA:45,6,0,1
BRDA:45,6,1,1
BRDA:45,7,0,2
BRDA:45,7,1,1
BRF:16
BRH:12
end_of_record
TN:
SF:Plugins/Anthropic.js
FN:5,(anonymous_0)
FN:15,(anonymous_1)
FN:26,(anonymous_2)
FN:28,(anonymous_3)
FN:29,(anonymous_4)
FN:49,(anonymous_5)
FN:74,(anonymous_6)
FN:77,(anonymous_7)
FN:79,(anonymous_8)
FNF:9
FNH:5
FNDA:3,(anonymous_0)
FNDA:3,(anonymous_1)
FNDA:0,(anonymous_2)
FNDA:0,(anonymous_3)
FNDA:0,(anonymous_4)
FNDA:0,(anonymous_5)
FNDA:1,(anonymous_6)
FNDA:2,(anonymous_7)
FNDA:1,(anonymous_8)
DA:1,1
DA:2,1
DA:3,1
DA:5,1
DA:6,3
DA:7,3
DA:8,1
DA:12,2
DA:15,1
DA:16,3
DA:18,2
DA:26,2
DA:27,2
DA:28,0
DA:32,0
DA:38,2
DA:44,2
DA:45,0
DA:48,2
DA:49,0
DA:56,2
DA:62,2
DA:63,1
DA:64,1
DA:69,1
DA:72,1
DA:74,1
DA:77,2
DA:78,1
DA:79,1
DA:89,1
DA:94,1
LF:32
LH:28
BRDA:7,0,0,1
BRDA:7,0,1,2
BRDA:15,1,0,3
BRDA:33,2,0,0
BRDA:33,2,1,0
BRDA:39,3,0,2
BRDA:39,3,1,0
BRDA:39,3,2,0
BRDA:44,4,0,0
BRDA:44,4,1,2
BRDA:48,5,0,0
BRDA:48,5,1,2
BRDA:56,6,0,2
BRDA:56,6,1,2
BRDA:62,7,0,1
BRDA:62,7,1,1
BRDA:74,8,0,1
BRDA:74,8,1,0
BRDA:78,9,0,1
BRDA:78,9,1,0
BRF:20
BRH:12
end_of_record
TN:
SF:Plugins/DeepSeek.js
FN:5,(anonymous_0)
FN:15,(anonymous_1)
FNF:2
FNH:2
FNDA:2,(anonymous_0)
FNDA:2,(anonymous_1)
DA:1,1
DA:2,1
DA:3,1
DA:5,1
DA:6,2
DA:7,2
DA:8,0
DA:12,2
DA:15,1
DA:16,2
DA:18,2
DA:23,2
DA:28,2
DA:29,0
DA:32,2
DA:41,2
DA:42,1
DA:47,1
DA:48,0
DA:49,0
DA:54,1
DA:57,1
LF:22
LH:18
BRDA:7,0,0,0
BRDA:7,0,1,2
BRDA:15,1,0,2
BRDA:24,2,0,2
BRDA:24,2,1,0
BRDA:24,2,2,0
BRDA:28,3,0,0
BRDA:28,3,1,2
BRDA:33,4,0,2
BRDA:33,4,1,1
BRDA:41,5,0,1
BRDA:41,5,1,1
BRDA:41,6,0,2
BRDA:41,6,1,1
BRDA:47,7,0,0
BRDA:47,7,1,1
BRF:16
BRH:11
end_of_record
TN:
SF:Plugins/Gemini.js
FN:5,(anonymous_0)
FN:15,(anonymous_1)
FN:25,(anonymous_2)
FN:26,(anonymous_3)
FN:35,(anonymous_4)
FN:50,(anonymous_5)
FN:86,(anonymous_6)
FN:88,(anonymous_7)
FNF:8
FNH:4
FNDA:4,(anonymous_0)
FNDA:4,(anonymous_1)
FNDA:0,(anonymous_2)
FNDA:0,(anonymous_3)
FNDA:0,(anonymous_4)
FNDA:0,(anonymous_5)
FNDA:2,(anonymous_6)
FNDA:1,(anonymous_7)
DA:1,1
DA:2,1
DA:3,1
DA:5,1
DA:6,4
DA:7,4
DA:8,1
DA:12,3
DA:15,1
DA:16,4
DA:18,3
DA:19,3
DA:21,3
DA:24,3
DA:25,0
DA:27,0
DA:28,0
DA:29,0
DA:35,3
DA:37,3
DA:41,3
DA:42,0
DA:47,3
DA:48,0
DA:50,0
DA:59,3
DA:65,3
DA:66,1
DA:71,2
DA:72,1
DA:73,1
DA:78,1
DA:81,1
DA:86,2
DA:87,1
DA:88,1
DA:98,1
DA:103,1
LF:38
LH:31
BRDA:7,0,0,1
BRDA:7,0,1,3
BRDA:15,1,0,4
BRDA:19,2,0,3
BRDA:19,2,1,0
BRDA:19,2,2,0
BRDA:28,3,0,0
BRDA:28,3,1,0
BRDA:31,4,0,0
BRDA:31,4,1,0
BRDA:41,5,0,0
BRDA:41,5,1,3
BRDA:47,6,0,0
BRDA:47,6,1,3
BRDA:65,7,0,1
BRDA:65,7,1,2
BRDA:65,8,0,3
BRDA:65,8,1,2
BRDA:71,9,0,1
BRDA:71,9,1,1
BRDA:83,10,0,1
BRDA:83,10,1,0
BRDA:87,11,0,1
BRDA:87,11,1,0
BRDA:87,12,0,1
BRDA:87,12,1,1
BRF:26
BRH:16
end_of_record
TN:
SF:Plugins/Ollama.js
FN:5,(anonymous_0)
FN:17,(anonymous_1)
FN:63,(anonymous_2)
FNF:3
FNH:3
FNDA:3,(anonymous_0)
FNDA:3,(anonymous_1)
FNDA:1,(anonymous_2)
DA:1,1
DA:2,1
DA:3,1
DA:5,1
DA:6,3
DA:7,3
DA:9,2
DA:14,1
DA:17,1
DA:18,3
DA:20,3
DA:21,3
DA:22,3
DA:23,3
DA:24,2
DA:26,1
DA:31,2
DA:37,2
DA:38,0
DA:41,2
DA:49,2
DA:50,1
DA:51,1
DA:56,1
DA:59,1
DA:62,1
DA:63,1
DA:64,1
DA:65,1
DA:70,1
DA:75,1
LF:31
LH:30
BRDA:7,0,0,2
BRDA:7,0,1,1
BRDA:17,1,0,3
BRDA:22,2,0,3
BRDA:22,2,1,0
BRDA:24,3,0,0
BRDA:24,3,1,2
BRDA:32,4,0,2
BRDA:32,4,1,0
BRDA:32,4,2,0
BRDA:37,5,0,0
BRDA:37,5,1,2
BRDA:49,6,0,1
BRDA:49,6,1,1
BRDA:62,7,0,1
BRDA:62,7,1,0
BRDA:64,8,0,1
BRDA:64,8,1,0
BRF:18
BRH:11
end_of_record
TN:
SF:Plugins/OpenAI.js
FN:5,(anonymous_0)
FN:15,(anonymous_1)
FNF:2
FNH:2
FNDA:3,(anonymous_0)
FNDA:3,(anonymous_1)
DA:1,1
DA:2,1
DA:3,1
DA:5,1
DA:6,3
DA:7,3
DA:8,0
DA:12,3
DA:15,1
DA:16,3
DA:18,3
DA:23,3
DA:28,3
DA:29,0
DA:32,3
DA:41,3
DA:42,1
DA:47,2
DA:48,1
DA:49,1
DA:54,1
DA:57,1
LF:22
LH:20
BRDA:7,0,0,0
BRDA:7,0,1,3
BRDA:15,1,0,3
BRDA:24,2,0,3
BRDA:24,2,1,0
BRDA:24,2,2,0
BRDA:28,3,0,0
BRDA:28,3,1,3
BRDA:33,4,0,3
BRDA:33,4,1,2
BRDA:41,5,0,1
BRDA:41,5,1,2
BRDA:41,6,0,3
BRDA:41,6,1,2
BRDA:47,7,0,1
BRDA:47,7,1,1
BRF:16
BRH:12
end_of_record
TN:
SF:Plugins/OpenClaw.js
FN:8,(anonymous_0)
FN:21,(anonymous_1)
FNF:2
FNH:2
FNDA:4,(anonymous_0)
FNDA:4,(anonymous_1)
DA:4,1
DA:5,1
DA:6,1
DA:8,1
DA:9,4
DA:10,4
DA:12,3
DA:18,1
DA:21,1
DA:22,4
DA:25,4
DA:26,4
DA:27,4
DA:28,4
DA:30,3
DA:34,1
DA:39,3
DA:44,3
DA:49,3
DA:50,0
DA:53,3
DA:59,3
DA:60,1
DA:65,2
DA:66,1
DA:67,1
DA:72,1
DA:75,1
LF:28
LH:27
BRDA:10,0,0,3
BRDA:10,0,1,1
BRDA:21,1,0,4
BRDA:27,2,0,4
BRDA:27,2,1,0
BRDA:30,3,0,0
BRDA:30,3,1,3
BRDA:30,4,0,3
BRDA:30,4,1,0
BRDA:30,4,2,0
BRDA:45,5,0,3
BRDA:45,5,1,0
BRDA:45,5,2,0
BRDA:49,6,0,0
BRDA:49,6,1,3
BRDA:59,7,0,1
BRDA:59,7,1,2
BRDA:59,8,0,3
BRDA:59,8,1,2
BRDA:65,9,0,1
BRDA:65,9,1,1
BRF:21
BRH:14
end_of_record
TN:
SF:Plugins/OpenRouter.js
FN:5,(anonymous_0)
FN:15,(anonymous_1)
FNF:2
FNH:2
FNDA:4,(anonymous_0)
FNDA:4,(anonymous_1)
DA:1,1
DA:2,1
DA:3,1
DA:5,1
DA:6,4
DA:7,4
DA:8,1
DA:12,3
DA:15,1
DA:16,4
DA:18,3
DA:26,3
DA:31,3
DA:32,0
DA:35,3
DA:41,3
DA:42,1
DA:47,2
DA:48,1
DA:49,1
DA:52,1
DA:55,1
LF:22
LH:21
BRDA:7,0,0,1
BRDA:7,0,1,3
BRDA:15,1,0,4
BRDA:27,2,0,3
BRDA:27,2,1,0
BRDA:27,2,2,0
BRDA:31,3,0,0
BRDA:31,3,1,3
BRDA:41,4,0,1
BRDA:41,4,1,2
BRDA:41,5,0,3
BRDA:41,5,1,2
BRDA:47,6,0,1
BRDA:47,6,1,1
BRF:14
BRH:11
end_of_record
TN:
SF:Skills/A2A.js
FN:10,(anonymous_0)
FN:17,(anonymous_1)
FN:27,(anonymous_2)
FN:38,(anonymous_3)
FN:50,(anonymous_4)
FN:54,(anonymous_5)
FN:57,(anonymous_6)
FN:87,(anonymous_7)
FN:90,(anonymous_8)
FN:113,(anonymous_9)
FN:121,(anonymous_10)
FN:124,(anonymous_11)
FN:205,(anonymous_12)
FN:213,(anonymous_13)
FN:224,(anonymous_14)
FN:233,(anonymous_15)
FN:252,(anonymous_16)
FN:257,(anonymous_17)
FN:317,(anonymous_18)
FN:322,(anonymous_19)
FN:388,(anonymous_20)
FN:397,(anonymous_21)
FN:400,(anonymous_22)
FN:411,(anonymous_23)
FN:429,(anonymous_24)
FN:435,(anonymous_25)
FN:444,(anonymous_26)
FN:451,(anonymous_27)
FN:455,(anonymous_28)
FN:466,(anonymous_29)
FN:481,(anonymous_30)
FN:496,(anonymous_31)
FN:502,(anonymous_32)
FN:503,(anonymous_33)
FN:504,(anonymous_34)
FN:530,(anonymous_35)
FN:539,(anonymous_36)
FN:547,(anonymous_37)
FN:589,(anonymous_38)
FNF:39
FNH:29
FNDA:25,(anonymous_0)
FNDA:20,(anonymous_1)
FNDA:5,(anonymous_2)
FNDA:9,(anonymous_3)
FNDA:8,(anonymous_4)
FNDA:1,(anonymous_5)
FNDA:1,(anonymous_6)
FNDA:0,(anonymous_7)
FNDA:0,(anonymous_8)
FNDA:4,(anonymous_9)
FNDA:5,(anonymous_10)
FNDA:5,(anonymous_11)
FNDA:1,(anonymous_12)
FNDA:1,(anonymous_13)
FNDA:0,(anonymous_14)
FNDA:0,(anonymous_15)
FNDA:4,(anonymous_16)
FNDA:4,(anonymous_17)
FNDA:2,(anonymous_18)
FNDA:0,(anonymous_19)
FNDA:3,(anonymous_20)
FNDA:2,(anonymous_21)
FNDA:1,(anonymous_22)
FNDA:2,(anonymous_23)
FNDA:2,(anonymous_24)
FNDA:1,(anonymous_25)
FNDA:4,(anonymous_26)
FNDA:0,(anonymous_27)
FNDA:2,(anonymous_28)
FNDA:2,(anonymous_29)
FNDA:2,(anonymous_30)
FNDA:0,(anonymous_31)
FNDA:0,(anonymous_32)
FNDA:0,(anonymous_33)
FNDA:0,(anonymous_34)
FNDA:7,(anonymous_35)
FNDA:1,(anonymous_36)
FNDA:1,(anonymous_37)
FNDA:1,(anonymous_38)
DA:1,2
DA:2,2
DA:3,2
DA:4,2
DA:5,2
DA:6,2
DA:7,2
DA:10,2
DA:11,25
DA:12,25
DA:13,25
DA:14,25
DA:17,2
DA:18,20
DA:19,20
DA:20,18
DA:21,18
DA:23,1
DA:27,2
DA:28,5
DA:34,2
DA:35,2
DA:36,2
DA:38,2
DA:39,9
DA:41,1
DA:42,1
DA:43,1
DA:44,9
DA:45,9
DA:47,1
DA:50,1
DA:52,8
DA:53,1
DA:54,1
DA:55,1
DA:57,1
DA:58,1
DA:59,1
DA:60,1
DA:61,1
DA:62,0
DA:63,0
DA:66,1
DA:67,1
DA:69,1
DA:74,1
DA:75,1
DA:77,0
DA:78,0
DA:81,1
DA:85,7
DA:86,0
DA:87,0
DA:88,0
DA:90,0
DA:91,0
DA:92,0
DA:93,0
DA:97,0
DA:98,0
DA:100,0
DA:101,0
DA:104,0
DA:108,7
DA:110,6
DA:111,6
DA:112,6
DA:113,6
DA:115,6
DA:116,1
DA:117,1
DA:120,5
DA:121,5
DA:122,5
DA:124,5
DA:125,5
DA:126,5
DA:127,5
DA:128,5
DA:131,5
DA:137,4
DA:139,4
DA:140,1
DA:141,1
DA:143,3
DA:144,3
DA:147,4
DA:148,4
DA:149,4
DA:151,4
DA:152,3
DA:155,4
DA:156,0
DA:159,4
DA:169,4
DA:170,4
DA:174,1
DA:176,1
DA:184,1
DA:186,1
DA:187,1
DA:188,1
DA:189,1
DA:191,0
DA:192,0
DA:195,0
DA:196,0
DA:200,1
DA:201,1
DA:205,1
DA:206,1
DA:210,1
DA:211,1
DA:213,1
DA:214,1
DA:215,1
DA:220,1
DA:224,1
DA:225,0
DA:228,1
DA:230,0
DA:233,1
DA:234,0
DA:235,0
DA:236,0
DA:237,0
DA:244,1
DA:245,1
DA:249,2
DA:253,4
DA:254,4
DA:255,4
DA:256,4
DA:257,4
DA:258,4
DA:261,4
DA:271,4
DA:272,4
DA:274,4
DA:282,3
DA:283,2
DA:284,2
DA:292,2
DA:293,2
DA:294,1
DA:296,1
DA:298,1
DA:299,1
DA:308,2
DA:309,2
DA:310,2
DA:312,2
DA:314,1
DA:318,2
DA:319,2
DA:320,2
DA:321,2
DA:322,2
DA:323,2
DA:326,2
DA:336,2
DA:337,2
DA:339,2
DA:347,2
DA:348,1
DA:349,1
DA:357,1
DA:358,1
DA:359,0
DA:361,1
DA:362,1
DA:363,1
DA:372,2
DA:373,2
DA:374,2
DA:376,2
DA:377,2
DA:378,2
DA:380,2
DA:381,2
DA:383,2
DA:385,0
DA:392,3
DA:395,3
DA:396,2
DA:397,2
DA:398,2
DA:399,2
DA:400,2
DA:401,1
DA:402,1
DA:403,1
DA:404,1
DA:411,2
DA:412,2
DA:413,2
DA:414,2
DA:417,2
DA:418,2
DA:419,3
DA:420,9
DA:421,2
DA:422,2
DA:423,2
DA:429,2
DA:430,2
DA:431,2
DA:435,2
DA:442,3
DA:443,2
DA:444,2
DA:445,4
DA:446,4
DA:447,4
DA:449,4
DA:450,4
DA:451,4
DA:452,4
DA:455,2
DA:457,4
DA:458,2
DA:460,4
DA:466,2
DA:467,2
DA:468,2
DA:469,2
DA:470,2
DA:471,2
DA:472,4
DA:475,2
DA:479,2
DA:481,2
DA:484,2
DA:485,2
DA:486,2
DA:487,0
DA:488,0
DA:489,0
DA:494,2
DA:495,0
DA:496,0
DA:497,0
DA:500,2
DA:501,0
DA:502,0
DA:503,0
DA:504,0
DA:507,0
DA:508,0
DA:509,0
DA:510,0
DA:511,0
DA:512,0
DA:514,0
DA:519,3
DA:520,3
DA:521,3
DA:526,0
DA:531,7
DA:533,7
DA:534,2
DA:535,2
DA:536,2
DA:538,1
DA:540,1
DA:543,2
DA:544,2
DA:545,2
DA:547,1
DA:549,2
DA:552,5
DA:553,1
DA:554,1
DA:555,1
DA:558,1
DA:559,1
DA:560,1
DA:561,1
DA:563,1
DA:566,4
DA:567,1
DA:568,1
DA:569,1
DA:570,1
DA:573,3
DA:574,3
DA:575,1
DA:576,1
DA:577,1
DA:579,2
DA:580,1
DA:581,1
DA:582,1
DA:584,1
DA:587,0
DA:591,1
DA:592,1
DA:593,1
DA:594,9
DA:595,9
DA:597,1
DA:599,1
DA:600,1
DA:601,1
DA:602,3
DA:603,4
DA:604,2
DA:605,2
DA:610,1
LF:310
LH:262
BRDA:11,0,0,25
BRDA:11,0,1,0
BRDA:13,1,0,3
BRDA:13,1,1,22
BRDA:19,2,0,2
BRDA:19,2,1,18
BRDA:39,3,0,8
BRDA:39,3,1,1
BRDA:41,4,0,1
BRDA:41,4,1,0
BRDA:52,5,0,1
BRDA:52,5,1,7
BRDA:52,6,0,8
BRDA:52,6,1,7
BRDA:61,7,0,0
BRDA:61,7,1,1
BRDA:85,8,0,0
BRDA:85,8,1,7
BRDA:85,9,0,7
BRDA:85,9,1,6
BRDA:94,10,0,0
BRDA:94,10,1,0
BRDA:95,11,0,0
BRDA:95,11,1,0
BRDA:108,12,0,6
BRDA:108,12,1,1
BRDA:108,13,0,7
BRDA:108,13,1,6
BRDA:111,14,0,5
BRDA:111,14,1,1
BRDA:115,15,0,1
BRDA:115,15,1,5
BRDA:115,16,0,6
BRDA:115,16,1,2
BRDA:131,17,0,4
BRDA:131,17,1,1
BRDA:132,18,0,5
BRDA:132,18,1,5
BRDA:132,18,2,4
BRDA:137,19,0,4
BRDA:137,19,1,2
BRDA:139,20,0,1
BRDA:139,20,1,3
BRDA:148,21,0,4
BRDA:148,21,1,0
BRDA:151,22,0,3
BRDA:151,22,1,1
BRDA:155,23,0,0
BRDA:155,23,1,4
BRDA:156,24,0,0
BRDA:156,24,1,0
BRDA:178,25,0,1
BRDA:178,25,1,0
BRDA:181,26,0,1
BRDA:181,26,1,0
BRDA:214,27,0,1
BRDA:214,27,1,0
BRDA:234,28,0,0
BRDA:234,28,1,0
BRDA:235,29,0,0
BRDA:235,29,1,0
BRDA:255,30,0,4
BRDA:255,30,1,0
BRDA:258,31,0,0
BRDA:258,31,1,4
BRDA:262,32,0,4
BRDA:262,32,1,3
BRDA:272,33,0,0
BRDA:272,33,1,4
BRDA:282,34,0,2
BRDA:282,34,1,1
BRDA:282,35,0,3
BRDA:282,35,1,2
BRDA:287,36,0,2
BRDA:287,36,1,0
BRDA:288,37,0,2
BRDA:288,37,1,2
BRDA:293,38,0,1
BRDA:293,38,1,1
BRDA:296,39,0,1
BRDA:296,39,1,0
BRDA:308,40,0,0
BRDA:308,40,1,2
BRDA:312,41,0,2
BRDA:312,41,1,1
BRDA:320,42,0,2
BRDA:320,42,1,0
BRDA:323,43,0,0
BRDA:323,43,1,2
BRDA:327,44,0,2
BRDA:327,44,1,1
BRDA:337,45,0,0
BRDA:337,45,1,2
BRDA:347,46,0,1
BRDA:347,46,1,1
BRDA:347,47,0,2
BRDA:347,47,1,1
BRDA:352,48,0,1
BRDA:352,48,1,0
BRDA:353,49,0,1
BRDA:353,49,1,1
BRDA:358,50,0,0
BRDA:358,50,1,1
BRDA:361,51,0,1
BRDA:361,51,1,0
BRDA:372,52,0,0
BRDA:372,52,1,2
BRDA:376,53,0,2
BRDA:376,53,1,0
BRDA:378,54,0,2
BRDA:378,54,1,0
BRDA:380,55,0,2
BRDA:380,55,1,1
BRDA:383,56,0,2
BRDA:383,56,1,1
BRDA:389,57,0,1
BRDA:389,58,0,1
BRDA:389,59,0,1
BRDA:389,60,0,0
BRDA:395,61,0,2
BRDA:395,61,1,1
BRDA:403,62,0,1
BRDA:403,62,1,0
BRDA:420,63,0,2
BRDA:420,63,1,7
BRDA:420,64,0,9
BRDA:420,64,1,3
BRDA:442,65,0,2
BRDA:442,65,1,1
BRDA:446,66,0,0
BRDA:446,66,1,4
BRDA:457,67,0,2
BRDA:457,67,1,2
BRDA:457,68,0,4
BRDA:457,68,1,2
BRDA:457,68,2,2
BRDA:488,69,0,0
BRDA:488,69,1,0
BRDA:488,70,0,0
BRDA:488,70,1,0
BRDA:500,71,0,0
BRDA:500,71,1,2
BRDA:500,72,0,2
BRDA:500,72,1,0
BRDA:509,73,0,0
BRDA:509,73,1,0
BRDA:512,74,0,0
BRDA:512,74,1,0
BRDA:514,75,0,0
BRDA:514,75,1,0
BRDA:520,76,0,3
BRDA:520,76,1,0
BRDA:521,77,0,2
BRDA:521,77,1,1
BRDA:526,78,0,0
BRDA:526,78,1,0
BRDA:530,79,0,6
BRDA:533,80,0,2
BRDA:533,80,1,5
BRDA:536,81,0,1
BRDA:536,81,1,1
BRDA:540,82,0,1
BRDA:540,82,1,1
BRDA:545,83,0,1
BRDA:545,83,1,1
BRDA:552,84,0,1
BRDA:552,84,1,4
BRDA:553,85,0,0
BRDA:553,85,1,1
BRDA:553,86,0,1
BRDA:553,86,1,1
BRDA:566,87,0,1
BRDA:566,87,1,3
BRDA:567,88,0,0
BRDA:567,88,1,1
BRDA:567,89,0,1
BRDA:567,89,1,1
BRDA:573,90,0,3
BRDA:573,90,1,0
BRDA:573,91,0,3
BRDA:573,91,1,1
BRDA:574,92,0,1
BRDA:574,92,1,2
BRDA:579,93,0,1
BRDA:579,93,1,1
BRDA:591,94,0,1
BRDA:591,94,1,0
BRDA:603,95,0,2
BRDA:603,95,1,2
BRDA:603,96,0,4
BRDA:603,96,1,3
BRDA:610,97,0,1
BRDA:610,97,1,1
BRF:193
BRH:137
end_of_record
TN:
SF:Skills/Database.js
FN:21,(anonymous_0)
FN:36,(anonymous_1)
FN:51,(anonymous_2)
FN:61,(anonymous_3)
FNF:4
FNH:4
FNDA:6,(anonymous_0)
FNDA:4,(anonymous_1)
FNDA:8,(anonymous_2)
FNDA:9,(anonymous_3)
DA:1,2
DA:2,2
DA:3,2
DA:7,2
DA:8,2
DA:12,2
DA:13,2
DA:21,2
DA:22,6
DA:25,6
DA:35,6
DA:36,4
DA:37,1
DA:44,5
DA:45,4
DA:48,1
DA:51,2
DA:53,8
DA:54,8
DA:55,1
DA:57,7
DA:60,2
DA:62,9
DA:64,9
DA:65,1
DA:68,8
DA:69,7
DA:71,7
DA:72,1
DA:77,6
DA:78,6
DA:80,1
DA:84,5
DA:92,5
DA:93,3
DA:94,3
DA:96,0
DA:97,0
DA:100,0
DA:101,0
DA:103,0
DA:105,2
DA:106,1
DA:108,0
DA:109,0
DA:110,0
DA:111,0
DA:112,0
DA:113,0
DA:115,0
DA:118,1
DA:121,1
DA:126,2
LF:53
LH:41
BRDA:35,0,0,1
BRDA:35,0,1,5
BRDA:36,1,0,1
BRDA:36,1,1,0
BRDA:44,2,0,4
BRDA:44,2,1,1
BRDA:44,3,0,5
BRDA:44,3,1,4
BRDA:53,4,0,8
BRDA:53,4,1,7
BRDA:54,5,0,1
BRDA:54,5,1,7
BRDA:61,6,0,9
BRDA:64,7,0,1
BRDA:64,7,1,8
BRDA:71,8,0,1
BRDA:71,8,1,6
BRDA:84,9,0,5
BRDA:84,9,1,1
BRDA:92,10,0,3
BRDA:92,10,1,2
BRDA:93,11,0,3
BRDA:93,11,1,0
BRDA:105,12,0,1
BRDA:105,12,1,1
BRDA:105,13,0,2
BRDA:105,13,1,1
BRDA:106,14,0,1
BRDA:106,14,1,0
BRF:29
BRH:26
end_of_record
TN:
SF:Skills/GoogleCalendar.js
FN:5,(anonymous_0)
FN:20,(anonymous_1)
FN:45,(anonymous_2)
FN:52,(anonymous_3)
FNF:4
FNH:4
FNDA:6,(anonymous_0)
FNDA:4,(anonymous_1)
FNDA:2,(anonymous_2)
FNDA:2,(anonymous_3)
DA:1,2
DA:2,2
DA:5,2
DA:7,6
DA:8,6
DA:9,6
DA:10,0
DA:11,0
DA:16,6
DA:19,2
DA:24,4
DA:25,4
DA:26,1
DA:28,3
DA:29,3
DA:31,3
DA:32,3
DA:36,3
DA:37,1
DA:38,1
DA:41,2
DA:42,2
DA:44,1
DA:45,2
DA:48,0
DA:56,2
DA:57,2
DA:59,2
DA:61,2
DA:62,2
DA:76,2
DA:77,1
DA:78,1
DA:81,1
DA:82,1
DA:84,0
DA:89,2
LF:37
LH:33
BRDA:9,0,0,0
BRDA:9,0,1,6
BRDA:11,1,0,0
BRDA:11,1,1,0
BRDA:21,2,0,4
BRDA:21,3,0,3
BRDA:25,4,0,1
BRDA:25,4,1,3
BRDA:29,5,0,0
BRDA:29,5,1,3
BRDA:36,6,0,1
BRDA:36,6,1,2
BRDA:38,7,0,1
BRDA:38,7,1,0
BRDA:42,8,0,1
BRDA:42,8,1,1
BRDA:42,9,0,2
BRDA:42,9,1,2
BRDA:45,10,0,2
BRDA:45,10,1,1
BRDA:53,11,0,2
BRDA:57,12,0,0
BRDA:57,12,1,2
BRDA:76,13,0,1
BRDA:76,13,1,1
BRDA:78,14,0,1
BRDA:78,14,1,0
BRF:27
BRH:20
end_of_record
TN:
SF:Skills/OpenClawBridge.js
FN:6,(anonymous_0)
FN:22,(anonymous_1)
FN:45,(anonymous_2)
FNF:3
FNH:3
FNDA:5,(anonymous_0)
FNDA:1,(anonymous_1)
FNDA:5,(anonymous_2)
DA:1,2
DA:2,2
DA:3,2
DA:4,2
DA:6,2
DA:7,5
DA:8,5
DA:9,5
DA:10,0
DA:11,0
DA:16,5
DA:22,2
DA:23,1
DA:24,1
DA:25,1
DA:26,5
DA:27,5
DA:29,1
DA:31,1
DA:32,1
DA:33,1
DA:34,1
DA:35,1
DA:36,1
DA:37,1
DA:41,1
DA:44,2
DA:49,5
DA:50,5
DA:51,5
DA:53,5
DA:58,5
DA:59,5
DA:60,1
DA:63,5
DA:68,5
DA:69,1
DA:70,1
DA:73,5
DA:74,5
DA:76,5
DA:77,5
DA:84,4
DA:85,4
DA:87,4
DA:88,1
DA:91,3
DA:94,3
DA:95,1
DA:96,1
DA:98,1
DA:101,2
DA:103,1
DA:108,2
LF:54
LH:52
BRDA:7,0,0,5
BRDA:7,0,1,5
BRDA:9,1,0,0
BRDA:9,1,1,5
BRDA:17,2,0,5
BRDA:17,2,1,5
BRDA:18,3,0,5
BRDA:18,3,1,5
BRDA:23,4,0,1
BRDA:23,4,1,1
BRDA:35,5,0,1
BRDA:35,5,1,0
BRDA:35,6,0,1
BRDA:35,6,1,1
BRDA:46,7,0,3
BRDA:46,8,0,4
BRDA:46,9,0,4
BRDA:59,10,0,1
BRDA:59,10,1,4
BRDA:68,11,0,1
BRDA:68,11,1,4
BRDA:74,12,0,0
BRDA:74,12,1,5
BRDA:81,13,0,4
BRDA:81,13,1,1
BRDA:84,14,0,0
BRDA:84,14,1,4
BRDA:87,15,0,1
BRDA:87,15,1,3
BRDA:88,16,0,1
BRDA:88,16,1,0
BRDA:91,17,0,3
BRDA:91,17,1,0
BRDA:94,18,0,1
BRDA:94,18,1,2
BRDA:94,19,0,3
BRDA:94,19,1,3
BRDA:95,20,0,1
BRDA:95,20,1,0
BRF:39
BRH:32
end_of_record
TN:
SF:app/AdvisoryService.js
FN:26,(anonymous_0)
FN:31,(anonymous_1)
FN:54,(anonymous_2)
FN:56,(anonymous_3)
FN:67,(anonymous_4)
FN:116,(anonymous_5)
FN:118,(anonymous_6)
FN:186,(anonymous_7)
FN:212,(anonymous_8)
FN:216,(anonymous_9)
FN:220,(anonymous_10)
FN:221,(anonymous_11)
FN:227,(anonymous_12)
FN:232,(anonymous_13)
FN:238,(anonymous_14)
FN:239,(anonymous_15)
FN:253,(anonymous_16)
FN:257,(anonymous_17)
FN:258,(anonymous_18)
FN:259,(anonymous_19)
FNF:20
FNH:18
FNDA:30,(anonymous_0)
FNDA:8,(anonymous_1)
FNDA:8,(anonymous_2)
FNDA:8,(anonymous_3)
FNDA:8,(anonymous_4)
FNDA:8,(anonymous_5)
FNDA:0,(anonymous_6)
FNDA:9,(anonymous_7)
FNDA:0,(anonymous_8)
FNDA:5,(anonymous_9)
FNDA:7,(anonymous_10)
FNDA:7,(anonymous_11)
FNDA:7,(anonymous_12)
FNDA:4,(anonymous_13)
FNDA:7,(anonymous_14)
FNDA:4,(anonymous_15)
FNDA:4,(anonymous_16)
FNDA:5,(anonymous_17)
FNDA:7,(anonymous_18)
FNDA:7,(anonymous_19)
DA:1,2
DA:2,2
DA:3,2
DA:4,2
DA:5,2
DA:7,2
DA:27,30
DA:28,30
DA:38,8
DA:39,8
DA:40,1
DA:43,7
DA:44,7
DA:52,7
DA:53,7
DA:54,8
DA:56,8
DA:58,0
DA:59,0
DA:60,0
DA:61,0
DA:63,0
DA:68,8
DA:69,8
DA:70,8
DA:99,8
DA:111,8
DA:116,8
DA:117,8
DA:118,0
DA:123,8
DA:125,8
DA:126,8
DA:128,8
DA:129,0
DA:133,8
DA:134,8
DA:136,1
DA:140,7
DA:141,6
DA:144,7
DA:149,6
DA:150,0
DA:159,6
DA:161,2
DA:162,2
DA:163,0
DA:170,2
DA:173,2
DA:187,9
DA:188,0
DA:192,9
DA:193,0
DA:195,9
DA:196,9
DA:197,8
DA:199,1
DA:203,9
DA:204,8
DA:205,8
DA:206,8
DA:209,1
DA:213,0
DA:217,5
DA:219,5
DA:220,7
DA:221,7
DA:227,7
DA:228,5
DA:229,5
DA:230,5
DA:231,2
DA:232,4
DA:237,5
DA:238,7
DA:239,4
DA:244,5
DA:253,4
DA:258,7
DA:259,7
DA:262,5
DA:263,5
DA:264,2
DA:266,5
DA:267,5
DA:268,2
DA:270,5
DA:274,2
DA:275,2
LF:89
LH:77
BRDA:26,0,0,9
BRDA:39,1,0,1
BRDA:39,1,1,7
BRDA:39,2,0,8
BRDA:39,2,1,7
BRDA:39,2,2,7
BRDA:52,3,0,7
BRDA:52,3,1,0
BRDA:61,4,0,0
BRDA:61,4,1,0
BRDA:103,5,0,0
BRDA:103,5,1,8
BRDA:119,6,0,8
BRDA:119,6,1,4
BRDA:128,7,0,0
BRDA:128,7,1,8
BRDA:140,8,0,6
BRDA:140,8,1,1
BRDA:149,9,0,0
BRDA:149,9,1,6
BRDA:162,10,0,0
BRDA:162,10,1,2
BRDA:187,11,0,0
BRDA:187,11,1,9
BRDA:192,12,0,0
BRDA:192,12,1,9
BRDA:196,13,0,8
BRDA:196,13,1,1
BRDA:203,14,0,8
BRDA:203,14,1,1
BRDA:217,15,0,0
BRDA:217,15,1,5
BRDA:217,16,0,5
BRDA:217,16,1,5
BRDA:230,17,0,2
BRDA:230,17,1,3
BRDA:238,18,0,7
BRDA:238,18,1,4
BRDA:248,19,0,5
BRDA:248,19,1,1
BRDA:249,20,0,5
BRDA:249,20,1,0
BRDA:253,21,0,4
BRDA:253,21,1,1
BRDA:253,22,0,1
BRDA:253,22,1,3
BRDA:253,23,0,1
BRDA:253,23,1,0
BRDA:263,24,0,3
BRDA:263,24,1,2
BRDA:264,25,0,1
BRDA:264,25,1,1
BRDA:267,26,0,3
BRDA:267,26,1,2
BRDA:268,27,0,1
BRDA:268,27,1,1
BRF:56
BRH:44
end_of_record
TN:
SF:app/AuditService.js
FN:6,(anonymous_0)
FN:11,(anonymous_1)
FN:17,(anonymous_2)
FNF:3
FNH:3
FNDA:1,(anonymous_0)
FNDA:1,(anonymous_1)
FNDA:1,(anonymous_2)
DA:1,1
DA:2,1
DA:3,1
DA:7,1
DA:8,1
DA:12,1
DA:13,1
DA:18,1
DA:19,1
DA:30,1
DA:31,1
DA:33,0
DA:38,1
LF:13
LH:12
BRDA:12,0,0,1
BRDA:12,0,1,0
BRDA:12,1,0,1
BRDA:12,1,1,1
BRDA:23,2,0,1
BRDA:23,2,1,0
BRDA:25,3,0,1
BRDA:25,3,1,0
BRF:8
BRH:5
end_of_record
TN:
SF:app/Config.js
FN:44,loadConfig
FN:62,(anonymous_1)
FN:75,(anonymous_2)
FN:80,(anonymous_3)
FN:89,(anonymous_4)
FN:94,(anonymous_5)
FN:99,(anonymous_6)
FNF:7
FNH:7
FNDA:39,loadConfig
FNDA:1,(anonymous_1)
FNDA:15,(anonymous_2)
FNDA:3,(anonymous_3)
FNDA:4,(anonymous_4)
FNDA:3,(anonymous_5)
FNDA:14,(anonymous_6)
DA:1,10
DA:3,10
DA:6,10
DA:42,10
DA:45,39
DA:48,15
DA:51,15
DA:54,12
DA:58,3
DA:60,3
DA:61,1
DA:62,1
DA:63,1
DA:65,1
DA:68,3
DA:69,3
DA:72,10
DA:76,15
DA:77,15
DA:78,7
DA:81,3
DA:82,3
DA:83,2
DA:84,2
DA:86,1
DA:87,1
DA:90,4
DA:91,4
DA:92,3
DA:95,3
DA:96,3
DA:97,2
DA:100,14
DA:101,14
DA:102,13
LF:35
LH:35
BRDA:45,0,0,24
BRDA:45,0,1,15
BRDA:60,1,0,1
BRDA:60,1,1,2
BRDA:77,2,0,8
BRDA:77,2,1,7
BRDA:82,3,0,2
BRDA:82,3,1,1
BRDA:91,4,0,1
BRDA:91,4,1,3
BRDA:96,5,0,1
BRDA:96,5,1,2
BRDA:101,6,0,1
BRDA:101,6,1,13
BRF:14
BRH:14
end_of_record
TN:
SF:app/ConversationService.js
FN:9,(anonymous_0)
FN:28,(anonymous_1)
FN:41,(anonymous_2)
FN:79,(anonymous_3)
FN:126,(anonymous_4)
FN:269,(anonymous_5)
FN:292,(anonymous_6)
FN:294,(anonymous_7)
FN:297,(anonymous_8)
FN:321,(anonymous_9)
FN:327,(anonymous_10)
FN:332,(anonymous_11)
FN:359,(anonymous_12)
FN:376,(anonymous_13)
FNF:14
FNH:12
FNDA:21,(anonymous_0)
FNDA:3,(anonymous_1)
FNDA:19,(anonymous_2)
FNDA:0,(anonymous_3)
FNDA:4,(anonymous_4)
FNDA:0,(anonymous_5)
FNDA:39,(anonymous_6)
FNDA:150,(anonymous_7)
FNDA:165,(anonymous_8)
FNDA:35,(anonymous_9)
FNDA:91,(anonymous_10)
FNDA:87,(anonymous_11)
FNDA:5,(anonymous_12)
FNDA:26,(anonymous_13)
DA:1,1
DA:2,1
DA:3,1
DA:4,1
DA:5,1
DA:6,1
DA:10,21
DA:11,21
DA:12,21
DA:13,21
DA:14,21
DA:15,21
DA:16,21
DA:29,3
DA:30,3
DA:31,3
DA:42,19
DA:43,19
DA:45,19
DA:46,19
DA:47,19
DA:48,19
DA:49,19
DA:50,19
DA:51,19
DA:52,19
DA:54,19
DA:55,19
DA:58,19
DA:59,2
DA:60,2
DA:62,2
DA:63,2
DA:66,2
DA:67,0
DA:68,0
DA:69,0
DA:72,2
DA:74,2
DA:79,0
DA:82,2
DA:83,2
DA:84,2
DA:87,2
DA:95,0
DA:99,19
DA:102,19
DA:103,36
DA:105,36
DA:106,36
DA:108,36
DA:110,36
DA:111,40
DA:112,40
DA:113,40
DA:114,36
DA:115,3
DA:117,33
DA:119,7
DA:124,3
DA:126,4
DA:131,33
DA:132,0
DA:133,0
DA:134,0
DA:137,33
DA:139,33
DA:140,18
DA:142,18
DA:143,21
DA:144,21
DA:146,21
DA:147,21
DA:149,0
DA:153,21
DA:154,2
DA:158,21
DA:159,1
DA:166,21
DA:168,21
DA:171,21
DA:172,5
DA:173,5
DA:180,5
DA:181,4
DA:182,1
DA:184,4
DA:189,4
DA:190,3
DA:191,1
DA:192,0
DA:193,0
DA:195,1
DA:196,1
DA:199,16
DA:203,16
DA:206,18
DA:207,0
DA:216,18
DA:223,3
DA:224,3
DA:225,0
DA:232,3
DA:241,15
DA:244,15
DA:245,1
DA:254,1
DA:257,1
DA:258,1
DA:259,1
DA:264,1
DA:269,0
DA:271,1
DA:275,15
DA:276,15
DA:277,15
DA:278,15
DA:282,16
DA:283,1
DA:284,1
DA:285,1
DA:286,1
DA:289,15
DA:294,150
DA:297,165
DA:298,39
DA:300,39
DA:302,39
DA:306,39
DA:309,39
DA:311,39
DA:312,39
DA:313,1
DA:315,39
DA:316,39
DA:318,39
DA:322,35
DA:324,33
DA:325,33
DA:327,33
DA:328,91
DA:329,87
DA:332,87
DA:337,33
DA:341,33
DA:342,33
DA:343,0
DA:344,0
DA:345,0
DA:349,33
DA:351,33
DA:352,8
DA:360,5
DA:361,5
DA:375,5
DA:376,26
DA:377,3
DA:380,5
DA:381,5
DA:382,5
DA:384,5
DA:388,1
LF:162
LH:145
BRDA:9,0,0,21
BRDA:29,1,0,0
BRDA:29,1,1,3
BRDA:32,2,0,3
BRDA:32,2,1,3
BRDA:32,2,2,3
BRDA:32,2,3,3
BRDA:32,2,4,3
BRDA:32,2,5,3
BRDA:58,3,0,2
BRDA:58,3,1,17
BRDA:58,4,0,19
BRDA:58,4,1,3
BRDA:63,5,0,2
BRDA:63,5,1,0
BRDA:66,6,0,0
BRDA:66,6,1,2
BRDA:67,7,0,0
BRDA:67,7,1,0
BRDA:68,8,0,0
BRDA:68,8,1,0
BRDA:69,9,0,0
BRDA:69,9,1,0
BRDA:72,10,0,2
BRDA:72,10,1,0
BRDA:82,11,0,2
BRDA:82,11,1,0
BRDA:82,12,0,2
BRDA:82,12,1,2
BRDA:102,13,0,52
BRDA:102,13,1,37
BRDA:114,14,0,3
BRDA:114,14,1,33
BRDA:119,15,0,3
BRDA:119,15,1,4
BRDA:120,16,0,7
BRDA:120,16,1,5
BRDA:120,16,2,4
BRDA:131,17,0,0
BRDA:131,17,1,33
BRDA:132,18,0,0
BRDA:132,18,1,0
BRDA:133,19,0,0
BRDA:133,19,1,0
BRDA:134,20,0,0
BRDA:134,20,1,0
BRDA:139,21,0,18
BRDA:139,21,1,15
BRDA:153,22,0,2
BRDA:153,22,1,19
BRDA:158,23,0,1
BRDA:158,23,1,20
BRDA:168,24,0,21
BRDA:168,24,1,3
BRDA:171,25,0,5
BRDA:171,25,1,16
BRDA:171,26,0,21
BRDA:171,26,1,16
BRDA:172,27,0,5
BRDA:172,27,1,0
BRDA:180,28,0,4
BRDA:180,28,1,1
BRDA:181,29,0,1
BRDA:181,29,1,3
BRDA:191,30,0,0
BRDA:191,30,1,1
BRDA:206,31,0,0
BRDA:206,31,1,18
BRDA:224,32,0,0
BRDA:224,32,1,3
BRDA:241,33,0,15
BRDA:241,33,1,0
BRDA:244,34,0,1
BRDA:244,34,1,14
BRDA:244,35,0,15
BRDA:244,35,1,3
BRDA:254,36,0,1
BRDA:254,36,1,1
BRDA:254,36,2,1
BRDA:257,37,0,1
BRDA:257,37,1,0
BRDA:258,38,0,1
BRDA:258,38,1,0
BRDA:271,39,0,1
BRDA:271,39,1,0
BRDA:282,40,0,1
BRDA:282,40,1,15
BRDA:282,41,0,16
BRDA:282,41,1,1
BRDA:294,42,0,150
BRDA:294,42,1,3
BRDA:300,43,0,0
BRDA:300,43,1,39
BRDA:312,44,0,1
BRDA:312,44,1,38
BRDA:312,45,0,39
BRDA:312,45,1,1
BRDA:322,46,0,2
BRDA:322,46,1,33
BRDA:325,47,0,2
BRDA:325,47,1,31
BRDA:328,48,0,4
BRDA:328,48,1,87
BRDA:328,49,0,91
BRDA:328,49,1,4
BRDA:334,50,0,69
BRDA:334,50,1,18
BRDA:337,51,0,0
BRDA:337,51,1,33
BRDA:339,52,0,33
BRDA:339,52,1,0
BRDA:342,53,0,0
BRDA:342,53,1,33
BRDA:343,54,0,0
BRDA:343,54,1,0
BRDA:344,55,0,0
BRDA:344,55,1,0
BRDA:351,56,0,8
BRDA:351,56,1,25
BRDA:351,57,0,33
BRDA:351,57,1,33
BRDA:375,58,0,5
BRDA:375,58,1,1
BRDA:376,59,0,3
BRDA:376,59,1,2
BRDA:380,60,0,2
BRDA:380,60,1,3
BRDA:381,61,0,1
BRDA:381,61,1,4
BRDA:382,62,0,1
BRDA:382,62,1,4
BRF:131
BRH:97
end_of_record
TN:
SF:app/EvolutionService.js
FN:8,(anonymous_0)
FN:18,(anonymous_1)
FN:19,(anonymous_2)
FN:26,(anonymous_3)
FN:27,(anonymous_4)
FN:29,(anonymous_5)
FN:41,(anonymous_6)
FN:91,(anonymous_7)
FN:125,(anonymous_8)
FN:161,(anonymous_9)
FN:182,(anonymous_10)
FN:193,(anonymous_11)
FN:214,(anonymous_12)
FNF:13
FNH:9
FNDA:6,(anonymous_0)
FNDA:2,(anonymous_1)
FNDA:2,(anonymous_2)
FNDA:0,(anonymous_3)
FNDA:0,(anonymous_4)
FNDA:2,(anonymous_5)
FNDA:2,(anonymous_6)
FNDA:2,(anonymous_7)
FNDA:2,(anonymous_8)
FNDA:2,(anonymous_9)
FNDA:0,(anonymous_10)
FNDA:0,(anonymous_11)
FNDA:2,(anonymous_12)
DA:1,1
DA:2,1
DA:3,1
DA:4,1
DA:5,1
DA:9,6
DA:10,6
DA:11,6
DA:12,6
DA:19,2
DA:20,2
DA:25,2
DA:26,2
DA:27,2
DA:29,2
DA:30,2
DA:42,2
DA:43,2
DA:45,2
DA:47,2
DA:48,2
DA:49,2
DA:53,2
DA:54,2
DA:58,2
DA:59,2
DA:61,2
DA:62,1
DA:63,1
DA:64,1
DA:65,1
DA:66,1
DA:68,1
DA:72,1
DA:73,1
DA:75,1
DA:76,1
DA:79,0
DA:80,0
DA:81,0
DA:82,0
DA:84,0
DA:92,2
DA:93,2
DA:94,2
DA:96,2
DA:97,2
DA:98,2
DA:101,2
DA:102,2
DA:103,2
DA:104,2
DA:105,2
DA:107,1
DA:111,2
DA:112,2
DA:113,2
DA:114,2
DA:115,0
DA:117,0
DA:118,0
DA:125,2
DA:126,2
DA:128,2
DA:159,2
DA:161,2
DA:167,2
DA:168,2
DA:169,1
DA:170,1
DA:171,1
DA:173,1
DA:175,1
DA:184,0
DA:185,0
DA:186,0
DA:187,0
DA:188,0
DA:189,0
DA:191,0
DA:193,0
DA:195,0
DA:199,0
DA:200,0
DA:201,0
DA:202,0
DA:206,0
DA:208,0
DA:215,2
DA:216,2
DA:218,2
DA:219,1
DA:220,1
DA:221,1
DA:222,1
DA:224,1
DA:228,1
LF:97
LH:74
BRDA:8,0,0,6
BRDA:47,1,0,2
BRDA:47,1,1,0
BRDA:53,2,0,2
BRDA:53,2,1,0
BRDA:61,3,0,1
BRDA:61,3,1,1
BRDA:63,4,0,1
BRDA:63,4,1,0
BRDA:72,5,0,1
BRDA:72,5,1,0
BRDA:79,6,0,0
BRDA:79,6,1,0
BRDA:97,7,0,2
BRDA:97,7,1,0
BRDA:102,8,0,2
BRDA:102,8,1,0
BRDA:112,9,0,2
BRDA:112,9,1,0
BRDA:126,10,0,0
BRDA:126,10,1,2
BRDA:163,11,0,2
BRDA:163,11,1,0
BRDA:169,12,0,1
BRDA:169,12,1,0
BRDA:184,13,0,0
BRDA:184,13,1,0
BRDA:184,14,0,0
BRDA:184,14,1,0
BRDA:187,15,0,0
BRDA:187,15,1,0
BRDA:199,16,0,0
BRDA:199,16,1,0
BRDA:201,17,0,0
BRDA:201,17,1,0
BRDA:218,18,0,1
BRDA:218,18,1,1
BRF:37
BRH:15
end_of_record
TN:
SF:app/ParturitionService.js
FN:6,(anonymous_0)
FN:14,(anonymous_1)
FN:38,(anonymous_2)
FN:48,(anonymous_3)
FN:93,(anonymous_4)
FN:111,(anonymous_5)
FN:141,(anonymous_6)
FNF:7
FNH:7
FNDA:10,(anonymous_0)
FNDA:4,(anonymous_1)
FNDA:2,(anonymous_2)
FNDA:2,(anonymous_3)
FNDA:4,(anonymous_4)
FNDA:2,(anonymous_5)
FNDA:4,(anonymous_6)
DA:1,1
DA:2,1
DA:3,1
DA:7,10
DA:15,4
DA:16,4
DA:17,4
DA:19,4
DA:20,4
DA:22,3
DA:23,3
DA:24,2
DA:25,1
DA:27,2
DA:30,1
DA:39,2
DA:41,2
DA:43,2
DA:48,2
DA:49,2
DA:52,2
DA:54,2
DA:56,2
DA:57,2
DA:59,2
DA:60,2
DA:61,1
DA:64,2
DA:65,2
DA:68,2
DA:69,2
DA:71,1
DA:72,1
DA:75,1
DA:76,1
DA:78,1
DA:79,1
DA:80,1
DA:81,1
DA:83,1
DA:84,1
DA:86,1
DA:88,0
DA:89,0
DA:94,4
DA:95,4
DA:96,4
DA:98,3
DA:99,3
DA:102,2
DA:103,2
DA:105,1
DA:107,1
DA:112,2
DA:142,4
DA:143,4
DA:144,4
DA:145,4
DA:146,4
DA:150,1
LF:60
LH:58
BRDA:54,0,0,2
BRDA:54,0,1,0
BRDA:60,1,0,1
BRDA:60,1,1,1
BRDA:78,2,0,1
BRDA:78,2,1,0
BRDA:78,3,0,1
BRDA:78,3,1,1
BRDA:99,4,0,1
BRDA:99,4,1,2
BRDA:103,5,0,1
BRDA:103,5,1,1
BRDA:146,6,0,3
BRDA:146,6,1,1
BRF:14
BRH:12
end_of_record
TN:
SF:app/ToolDispatcher.js
FN:4,(anonymous_0)
FN:5,(anonymous_1)
FN:11,(anonymous_2)
FN:43,(anonymous_3)
FNF:4
FNH:4
FNDA:1,(anonymous_0)
FNDA:24,(anonymous_1)
FNDA:6,(anonymous_2)
FNDA:4,(anonymous_3)
DA:1,1
DA:5,1
DA:6,24
DA:7,24
DA:12,6
DA:13,6
DA:15,6
DA:16,1
DA:20,5
DA:21,5
DA:23,1
DA:27,4
DA:28,4
DA:29,3
DA:32,1
DA:33,1
DA:34,1
DA:35,0
DA:37,1
DA:39,0
DA:44,4
DA:45,4
DA:47,4
DA:48,4
DA:49,4
DA:50,1
DA:54,3
DA:55,4
DA:56,4
DA:59,0
DA:62,4
DA:63,4
DA:65,4
DA:66,0
DA:67,0
DA:69,4
DA:70,2
DA:74,1
DA:78,1
LF:39
LH:34
BRDA:15,0,0,1
BRDA:15,0,1,5
BRDA:28,1,0,3
BRDA:28,1,1,1
BRDA:34,2,0,0
BRDA:34,2,1,1
BRDA:45,3,0,0
BRDA:45,3,1,4
BRDA:45,4,0,4
BRDA:45,4,1,4
BRDA:47,5,0,4
BRDA:47,5,1,0
BRDA:49,6,0,1
BRDA:49,6,1,3
BRDA:56,7,0,0
BRDA:56,7,1,4
BRDA:62,8,0,0
BRDA:62,8,1,4
BRDA:65,9,0,0
BRDA:65,9,1,4
BRDA:66,10,0,0
BRDA:66,10,1,0
BRDA:69,11,0,2
BRDA:69,11,1,2
BRDA:69,12,0,4
BRDA:69,12,1,2
BRF:26
BRH:18
end_of_record
TN:
SF:app/Tools.js
FN:7,(anonymous_0)
FN:35,(anonymous_1)
FN:43,(anonymous_2)
FN:54,(anonymous_3)
FN:338,(anonymous_4)
FN:351,(anonymous_5)
FN:363,(anonymous_6)
FN:396,(anonymous_7)
FN:410,(anonymous_8)
FN:414,(anonymous_9)
FN:418,(anonymous_10)
FN:422,(anonymous_11)
FN:435,(anonymous_12)
FN:445,(anonymous_13)
FN:446,(anonymous_14)
FN:453,(anonymous_15)
FN:473,(anonymous_16)
FN:496,(anonymous_17)
FN:529,(anonymous_18)
FN:585,(anonymous_19)
FN:593,(anonymous_20)
FN:615,(anonymous_21)
FN:637,(anonymous_22)
FN:650,(anonymous_23)
FN:673,(anonymous_24)
FN:713,(anonymous_25)
FN:716,(anonymous_26)
FN:736,(anonymous_27)
FN:754,(anonymous_28)
FN:756,(anonymous_29)
FN:764,(anonymous_30)
FN:770,(anonymous_31)
FNF:32
FNH:27
FNDA:59,(anonymous_0)
FNDA:516,(anonymous_1)
FNDA:133,(anonymous_2)
FNDA:17,(anonymous_3)
FNDA:5,(anonymous_4)
FNDA:4,(anonymous_5)
FNDA:5,(anonymous_6)
FNDA:3,(anonymous_7)
FNDA:1,(anonymous_8)
FNDA:0,(anonymous_9)
FNDA:0,(anonymous_10)
FNDA:3,(anonymous_11)
FNDA:2,(anonymous_12)
FNDA:4,(anonymous_13)
FNDA:4,(anonymous_14)
FNDA:5,(anonymous_15)
FNDA:3,(anonymous_16)
FNDA:0,(anonymous_17)
FNDA:5,(anonymous_18)
FNDA:3,(anonymous_19)
FNDA:3,(anonymous_20)
FNDA:1,(anonymous_21)
FNDA:1,(anonymous_22)
FNDA:2,(anonymous_23)
FNDA:6,(anonymous_24)
FNDA:0,(anonymous_25)
FNDA:0,(anonymous_26)
FNDA:4,(anonymous_27)
FNDA:2,(anonymous_28)
FNDA:2,(anonymous_29)
FNDA:1,(anonymous_30)
FNDA:4,(anonymous_31)
DA:1,4
DA:2,4
DA:3,4
DA:5,4
DA:7,4
DA:8,59
DA:9,59
DA:10,59
DA:12,59
DA:13,2
DA:16,57
DA:17,57
DA:18,57
DA:31,57
DA:33,57
DA:35,516
DA:38,10
DA:41,47
DA:43,133
DA:46,8
DA:49,43
DA:50,41
DA:51,41
DA:52,41
DA:54,15
DA:55,17
DA:56,17
DA:58,14
DA:62,14
DA:63,13
DA:65,1
DA:69,2
DA:71,0
DA:75,4
DA:337,4
DA:339,5
DA:340,5
DA:341,1
DA:342,4
DA:343,4
DA:344,4
DA:345,3
DA:346,3
DA:348,1
DA:352,4
DA:353,4
DA:354,1
DA:355,3
DA:356,3
DA:357,3
DA:358,2
DA:360,0
DA:364,5
DA:379,5
DA:380,1
DA:383,4
DA:384,2
DA:385,1
DA:389,3
DA:390,0
DA:391,0
DA:392,0
DA:396,3
DA:397,3
DA:398,3
DA:399,3
DA:406,3
DA:407,3
DA:408,3
DA:410,3
DA:411,1
DA:414,3
DA:415,0
DA:418,3
DA:419,0
DA:422,3
DA:423,3
DA:424,3
DA:425,0
DA:427,3
DA:428,1
DA:430,2
DA:436,2
DA:437,2
DA:438,0
DA:439,2
DA:440,2
DA:441,2
DA:443,2
DA:444,2
DA:445,4
DA:446,4
DA:448,2
DA:450,0
DA:454,5
DA:455,5
DA:456,1
DA:457,4
DA:458,4
DA:459,4
DA:461,4
DA:462,4
DA:463,4
DA:464,4
DA:467,4
DA:468,4
DA:470,1
DA:473,3
DA:474,3
DA:475,3
DA:476,3
DA:478,3
DA:479,3
DA:480,3
DA:482,3
DA:483,3
DA:484,5
DA:485,5
DA:486,2
DA:487,2
DA:488,2
DA:496,3
DA:497,0
DA:498,0
DA:499,0
DA:501,0
DA:502,0
DA:503,0
DA:504,0
DA:505,0
DA:506,0
DA:507,0
DA:508,0
DA:513,3
DA:514,3
DA:515,3
DA:516,0
DA:517,0
DA:520,3
DA:521,3
DA:522,3
DA:524,3
DA:526,0
DA:530,5
DA:531,5
DA:532,5
DA:535,5
DA:536,0
DA:539,5
DA:543,1
DA:544,1
DA:545,1
DA:548,1
DA:549,1
DA:550,1
DA:553,2
DA:554,2
DA:555,2
DA:556,0
DA:558,2
DA:560,1
DA:563,4
DA:564,4
DA:565,4
DA:566,1
DA:569,4
DA:571,4
DA:572,1
DA:574,3
DA:576,3
DA:577,3
DA:579,3
DA:585,3
DA:586,3
DA:594,3
DA:595,3
DA:599,3
DA:600,1
DA:601,1
DA:603,0
DA:606,2
DA:612,0
DA:616,1
DA:617,1
DA:618,0
DA:619,1
DA:620,1
DA:621,1
DA:622,1
DA:623,1
DA:634,0
DA:638,1
DA:639,1
DA:640,0
DA:641,1
DA:642,1
DA:643,1
DA:644,1
DA:645,1
DA:647,0
DA:654,2
DA:655,2
DA:656,0
DA:657,2
DA:658,2
DA:659,2
DA:661,2
DA:662,2
DA:663,2
DA:665,2
DA:667,1
DA:668,1
DA:670,0
DA:674,6
DA:676,6
DA:677,6
DA:679,1
DA:682,5
DA:683,5
DA:684,5
DA:686,5
DA:687,3
DA:690,5
DA:691,5
DA:693,5
DA:694,5
DA:695,5
DA:697,5
DA:698,1
DA:701,4
DA:702,4
DA:704,4
DA:705,1
DA:708,4
DA:710,0
DA:714,0
DA:720,0
DA:721,0
DA:722,0
DA:723,0
DA:731,0
DA:733,0
DA:737,4
DA:738,4
DA:739,4
DA:742,3
DA:743,2
DA:745,2
DA:746,1
DA:748,1
DA:749,1
DA:750,1
DA:751,1
DA:752,1
DA:754,2
DA:756,2
DA:759,1
DA:761,1
DA:765,1
DA:770,4
DA:771,4
DA:772,4
DA:774,1
DA:775,1
DA:776,13
DA:777,8
DA:778,8
DA:779,8
DA:781,8
DA:782,4
DA:783,4
DA:784,4
DA:786,4
DA:787,4
DA:790,4
DA:791,4
DA:794,0
DA:802,4
DA:804,4
LF:279
LH:236
BRDA:7,0,0,0
BRDA:7,1,0,1
BRDA:12,2,0,2
BRDA:12,2,1,57
BRDA:33,3,0,10
BRDA:33,3,1,47
BRDA:35,4,0,516
BRDA:35,4,1,512
BRDA:41,5,0,8
BRDA:41,5,1,39
BRDA:43,6,0,133
BRDA:43,6,1,133
BRDA:46,7,0,4
BRDA:46,7,1,4
BRDA:49,8,0,41
BRDA:49,8,1,2
BRDA:49,9,0,43
BRDA:49,9,1,41
BRDA:51,10,0,0
BRDA:51,10,1,41
BRDA:52,11,0,26
BRDA:52,11,1,15
BRDA:56,12,0,3
BRDA:56,12,1,14
BRDA:58,13,0,14
BRDA:58,13,1,10
BRDA:58,13,2,1
BRDA:58,13,3,1
BRDA:62,14,0,13
BRDA:62,14,1,1
BRDA:340,15,0,1
BRDA:340,15,1,4
BRDA:340,16,0,5
BRDA:340,16,1,4
BRDA:353,17,0,1
BRDA:353,17,1,3
BRDA:357,18,0,1
BRDA:357,18,1,2
BRDA:363,19,0,2
BRDA:379,20,0,1
BRDA:379,20,1,4
BRDA:383,21,0,2
BRDA:383,21,1,2
BRDA:384,22,0,1
BRDA:384,22,1,1
BRDA:384,23,0,2
BRDA:384,23,1,1
BRDA:389,24,0,0
BRDA:389,24,1,3
BRDA:390,25,0,0
BRDA:390,25,1,0
BRDA:391,26,0,0
BRDA:391,26,1,0
BRDA:411,27,0,1
BRDA:411,27,1,0
BRDA:415,28,0,0
BRDA:415,28,1,0
BRDA:423,29,0,3
BRDA:423,29,1,2
BRDA:424,30,0,0
BRDA:424,30,1,3
BRDA:424,31,0,3
BRDA:424,31,1,3
BRDA:427,32,0,1
BRDA:427,32,1,2
BRDA:430,33,0,2
BRDA:430,33,1,1
BRDA:435,34,0,0
BRDA:437,35,0,0
BRDA:437,35,1,2
BRDA:441,36,0,0
BRDA:441,36,1,2
BRDA:446,37,0,1
BRDA:446,37,1,3
BRDA:448,38,0,2
BRDA:448,38,1,0
BRDA:453,39,0,0
BRDA:453,40,0,5
BRDA:455,41,0,1
BRDA:455,41,1,4
BRDA:459,42,0,0
BRDA:459,42,1,4
BRDA:474,43,0,0
BRDA:474,43,1,3
BRDA:475,44,0,0
BRDA:475,44,1,3
BRDA:476,45,0,0
BRDA:476,45,1,3
BRDA:480,46,0,0
BRDA:480,46,1,3
BRDA:484,47,0,0
BRDA:484,47,1,5
BRDA:485,48,0,2
BRDA:485,48,1,3
BRDA:488,49,0,0
BRDA:488,49,1,2
BRDA:497,50,0,0
BRDA:497,50,1,0
BRDA:498,51,0,0
BRDA:498,51,1,0
BRDA:499,52,0,0
BRDA:499,52,1,0
BRDA:504,53,0,0
BRDA:504,53,1,0
BRDA:505,54,0,0
BRDA:505,54,1,0
BRDA:505,55,0,0
BRDA:505,55,1,0
BRDA:507,56,0,0
BRDA:507,56,1,0
BRDA:514,57,0,3
BRDA:514,57,1,0
BRDA:516,58,0,0
BRDA:516,58,1,0
BRDA:521,59,0,0
BRDA:521,59,1,3
BRDA:522,60,0,0
BRDA:522,60,1,3
BRDA:524,61,0,3
BRDA:524,61,1,1
BRDA:535,62,0,0
BRDA:535,62,1,5
BRDA:535,63,0,5
BRDA:535,63,1,0
BRDA:539,64,0,1
BRDA:539,64,1,1
BRDA:539,64,2,1
BRDA:539,64,3,1
BRDA:539,64,4,1
BRDA:539,64,5,2
BRDA:539,64,6,2
BRDA:539,64,7,1
BRDA:549,65,0,0
BRDA:549,65,1,1
BRDA:555,66,0,0
BRDA:555,66,1,2
BRDA:565,67,0,1
BRDA:565,67,1,3
BRDA:571,68,0,1
BRDA:571,68,1,3
BRDA:577,69,0,3
BRDA:577,69,1,0
BRDA:579,70,0,2
BRDA:579,70,1,1
BRDA:579,71,0,3
BRDA:579,71,1,2
BRDA:579,71,2,1
BRDA:599,72,0,1
BRDA:599,72,1,2
BRDA:600,73,0,1
BRDA:600,73,1,0
BRDA:606,74,0,2
BRDA:606,74,1,0
BRDA:606,74,2,0
BRDA:617,75,0,0
BRDA:617,75,1,1
BRDA:621,76,0,0
BRDA:621,76,1,1
BRDA:639,77,0,0
BRDA:639,77,1,1
BRDA:639,78,0,1
BRDA:639,78,1,1
BRDA:643,79,0,0
BRDA:643,79,1,1
BRDA:655,80,0,0
BRDA:655,80,1,2
BRDA:655,81,0,2
BRDA:655,81,1,2
BRDA:659,82,0,0
BRDA:659,82,1,2
BRDA:665,83,0,1
BRDA:665,83,1,1
BRDA:677,84,0,6
BRDA:677,84,1,0
BRDA:682,85,0,5
BRDA:682,85,1,4
BRDA:683,86,0,1
BRDA:683,86,1,4
BRDA:686,87,0,3
BRDA:686,87,1,2
BRDA:691,88,0,0
BRDA:691,88,1,5
BRDA:697,89,0,1
BRDA:697,89,1,4
BRDA:697,90,0,5
BRDA:697,90,1,2
BRDA:704,91,0,1
BRDA:704,91,1,3
BRDA:714,92,0,0
BRDA:714,92,1,0
BRDA:725,93,0,0
BRDA:725,93,1,0
BRDA:726,94,0,0
BRDA:726,94,1,0
BRDA:726,95,0,0
BRDA:726,95,1,0
BRDA:738,96,0,0
BRDA:738,96,1,4
BRDA:742,97,0,1
BRDA:742,97,1,2
BRDA:745,98,0,1
BRDA:745,98,1,1
BRDA:745,99,0,2
BRDA:745,99,1,1
BRDA:745,99,2,1
BRDA:749,100,0,1
BRDA:749,100,1,0
BRDA:751,101,0,1
BRDA:751,101,1,0
BRDA:754,102,0,2
BRDA:754,102,1,2
BRDA:772,103,0,3
BRDA:772,103,1,1
BRDA:776,104,0,8
BRDA:776,104,1,5
BRDA:781,105,0,4
BRDA:781,105,1,4
BRDA:786,106,0,4
BRDA:786,106,1,0
BRDA:786,107,0,4
BRDA:786,107,1,4
BRDA:790,108,0,4
BRDA:790,108,1,0
BRF:223
BRH:152
end_of_record
TN:
SF:app/Utils.js
FN:11,(anonymous_0)
FN:22,(anonymous_1)
FN:40,(anonymous_2)
FN:46,(anonymous_3)
FN:51,(anonymous_4)
FN:62,(anonymous_5)
FN:79,(anonymous_6)
FN:82,(anonymous_7)
FN:86,(anonymous_8)
FN:110,(anonymous_9)
FN:135,(anonymous_10)
FN:140,(anonymous_11)
FNF:12
FNH:12
FNDA:3,(anonymous_0)
FNDA:4,(anonymous_1)
FNDA:7,(anonymous_2)
FNDA:5,(anonymous_3)
FNDA:4,(anonymous_4)
FNDA:3,(anonymous_5)
FNDA:2,(anonymous_6)
FNDA:1,(anonymous_7)
FNDA:3,(anonymous_8)
FNDA:3,(anonymous_9)
FNDA:2,(anonymous_10)
FNDA:1,(anonymous_11)
DA:1,4
DA:2,4
DA:3,4
DA:5,4
DA:6,4
DA:8,4
DA:9,4
DA:11,4
DA:12,3
DA:13,2
DA:14,2
DA:15,2
DA:16,2
DA:17,2
DA:18,2
DA:19,2
DA:22,4
DA:23,4
DA:24,3
DA:25,3
DA:26,3
DA:27,3
DA:28,2
DA:29,2
DA:30,2
DA:31,2
DA:32,2
DA:33,2
DA:34,1
DA:36,2
DA:40,4
DA:41,7
DA:42,7
DA:44,5
DA:45,5
DA:46,5
DA:48,5
DA:51,4
DA:52,4
DA:55,4
DA:57,4
DA:58,1
DA:62,3
DA:63,3
DA:66,3
DA:71,3
DA:76,3
DA:77,3
DA:79,3
DA:80,2
DA:82,3
DA:83,1
DA:86,3
DA:87,3
DA:88,1
DA:89,1
DA:90,1
DA:92,0
DA:94,1
DA:97,2
DA:98,2
DA:99,2
DA:101,0
DA:105,3
DA:106,3
DA:110,4
DA:111,3
DA:112,3
DA:113,3
DA:115,3
DA:116,2
DA:122,1
DA:135,4
DA:136,2
DA:137,2
DA:140,2
DA:141,1
DA:142,1
DA:143,1
DA:144,1
DA:148,2
DA:152,2
DA:153,2
DA:155,2
DA:158,4
LF:85
LH:83
BRDA:12,0,0,1
BRDA:12,0,1,2
BRDA:23,1,0,1
BRDA:23,1,1,3
BRDA:27,2,0,1
BRDA:27,2,1,2
BRDA:27,3,0,3
BRDA:27,3,1,3
BRDA:27,3,2,3
BRDA:42,4,0,2
BRDA:42,4,1,5
BRDA:48,5,0,5
BRDA:48,5,1,0
BRDA:51,6,0,4
BRDA:52,7,0,4
BRDA:52,7,1,0
BRDA:57,8,0,1
BRDA:57,8,1,3
BRDA:87,9,0,1
BRDA:87,9,1,2
BRDA:111,10,0,3
BRDA:111,10,1,0
BRDA:115,11,0,2
BRDA:115,11,1,1
BRDA:115,12,0,3
BRDA:115,12,1,2
BRDA:135,13,0,1
BRDA:136,14,0,0
BRDA:136,14,1,2
BRDA:137,15,0,2
BRDA:137,15,1,0
BRDA:141,16,0,0
BRDA:141,16,1,1
BRF:33
BRH:27
end_of_record
